{"meta": {"format": 3, "version": "7.16.0", "timestamp": "2026-09-13T02:35:07.102115", "branch_coverage": false, "show_contexts": false}, "files": {"backend\\app\\__init__.py": {"executed_lines": [], "summary": {"covered_lines": 0, "num_statements": 0, "percent_covered": 100.0, "percent_covered_display": "100", "missing_lines": 0, "excluded_lines": 0, "percent_statements_covered": 100.0, "percent_statements_covered_display": "100"}, "missing_lines": [], "excluded_lines": [], "functions": {"": {"executed_lines": [], "summary": {"covered_lines": 0, "num_statements": 0, "percent_covered": 100.0, "percent_covered_display": "100", "missing_lines": 0, "excluded_lines": 0, "percent_statements_covered": 100.0, "percent_statements_covered_display": "100"}, "missing_lines": [], "excluded_lines": [], "start_line": 1}}, "classes": {"": {"executed_lines": [], "summary": {"covered_lines": 0, "num_statements": 0, "percent_covered": 100.0, "percent_covered_display": "100", "missing_lines": 0, "excluded_lines": 0, "percent_statements_covered": 100.0, "percent_statements_covered_display": "100"}, "missing_lines": [], "excluded_lines": [], "start_line": 1}}}, "backend\\app\\agent\\__init__.py": {"executed_lines": [], "summary": {"covered_lines": 0, "num_statements": 0, "percent_covered": 100.0, "percent_covered_display": "100", "missing_lines": 0, "excluded_lines": 0, "percent_statements_covered": 100.0, "percent_statements_covered_display": "100"}, "missing_lines": [], "excluded_lines": [], "functions": {"": {"executed_lines": [], "summary": {"covered_lines": 0, "num_statements": 0, "percent_covered": 100.0, "percent_covered_display": "100", "missing_lines": 0, "excluded_lines": 0, "percent_statements_covered": 100.0, "percent_statements_covered_display": "100"}, "missing_lines": [], "excluded_lines": [], "start_line": 1}}, "classes": {"": {"executed_lines": [], "summary": {"covered_lines": 0, "num_statements": 0, "percent_covered": 100.0, "percent_covered_display": "100", "missing_lines": 0, "excluded_lines": 0, "percent_statements_covered": 100.0, "percent_statements_covered_display": "100"}, "missing_lines": [], "excluded_lines": [], "start_line": 1}}}, "backend\\app\\agent\\cast_writer.py": {"executed_lines": [11, 13, 14, 15, 17, 18, 19, 27, 28, 30, 33, 44, 50, 51, 54, 57, 58, 59, 62, 63, 64, 65, 66, 67, 70, 73, 75, 80, 87, 88, 94, 95, 101, 112, 113, 117, 178, 187, 188, 189, 196, 199, 200, 204, 206, 207, 210, 211, 212, 214, 217, 218, 223, 224, 227, 232, 240, 244, 251, 252, 254], "summary": {"covered_lines": 61, "num_statements": 122, "percent_covered": 50.0, "percent_covered_display": "50", "missing_lines": 61, "excluded_lines": 0, "percent_statements_covered": 50.0, "percent_statements_covered_display": "50"}, "missing_lines": [68, 69, 77, 78, 82, 83, 84, 85, 89, 90, 91, 92, 96, 97, 98, 99, 118, 120, 122, 123, 124, 125, 128, 131, 132, 135, 140, 141, 144, 146, 147, 153, 154, 155, 157, 158, 159, 160, 161, 172, 173, 174, 201, 202, 208, 219, 220, 225, 226, 228, 229, 233, 234, 235, 236, 237, 238, 241, 242, 256, 257], "excluded_lines": [], "functions": {"CastWriter.__init__": {"executed_lines": [50, 51, 54, 57, 58, 59, 62, 63, 64, 65, 66, 67, 70, 73], "summary": {"covered_lines": 14, "num_statements": 16, "percent_covered": 87.5, "percent_covered_display": "88", "missing_lines": 2, "excluded_lines": 0, "percent_statements_covered": 87.5, "percent_statements_covered_display": "88"}, "missing_lines": [68, 69], "excluded_lines": [], "start_line": 44}, "CastWriter._next_formal_id": {"executed_lines": [], "summary": {"covered_lines": 0, "num_statements": 2, "percent_covered": 0.0, "percent_covered_display": "0", "missing_lines": 2, "excluded_lines": 0, "percent_statements_covered": 0.0, "percent_statements_covered_display": "0"}, "missing_lines": [77, 78], "excluded_lines": [], "start_line": 75}, "CastWriter._find_by_canonical_name": {"executed_lines": [], "summary": {"covered_lines": 0, "num_statements": 4, "percent_covered": 0.0, "percent_covered_display": "0", "missing_lines": 4, "excluded_lines": 0, "percent_statements_covered": 0.0, "percent_statements_covered_display": "0"}, "missing_lines": [82, 83, 84, 85], "excluded_lines": [], "start_line": 80}, "CastWriter._parse_gender": {"executed_lines": [], "summary": {"covered_lines": 0, "num_statements": 4, "percent_covered": 0.0, "percent_covered_display": "0", "missing_lines": 4, "excluded_lines": 0, "percent_statements_covered": 0.0, "percent_statements_covered_display": "0"}, "missing_lines": [89, 90, 91, 92], "excluded_lines": [], "start_line": 88}, "CastWriter._parse_importance": {"executed_lines": [], "summary": {"covered_lines": 0, "num_statements": 4, "percent_covered": 0.0, "percent_covered_display": "0", "missing_lines": 4, "excluded_lines": 0, "percent_statements_covered": 0.0, "percent_statements_covered_display": "0"}, "missing_lines": [96, 97, 98, 99], "excluded_lines": [], "start_line": 95}, "CastWriter.apply": {"executed_lines": [112, 113, 117], "summary": {"covered_lines": 3, "num_statements": 29, "percent_covered": 10.344827586206897, "percent_covered_display": "10", "missing_lines": 26, "excluded_lines": 0, "percent_statements_covered": 10.344827586206897, "percent_statements_covered_display": "10"}, "missing_lines": [118, 120, 122, 123, 124, 125, 128, 131, 132, 135, 140, 141, 144, 146, 147, 153, 154, 155, 157, 158, 159, 160, 161, 172, 173, 174], "excluded_lines": [], "start_line": 101}, "CastWriter.finalize": {"executed_lines": [187, 188, 189, 196, 199, 200], "summary": {"covered_lines": 6, "num_statements": 8, "percent_covered": 75.0, "percent_covered_display": "75", "missing_lines": 2, "excluded_lines": 0, "percent_statements_covered": 75.0, "percent_statements_covered_display": "75"}, "missing_lines": [201, 202], "excluded_lines": [], "start_line": 178}, "CastWriter._rewrite_ledgers": {"executed_lines": [206, 207, 210, 211, 212, 214, 217, 218, 223, 224, 227, 232, 240], "summary": {"covered_lines": 13, "num_statements": 28, "percent_covered": 46.42857142857143, "percent_covered_display": "46", "missing_lines": 15, "excluded_lines": 0, "percent_statements_covered": 46.42857142857143, "percent_statements_covered_display": "46"}, "missing_lines": [208, 219, 220, 225, 226, 228, 229, 233, 234, 235, 236, 237, 238, 241, 242], "excluded_lines": [], "start_line": 204}, "CastWriter._detect_conflicts": {"executed_lines": [251, 252], "summary": {"covered_lines": 2, "num_statements": 2, "percent_covered": 100.0, "percent_covered_display": "100", "missing_lines": 0, "excluded_lines": 0, "percent_statements_covered": 100.0, "percent_statements_covered_display": "100"}, "missing_lines": [], "excluded_lines": [], "start_line": 244}, "CastWriter._write_merge_queue": {"executed_lines": [], "summary": {"covered_lines": 0, "num_statements": 2, "percent_covered": 0.0, "percent_covered_display": "0", "missing_lines": 2, "excluded_lines": 0, "percent_statements_covered": 0.0, "percent_statements_covered_display": "0"}, "missing_lines": [256, 257], "excluded_lines": [], "start_line": 254}, "": {"executed_lines": [11, 13, 14, 15, 17, 18, 19, 27, 28, 30, 33, 44, 75, 80, 87, 88, 94, 95, 101, 178, 204, 244, 254], "summary": {"covered_lines": 23, "num_statements": 23, "percent_covered": 100.0, "percent_covered_display": "100", "missing_lines": 0, "excluded_lines": 0, "percent_statements_covered": 100.0, "percent_statements_covered_display": "100"}, "missing_lines": [], "excluded_lines": [], "start_line": 1}}, "classes": {"CastWriter": {"executed_lines": [50, 51, 54, 57, 58, 59, 62, 63, 64, 65, 66, 67, 70, 73, 112, 113, 117, 187, 188, 189, 196, 199, 200, 206, 207, 210, 211, 212, 214, 217, 218, 223, 224, 227, 232, 240, 251, 252], "summary": {"covered_lines": 38, "num_statements": 99, "percent_covered": 38.38383838383838, "percent_covered_display": "38", "missing_lines": 61, "excluded_lines": 0, "percent_statements_covered": 38.38383838383838, "percent_statements_covered_display": "38"}, "missing_lines": [68, 69, 77, 78, 82, 83, 84, 85, 89, 90, 91, 92, 96, 97, 98, 99, 118, 120, 122, 123, 124, 125, 128, 131, 132, 135, 140, 141, 144, 146, 147, 153, 154, 155, 157, 158, 159, 160, 161, 172, 173, 174, 201, 202, 208, 219, 220, 225, 226, 228, 229, 233, 234, 235, 236, 237, 238, 241, 242, 256, 257], "excluded_lines": [], "start_line": 33}, "": {"executed_lines": [11, 13, 14, 15, 17, 18, 19, 27, 28, 30, 33, 44, 75, 80, 87, 88, 94, 95, 101, 178, 204, 244, 254], "summary": {"covered_lines": 23, "num_statements": 23, "percent_covered": 100.0, "percent_covered_display": "100", "missing_lines": 0, "excluded_lines": 0, "percent_statements_covered": 100.0, "percent_statements_covered_display": "100"}, "missing_lines": [], "excluded_lines": [], "start_line": 1}}}, "backend\\app\\agent\\chapter_agent.py": {"executed_lines": [14, 16, 17, 18, 19, 20, 21, 23, 25, 26, 31, 32, 33, 34, 35, 36, 38, 40, 48, 49, 52, 53, 54, 55, 56, 57, 58, 59, 62, 77, 78, 80, 81, 84, 106, 107, 110, 111, 112, 121, 124, 127, 130, 133, 139, 140, 141, 142, 145, 146, 149, 155, 156, 157, 158, 159, 160, 162, 163, 172, 175, 176, 177, 193, 194, 196, 199, 200, 201, 208, 209, 210, 211, 212, 213, 214, 221, 223, 224, 225, 226, 227, 229, 230, 231, 232, 233, 236, 237, 238, 247, 248, 249, 251, 255, 256, 261, 262, 269, 270, 271, 272, 273, 279, 285, 286, 288, 298, 299, 302, 316, 323, 324, 326, 327, 329, 330, 331, 332, 333, 334, 335, 337, 349, 350, 352, 353, 364, 367, 369, 370, 378, 379, 381], "summary": {"covered_lines": 134, "num_statements": 159, "percent_covered": 84.27672955974843, "percent_covered_display": "84", "missing_lines": 25, "excluded_lines": 0, "percent_statements_covered": 84.27672955974843, "percent_statements_covered_display": "84"}, "missing_lines": [164, 165, 184, 185, 186, 239, 240, 257, 263, 264, 303, 304, 305, 306, 307, 317, 325, 371, 372, 373, 374, 375, 376, 377, 380], "excluded_lines": [], "functions": {"_calc_max_steps": {"executed_lines": [77, 78, 80, 81], "summary": {"covered_lines": 4, "num_statements": 4, "percent_covered": 100.0, "percent_covered_display": "100", "missing_lines": 0, "excluded_lines": 0, "percent_statements_covered": 100.0, "percent_statements_covered_display": "100"}, "missing_lines": [], "excluded_lines": [], "start_line": 62}, "run_chapter_agent": {"executed_lines": [106, 107, 110, 111, 112, 121, 124, 127, 130, 133, 139, 140, 141, 142, 145, 146, 149, 155, 156, 157, 158, 159, 160, 162, 163, 172, 175, 176, 177, 193, 194, 196, 199, 200, 201, 208, 209, 210, 211, 212, 213, 214, 221, 223, 224, 225, 226, 227, 229, 230, 231, 232, 233, 236, 237, 238, 247, 248, 249, 251, 255, 256, 261, 262, 269, 270, 271, 272, 273, 279, 285, 286, 288, 298, 299, 302, 316, 323, 324, 326, 327, 329, 330, 331, 332, 333, 334, 335, 337, 349, 350, 352, 353, 364], "summary": {"covered_lines": 94, "num_statements": 111, "percent_covered": 84.68468468468468, "percent_covered_display": "85", "missing_lines": 17, "excluded_lines": 0, "percent_statements_covered": 84.68468468468468, "percent_statements_covered_display": "85"}, "missing_lines": [164, 165, 184, 185, 186, 239, 240, 257, 263, 264, 303, 304, 305, 306, 307, 317, 325], "excluded_lines": [], "start_line": 84}, "_summary_from_ai": {"executed_lines": [369, 370, 378, 379, 381], "summary": {"covered_lines": 5, "num_statements": 13, "percent_covered": 38.46153846153846, "percent_covered_display": "38", "missing_lines": 8, "excluded_lines": 0, "percent_statements_covered": 38.46153846153846, "percent_statements_covered_display": "38"}, "missing_lines": [371, 372, 373, 374, 375, 376, 377, 380], "excluded_lines": [], "start_line": 367}, "": {"executed_lines": [14, 16, 17, 18, 19, 20, 21, 23, 25, 26, 31, 32, 33, 34, 35, 36, 38, 40, 48, 49, 52, 53, 54, 55, 56, 57, 58, 59, 62, 84, 367], "summary": {"covered_lines": 31, "num_statements": 31, "percent_covered": 100.0, "percent_covered_display": "100", "missing_lines": 0, "excluded_lines": 0, "percent_statements_covered": 100.0, "percent_statements_covered_display": "100"}, "missing_lines": [], "excluded_lines": [], "start_line": 1}}, "classes": {"AgentResult": {"executed_lines": [], "summary": {"covered_lines": 0, "num_statements": 0, "percent_covered": 100.0, "percent_covered_display": "100", "missing_lines": 0, "excluded_lines": 0, "percent_statements_covered": 100.0, "percent_statements_covered_display": "100"}, "missing_lines": [], "excluded_lines": [], "start_line": 49}, "": {"executed_lines": [14, 16, 17, 18, 19, 20, 21, 23, 25, 26, 31, 32, 33, 34, 35, 36, 38, 40, 48, 49, 52, 53, 54, 55, 56, 57, 58, 59, 62, 77, 78, 80, 81, 84, 106, 107, 110, 111, 112, 121, 124, 127, 130, 133, 139, 140, 141, 142, 145, 146, 149, 155, 156, 157, 158, 159, 160, 162, 163, 172, 175, 176, 177, 193, 194, 196, 199, 200, 201, 208, 209, 210, 211, 212, 213, 214, 221, 223, 224, 225, 226, 227, 229, 230, 231, 232, 233, 236, 237, 238, 247, 248, 249, 251, 255, 256, 261, 262, 269, 270, 271, 272, 273, 279, 285, 286, 288, 298, 299, 302, 316, 323, 324, 326, 327, 329, 330, 331, 332, 333, 334, 335, 337, 349, 350, 352, 353, 364, 367, 369, 370, 378, 379, 381], "summary": {"covered_lines": 134, "num_statements": 159, "percent_covered": 84.27672955974843, "percent_covered_display": "84", "missing_lines": 25, "excluded_lines": 0, "percent_statements_covered": 84.27672955974843, "percent_statements_covered_display": "84"}, "missing_lines": [164, 165, 184, 185, 186, 239, 240, 257, 263, 264, 303, 304, 305, 306, 307, 317, 325, 371, 372, 373, 374, 375, 376, 377, 380], "excluded_lines": [], "start_line": 1}}}, "backend\\app\\agent\\faction_writer.py": {"executed_lines": [14, 16, 17, 18, 19, 21, 23, 24, 25, 26, 27, 28, 29, 30, 31, 32, 33, 35, 37, 40, 41, 44, 45, 46, 47, 50, 205], "summary": {"covered_lines": 27, "num_statements": 103, "percent_covered": 26.21359223300971, "percent_covered_display": "26", "missing_lines": 76, "excluded_lines": 0, "percent_statements_covered": 26.21359223300971, "percent_statements_covered_display": "26"}, "missing_lines": [72, 73, 74, 76, 77, 79, 88, 94, 95, 97, 98, 100, 116, 117, 118, 119, 121, 122, 123, 124, 125, 126, 128, 129, 130, 134, 135, 136, 141, 142, 143, 145, 146, 147, 152, 154, 155, 156, 157, 158, 159, 160, 161, 163, 164, 165, 166, 168, 169, 171, 172, 174, 182, 183, 185, 186, 187, 193, 202, 219, 221, 222, 224, 225, 226, 229, 233, 238, 239, 240, 241, 242, 243, 244, 245, 252], "excluded_lines": [], "functions": {"run_faction_agent": {"executed_lines": [], "summary": {"covered_lines": 0, "num_statements": 59, "percent_covered": 0.0, "percent_covered_display": "0", "missing_lines": 59, "excluded_lines": 0, "percent_statements_covered": 0.0, "percent_statements_covered_display": "0"}, "missing_lines": [72, 73, 74, 76, 77, 79, 88, 94, 95, 97, 98, 100, 116, 117, 118, 119, 121, 122, 123, 124, 125, 126, 128, 129, 130, 134, 135, 136, 141, 142, 143, 145, 146, 147, 152, 154, 155, 156, 157, 158, 159, 160, 161, 163, 164, 165, 166, 168, 169, 171, 172, 174, 182, 183, 185, 186, 187, 193, 202], "excluded_lines": [], "start_line": 50}, "extract_factions": {"executed_lines": [], "summary": {"covered_lines": 0, "num_statements": 17, "percent_covered": 0.0, "percent_covered_display": "0", "missing_lines": 17, "excluded_lines": 0, "percent_statements_covered": 0.0, "percent_statements_covered_display": "0"}, "missing_lines": [219, 221, 222, 224, 225, 226, 229, 233, 238, 239, 240, 241, 242, 243, 244, 245, 252], "excluded_lines": [], "start_line": 205}, "": {"executed_lines": [14, 16, 17, 18, 19, 21, 23, 24, 25, 26, 27, 28, 29, 30, 31, 32, 33, 35, 37, 40, 41, 44, 45, 46, 47, 50, 205], "summary": {"covered_lines": 27, "num_statements": 27, "percent_covered": 100.0, "percent_covered_display": "100", "missing_lines": 0, "excluded_lines": 0, "percent_statements_covered": 100.0, "percent_statements_covered_display": "100"}, "missing_lines": [], "excluded_lines": [], "start_line": 1}}, "classes": {"FactionResult": {"executed_lines": [], "summary": {"covered_lines": 0, "num_statements": 0, "percent_covered": 100.0, "percent_covered_display": "100", "missing_lines": 0, "excluded_lines": 0, "percent_statements_covered": 100.0, "percent_statements_covered_display": "100"}, "missing_lines": [], "excluded_lines": [], "start_line": 41}, "": {"executed_lines": [14, 16, 17, 18, 19, 21, 23, 24, 25, 26, 27, 28, 29, 30, 31, 32, 33, 35, 37, 40, 41, 44, 45, 46, 47, 50, 205], "summary": {"covered_lines": 27, "num_statements": 103, "percent_covered": 26.21359223300971, "percent_covered_display": "26", "missing_lines": 76, "excluded_lines": 0, "percent_statements_covered": 26.21359223300971, "percent_statements_covered_display": "26"}, "missing_lines": [72, 73, 74, 76, 77, 79, 88, 94, 95, 97, 98, 100, 116, 117, 118, 119, 121, 122, 123, 124, 125, 126, 128, 129, 130, 134, 135, 136, 141, 142, 143, 145, 146, 147, 152, 154, 155, 156, 157, 158, 159, 160, 161, 163, 164, 165, 166, 168, 169, 171, 172, 174, 182, 183, 185, 186, 187, 193, 202, 219, 221, 222, 224, 225, 226, 229, 233, 238, 239, 240, 241, 242, 243, 244, 245, 252], "excluded_lines": [], "start_line": 1}}}, "backend\\app\\agent\\llm.py": {"executed_lines": [2, 4, 5, 6, 7, 8, 10, 12, 13, 14, 16, 19, 23, 27, 29, 31, 32, 33, 34, 35, 36, 37, 38, 41, 43, 44, 45, 48, 49, 52, 54, 55, 56, 57, 58, 59, 60, 65, 68, 69, 70, 74, 77, 78, 80, 81, 86, 89, 92, 93, 96, 97, 98, 99, 100, 101, 102, 103, 104, 105, 106, 107, 108, 109, 110, 111, 112, 113, 114, 116, 117, 124, 141, 142, 143, 145, 146, 147, 148, 149, 150, 152, 153, 162, 163, 164, 166, 167, 171, 175, 176, 177, 181, 182, 183, 184, 185, 186, 187, 192, 194, 195, 196, 197, 198, 199, 200, 201, 202, 203, 204, 205, 211, 212, 215, 225, 226, 227, 228, 229, 230, 231, 232, 233, 234, 235, 237, 238, 239, 242, 243, 244, 252, 253, 254, 258, 259, 264, 265, 266, 267, 269, 271, 272, 273, 274, 278, 279, 280, 281, 287, 288, 289, 290, 292, 295, 305, 306, 308, 309, 310, 314, 315, 316, 317, 328, 329, 330, 333, 334, 339, 342], "summary": {"covered_lines": 172, "num_statements": 209, "percent_covered": 82.29665071770334, "percent_covered_display": "82", "missing_lines": 37, "excluded_lines": 0, "percent_statements_covered": 82.29665071770334, "percent_statements_covered_display": "82"}, "missing_lines": [30, 46, 47, 61, 62, 63, 64, 79, 165, 168, 169, 170, 172, 173, 174, 178, 179, 180, 268, 270, 282, 284, 285, 291, 307, 343, 344, 345, 346, 347, 348, 349, 350, 351, 352, 353, 354], "excluded_lines": [], "functions": {"_usage_from_response": {"executed_lines": [29, 31, 32, 33, 34, 35, 36, 37, 38], "summary": {"covered_lines": 9, "num_statements": 10, "percent_covered": 90.0, "percent_covered_display": "90", "missing_lines": 1, "excluded_lines": 0, "percent_statements_covered": 90.0, "percent_statements_covered_display": "90"}, "missing_lines": [30], "excluded_lines": [], "start_line": 27}, "structured_parsed": {"executed_lines": [43, 44, 45, 48, 49], "summary": {"covered_lines": 5, "num_statements": 7, "percent_covered": 71.42857142857143, "percent_covered_display": "71", "missing_lines": 2, "excluded_lines": 0, "percent_statements_covered": 71.42857142857143, "percent_statements_covered_display": "71"}, "missing_lines": [46, 47], "excluded_lines": [], "start_line": 41}, "_message_chars": {"executed_lines": [54, 55, 56, 57, 58, 59, 60, 65], "summary": {"covered_lines": 8, "num_statements": 12, "percent_covered": 66.66666666666667, "percent_covered_display": "67", "missing_lines": 4, "excluded_lines": 0, "percent_statements_covered": 66.66666666666667, "percent_statements_covered_display": "67"}, "missing_lines": [61, 62, 63, 64], "excluded_lines": [], "start_line": 52}, "is_quota_or_budget_error": {"executed_lines": [69, 70, 74], "summary": {"covered_lines": 3, "num_statements": 3, "percent_covered": 100.0, "percent_covered_display": "100", "missing_lines": 0, "excluded_lines": 0, "percent_statements_covered": 100.0, "percent_statements_covered_display": "100"}, "missing_lines": [], "excluded_lines": [], "start_line": 68}, "is_retryable_llm_error": {"executed_lines": [78, 80, 81, 86], "summary": {"covered_lines": 4, "num_statements": 5, "percent_covered": 80.0, "percent_covered_display": "80", "missing_lines": 1, "excluded_lines": 0, "percent_statements_covered": 80.0, "percent_statements_covered_display": "80"}, "missing_lines": [79], "excluded_lines": [], "start_line": 77}, "LLMControl.from_settings": {"executed_lines": [124], "summary": {"covered_lines": 1, "num_statements": 1, "percent_covered": 100.0, "percent_covered_display": "100", "missing_lines": 0, "excluded_lines": 0, "percent_statements_covered": 100.0, "percent_statements_covered_display": "100"}, "missing_lines": [], "excluded_lines": [], "start_line": 117}, "LLMControl.emit": {"executed_lines": [142, 143], "summary": {"covered_lines": 2, "num_statements": 2, "percent_covered": 100.0, "percent_covered_display": "100", "missing_lines": 0, "excluded_lines": 0, "percent_statements_covered": 100.0, "percent_statements_covered_display": "100"}, "missing_lines": [], "excluded_lines": [], "start_line": 141}, "LLMControl.stop": {"executed_lines": [146, 147, 148, 149, 150], "summary": {"covered_lines": 5, "num_statements": 5, "percent_covered": 100.0, "percent_covered_display": "100", "missing_lines": 0, "excluded_lines": 0, "percent_statements_covered": 100.0, "percent_statements_covered_display": "100"}, "missing_lines": [], "excluded_lines": [], "start_line": 145}, "LLMControl.snapshot": {"executed_lines": [153], "summary": {"covered_lines": 1, "num_statements": 1, "percent_covered": 100.0, "percent_covered_display": "100", "missing_lines": 0, "excluded_lines": 0, "percent_statements_covered": 100.0, "percent_statements_covered_display": "100"}, "missing_lines": [], "excluded_lines": [], "start_line": 152}, "LLMControl.reserve": {"executed_lines": [163, 164, 166, 167, 171, 175, 176, 177, 181, 182, 183, 184, 185, 186, 187, 192], "summary": {"covered_lines": 16, "num_statements": 26, "percent_covered": 61.53846153846154, "percent_covered_display": "62", "missing_lines": 10, "excluded_lines": 0, "percent_statements_covered": 61.53846153846154, "percent_statements_covered_display": "62"}, "missing_lines": [165, 168, 169, 170, 172, 173, 174, 178, 179, 180], "excluded_lines": [], "start_line": 162}, "LLMControl.record_response": {"executed_lines": [195, 196, 197, 198, 199, 200, 201, 202, 203, 204, 205, 211, 212], "summary": {"covered_lines": 13, "num_statements": 13, "percent_covered": 100.0, "percent_covered_display": "100", "missing_lines": 0, "excluded_lines": 0, "percent_statements_covered": 100.0, "percent_statements_covered_display": "100"}, "missing_lines": [], "excluded_lines": [], "start_line": 194}, "invoke_controlled": {"executed_lines": [225, 226, 227, 228, 229, 230, 231, 232, 233, 234, 235, 237, 238, 239, 242, 243, 244, 252, 253, 254, 258, 259, 264, 265, 266, 267, 269, 271, 272, 273, 274, 278, 279, 280, 281, 287, 288, 289, 290, 292], "summary": {"covered_lines": 40, "num_statements": 46, "percent_covered": 86.95652173913044, "percent_covered_display": "87", "missing_lines": 6, "excluded_lines": 0, "percent_statements_covered": 86.95652173913044, "percent_statements_covered_display": "87"}, "missing_lines": [268, 270, 282, 284, 285, 291], "excluded_lines": [], "start_line": 215}, "create_chat_model": {"executed_lines": [305, 306, 308, 309, 310, 314, 315, 316, 317], "summary": {"covered_lines": 9, "num_statements": 10, "percent_covered": 90.0, "percent_covered_display": "90", "missing_lines": 1, "excluded_lines": 0, "percent_statements_covered": 90.0, "percent_statements_covered_display": "90"}, "missing_lines": [307], "excluded_lines": [], "start_line": 295}, "get_chapter_llm": {"executed_lines": [329, 330], "summary": {"covered_lines": 2, "num_statements": 2, "percent_covered": 100.0, "percent_covered_display": "100", "missing_lines": 0, "excluded_lines": 0, "percent_statements_covered": 100.0, "percent_statements_covered_display": "100"}, "missing_lines": [], "excluded_lines": [], "start_line": 328}, "get_reconcile_llm": {"executed_lines": [334, 339], "summary": {"covered_lines": 2, "num_statements": 2, "percent_covered": 100.0, "percent_covered_display": "100", "missing_lines": 0, "excluded_lines": 0, "percent_statements_covered": 100.0, "percent_statements_covered_display": "100"}, "missing_lines": [], "excluded_lines": [], "start_line": 333}, "check_connectivity": {"executed_lines": [], "summary": {"covered_lines": 0, "num_statements": 12, "percent_covered": 0.0, "percent_covered_display": "0", "missing_lines": 12, "excluded_lines": 0, "percent_statements_covered": 0.0, "percent_statements_covered_display": "0"}, "missing_lines": [343, 344, 345, 346, 347, 348, 349, 350, 351, 352, 353, 354], "excluded_lines": [], "start_line": 342}, "": {"executed_lines": [2, 4, 5, 6, 7, 8, 10, 12, 13, 14, 16, 19, 23, 27, 41, 52, 68, 77, 89, 92, 93, 96, 97, 98, 99, 100, 101, 102, 103, 104, 105, 106, 107, 108, 109, 110, 111, 112, 113, 114, 116, 117, 141, 145, 152, 162, 194, 215, 295, 328, 333, 342], "summary": {"covered_lines": 52, "num_statements": 52, "percent_covered": 100.0, "percent_covered_display": "100", "missing_lines": 0, "excluded_lines": 0, "percent_statements_covered": 100.0, "percent_statements_covered_display": "100"}, "missing_lines": [], "excluded_lines": [], "start_line": 1}}, "classes": {"LLMStopped": {"executed_lines": [], "summary": {"covered_lines": 0, "num_statements": 0, "percent_covered": 100.0, "percent_covered_display": "100", "missing_lines": 0, "excluded_lines": 0, "percent_statements_covered": 100.0, "percent_statements_covered_display": "100"}, "missing_lines": [], "excluded_lines": [], "start_line": 19}, "LLMBudgetExceeded": {"executed_lines": [], "summary": {"covered_lines": 0, "num_statements": 0, "percent_covered": 100.0, "percent_covered_display": "100", "missing_lines": 0, "excluded_lines": 0, "percent_statements_covered": 100.0, "percent_statements_covered_display": "100"}, "missing_lines": [], "excluded_lines": [], "start_line": 23}, "LLMControl": {"executed_lines": [124, 142, 143, 146, 147, 148, 149, 150, 153, 163, 164, 166, 167, 171, 175, 176, 177, 181, 182, 183, 184, 185, 186, 187, 192, 195, 196, 197, 198, 199, 200, 201, 202, 203, 204, 205, 211, 212], "summary": {"covered_lines": 38, "num_statements": 48, "percent_covered": 79.16666666666667, "percent_covered_display": "79", "missing_lines": 10, "excluded_lines": 0, "percent_statements_covered": 79.16666666666667, "percent_statements_covered_display": "79"}, "missing_lines": [165, 168, 169, 170, 172, 173, 174, 178, 179, 180], "excluded_lines": [], "start_line": 93}, "": {"executed_lines": [2, 4, 5, 6, 7, 8, 10, 12, 13, 14, 16, 19, 23, 27, 29, 31, 32, 33, 34, 35, 36, 37, 38, 41, 43, 44, 45, 48, 49, 52, 54, 55, 56, 57, 58, 59, 60, 65, 68, 69, 70, 74, 77, 78, 80, 81, 86, 89, 92, 93, 96, 97, 98, 99, 100, 101, 102, 103, 104, 105, 106, 107, 108, 109, 110, 111, 112, 113, 114, 116, 117, 141, 145, 152, 162, 194, 215, 225, 226, 227, 228, 229, 230, 231, 232, 233, 234, 235, 237, 238, 239, 242, 243, 244, 252, 253, 254, 258, 259, 264, 265, 266, 267, 269, 271, 272, 273, 274, 278, 279, 280, 281, 287, 288, 289, 290, 292, 295, 305, 306, 308, 309, 310, 314, 315, 316, 317, 328, 329, 330, 333, 334, 339, 342], "summary": {"covered_lines": 134, "num_statements": 161, "percent_covered": 83.22981366459628, "percent_covered_display": "83", "missing_lines": 27, "excluded_lines": 0, "percent_statements_covered": 83.22981366459628, "percent_statements_covered_display": "83"}, "missing_lines": [30, 46, 47, 61, 62, 63, 64, 79, 268, 270, 282, 284, 285, 291, 307, 343, 344, 345, 346, 347, 348, 349, 350, 351, 352, 353, 354], "excluded_lines": [], "start_line": 1}}}, "backend\\app\\agent\\prompts\\__init__.py": {"executed_lines": [], "summary": {"covered_lines": 0, "num_statements": 0, "percent_covered": 100.0, "percent_covered_display": "100", "missing_lines": 0, "excluded_lines": 0, "percent_statements_covered": 100.0, "percent_statements_covered_display": "100"}, "missing_lines": [], "excluded_lines": [], "functions": {"": {"executed_lines": [], "summary": {"covered_lines": 0, "num_statements": 0, "percent_covered": 100.0, "percent_covered_display": "100", "missing_lines": 0, "excluded_lines": 0, "percent_statements_covered": 100.0, "percent_statements_covered_display": "100"}, "missing_lines": [], "excluded_lines": [], "start_line": 1}}, "classes": {"": {"executed_lines": [], "summary": {"covered_lines": 0, "num_statements": 0, "percent_covered": 100.0, "percent_covered_display": "100", "missing_lines": 0, "excluded_lines": 0, "percent_statements_covered": 100.0, "percent_statements_covered_display": "100"}, "missing_lines": [], "excluded_lines": [], "start_line": 1}}}, "backend\\app\\agent\\prompts\\chapter.py": {"executed_lines": [7, 9, 11, 12, 13, 15, 19, 51, 53, 54, 56, 57, 58, 59, 61, 64, 66, 83, 90, 109, 123, 124, 126, 127, 129, 130, 136, 138, 143], "summary": {"covered_lines": 29, "num_statements": 30, "percent_covered": 96.66666666666667, "percent_covered_display": "97", "missing_lines": 1, "excluded_lines": 0, "percent_statements_covered": 96.66666666666667, "percent_statements_covered_display": "97"}, "missing_lines": [151], "excluded_lines": [], "functions": {"_build_cast_summary": {"executed_lines": [53, 54, 56, 57, 58, 59, 61], "summary": {"covered_lines": 7, "num_statements": 7, "percent_covered": 100.0, "percent_covered_display": "100", "missing_lines": 0, "excluded_lines": 0, "percent_statements_covered": 100.0, "percent_statements_covered_display": "100"}, "missing_lines": [], "excluded_lines": [], "start_line": 51}, "_build_short_chapter_prompt": {"executed_lines": [66], "summary": {"covered_lines": 1, "num_statements": 1, "percent_covered": 100.0, "percent_covered_display": "100", "missing_lines": 0, "excluded_lines": 0, "percent_statements_covered": 100.0, "percent_statements_covered_display": "100"}, "missing_lines": [], "excluded_lines": [], "start_line": 64}, "_build_long_chapter_prompt": {"executed_lines": [90], "summary": {"covered_lines": 1, "num_statements": 1, "percent_covered": 100.0, "percent_covered_display": "100", "missing_lines": 0, "excluded_lines": 0, "percent_statements_covered": 100.0, "percent_statements_covered_display": "100"}, "missing_lines": [], "excluded_lines": [], "start_line": 83}, "build_user_prompt": {"executed_lines": [123, 124, 126, 127, 129, 130], "summary": {"covered_lines": 6, "num_statements": 6, "percent_covered": 100.0, "percent_covered_display": "100", "missing_lines": 0, "excluded_lines": 0, "percent_statements_covered": 100.0, "percent_statements_covered_display": "100"}, "missing_lines": [], "excluded_lines": [], "start_line": 109}, "build_system_prompt": {"executed_lines": [138], "summary": {"covered_lines": 1, "num_statements": 1, "percent_covered": 100.0, "percent_covered_display": "100", "missing_lines": 0, "excluded_lines": 0, "percent_statements_covered": 100.0, "percent_statements_covered_display": "100"}, "missing_lines": [], "excluded_lines": [], "start_line": 136}, "get_chapter_prompt_template": {"executed_lines": [], "summary": {"covered_lines": 0, "num_statements": 1, "percent_covered": 0.0, "percent_covered_display": "0", "missing_lines": 1, "excluded_lines": 0, "percent_statements_covered": 0.0, "percent_statements_covered_display": "0"}, "missing_lines": [151], "excluded_lines": [], "start_line": 143}, "": {"executed_lines": [7, 9, 11, 12, 13, 15, 19, 51, 64, 83, 109, 136, 143], "summary": {"covered_lines": 13, "num_statements": 13, "percent_covered": 100.0, "percent_covered_display": "100", "missing_lines": 0, "excluded_lines": 0, "percent_statements_covered": 100.0, "percent_statements_covered_display": "100"}, "missing_lines": [], "excluded_lines": [], "start_line": 1}}, "classes": {"": {"executed_lines": [7, 9, 11, 12, 13, 15, 19, 51, 53, 54, 56, 57, 58, 59, 61, 64, 66, 83, 90, 109, 123, 124, 126, 127, 129, 130, 136, 138, 143], "summary": {"covered_lines": 29, "num_statements": 30, "percent_covered": 96.66666666666667, "percent_covered_display": "97", "missing_lines": 1, "excluded_lines": 0, "percent_statements_covered": 96.66666666666667, "percent_statements_covered_display": "97"}, "missing_lines": [151], "excluded_lines": [], "start_line": 1}}}, "backend\\app\\agent\\prompts\\faction.py": {"executed_lines": [10, 12, 13, 14, 15, 17, 20, 22, 24, 94, 99, 121, 148, 157], "summary": {"covered_lines": 14, "num_statements": 51, "percent_covered": 27.45098039215686, "percent_covered_display": "27", "missing_lines": 37, "excluded_lines": 0, "percent_statements_covered": 27.45098039215686, "percent_statements_covered_display": "27"}, "missing_lines": [96, 101, 102, 104, 105, 106, 107, 108, 109, 110, 111, 112, 115, 118, 127, 128, 129, 130, 131, 132, 133, 134, 135, 136, 138, 139, 141, 142, 143, 144, 145, 149, 150, 151, 166, 167, 171], "excluded_lines": [], "functions": {"build_system_prompt": {"executed_lines": [], "summary": {"covered_lines": 0, "num_statements": 1, "percent_covered": 0.0, "percent_covered_display": "0", "missing_lines": 1, "excluded_lines": 0, "percent_statements_covered": 0.0, "percent_statements_covered_display": "0"}, "missing_lines": [96], "excluded_lines": [], "start_line": 94}, "_build_cast_roster": {"executed_lines": [], "summary": {"covered_lines": 0, "num_statements": 13, "percent_covered": 0.0, "percent_covered_display": "0", "missing_lines": 13, "excluded_lines": 0, "percent_statements_covered": 0.0, "percent_statements_covered_display": "0"}, "missing_lines": [101, 102, 104, 105, 106, 107, 108, 109, 110, 111, 112, 115, 118], "excluded_lines": [], "start_line": 99}, "_build_edge_skeleton": {"executed_lines": [], "summary": {"covered_lines": 0, "num_statements": 17, "percent_covered": 0.0, "percent_covered_display": "0", "missing_lines": 17, "excluded_lines": 0, "percent_statements_covered": 0.0, "percent_statements_covered_display": "0"}, "missing_lines": [127, 128, 129, 130, 131, 132, 133, 134, 135, 136, 138, 139, 141, 142, 143, 144, 145], "excluded_lines": [], "start_line": 121}, "_build_chapter_summaries": {"executed_lines": [], "summary": {"covered_lines": 0, "num_statements": 3, "percent_covered": 0.0, "percent_covered_display": "0", "missing_lines": 3, "excluded_lines": 0, "percent_statements_covered": 0.0, "percent_statements_covered_display": "0"}, "missing_lines": [149, 150, 151], "excluded_lines": [], "start_line": 148}, "build_user_prompt": {"executed_lines": [], "summary": {"covered_lines": 0, "num_statements": 3, "percent_covered": 0.0, "percent_covered_display": "0", "missing_lines": 3, "excluded_lines": 0, "percent_statements_covered": 0.0, "percent_statements_covered_display": "0"}, "missing_lines": [166, 167, 171], "excluded_lines": [], "start_line": 157}, "": {"executed_lines": [10, 12, 13, 14, 15, 17, 20, 22, 24, 94, 99, 121, 148, 157], "summary": {"covered_lines": 14, "num_statements": 14, "percent_covered": 100.0, "percent_covered_display": "100", "missing_lines": 0, "excluded_lines": 0, "percent_statements_covered": 100.0, "percent_statements_covered_display": "100"}, "missing_lines": [], "excluded_lines": [], "start_line": 1}}, "classes": {"": {"executed_lines": [10, 12, 13, 14, 15, 17, 20, 22, 24, 94, 99, 121, 148, 157], "summary": {"covered_lines": 14, "num_statements": 51, "percent_covered": 27.45098039215686, "percent_covered_display": "27", "missing_lines": 37, "excluded_lines": 0, "percent_statements_covered": 27.45098039215686, "percent_statements_covered_display": "27"}, "missing_lines": [96, 101, 102, 104, 105, 106, 107, 108, 109, 110, 111, 112, 115, 118, 127, 128, 129, 130, 131, 132, 133, 134, 135, 136, 138, 139, 141, 142, 143, 144, 145, 149, 150, 151, 166, 167, 171], "excluded_lines": [], "start_line": 1}}}, "backend\\app\\agent\\prompts\\reconcile.py": {"executed_lines": [9, 11, 12, 13, 14, 16, 20, 43, 45, 53, 55, 56, 58, 59, 60, 61, 63, 66, 68, 71, 79, 82, 91, 94, 101, 103, 106, 108, 111, 112, 113, 115, 118, 133, 134, 137, 139, 140, 141, 143], "summary": {"covered_lines": 40, "num_statements": 52, "percent_covered": 76.92307692307692, "percent_covered_display": "77", "missing_lines": 12, "excluded_lines": 0, "percent_statements_covered": 76.92307692307692, "percent_statements_covered_display": "77"}, "missing_lines": [72, 73, 74, 83, 84, 85, 86, 95, 96, 97, 109, 135], "excluded_lines": [], "functions": {"build_system_prompt": {"executed_lines": [45], "summary": {"covered_lines": 1, "num_statements": 1, "percent_covered": 100.0, "percent_covered_display": "100", "missing_lines": 0, "excluded_lines": 0, "percent_statements_covered": 100.0, "percent_statements_covered_display": "100"}, "missing_lines": [], "excluded_lines": [], "start_line": 43}, "_build_cast_summary": {"executed_lines": [55, 56, 58, 59, 60, 61, 63], "summary": {"covered_lines": 7, "num_statements": 7, "percent_covered": 100.0, "percent_covered_display": "100", "missing_lines": 0, "excluded_lines": 0, "percent_statements_covered": 100.0, "percent_statements_covered_display": "100"}, "missing_lines": [], "excluded_lines": [], "start_line": 53}, "_build_suspects_text": {"executed_lines": [68, 71, 79, 82, 91, 94, 101, 103], "summary": {"covered_lines": 8, "num_statements": 18, "percent_covered": 44.44444444444444, "percent_covered_display": "44", "missing_lines": 10, "excluded_lines": 0, "percent_statements_covered": 44.44444444444444, "percent_statements_covered_display": "44"}, "missing_lines": [72, 73, 74, 83, 84, 85, 86, 95, 96, 97], "excluded_lines": [], "start_line": 66}, "_build_chapter_summaries": {"executed_lines": [108, 111, 112, 113, 115], "summary": {"covered_lines": 5, "num_statements": 6, "percent_covered": 83.33333333333333, "percent_covered_display": "83", "missing_lines": 1, "excluded_lines": 0, "percent_statements_covered": 83.33333333333333, "percent_statements_covered_display": "83"}, "missing_lines": [109], "excluded_lines": [], "start_line": 106}, "build_user_prompt": {"executed_lines": [133, 134, 137, 139, 140, 141, 143], "summary": {"covered_lines": 7, "num_statements": 8, "percent_covered": 87.5, "percent_covered_display": "88", "missing_lines": 1, "excluded_lines": 0, "percent_statements_covered": 87.5, "percent_statements_covered_display": "88"}, "missing_lines": [135], "excluded_lines": [], "start_line": 118}, "": {"executed_lines": [9, 11, 12, 13, 14, 16, 20, 43, 53, 66, 106, 118], "summary": {"covered_lines": 12, "num_statements": 12, "percent_covered": 100.0, "percent_covered_display": "100", "missing_lines": 0, "excluded_lines": 0, "percent_statements_covered": 100.0, "percent_statements_covered_display": "100"}, "missing_lines": [], "excluded_lines": [], "start_line": 1}}, "classes": {"": {"executed_lines": [9, 11, 12, 13, 14, 16, 20, 43, 45, 53, 55, 56, 58, 59, 60, 61, 63, 66, 68, 71, 79, 82, 91, 94, 101, 103, 106, 108, 111, 112, 113, 115, 118, 133, 134, 137, 139, 140, 141, 143], "summary": {"covered_lines": 40, "num_statements": 52, "percent_covered": 76.92307692307692, "percent_covered_display": "77", "missing_lines": 12, "excluded_lines": 0, "percent_statements_covered": 76.92307692307692, "percent_statements_covered_display": "77"}, "missing_lines": [72, 73, 74, 83, 84, 85, 86, 95, 96, 97, 109, 135], "excluded_lines": [], "start_line": 1}}}, "backend\\app\\agent\\reconcile_agent.py": {"executed_lines": [14, 16, 17, 18, 19, 21, 23, 24, 25, 26, 27, 28, 29, 30, 31, 32, 34, 37, 45, 47, 48, 49, 50, 51, 54, 55, 58, 59, 60, 61, 64, 89, 90, 91, 93, 102, 103, 106, 113, 114, 117, 118, 121, 127, 128, 129, 130, 132, 133, 135, 136, 140, 141, 142, 156, 157, 159, 162, 163, 172, 173, 174, 176, 177, 178, 180, 182, 183, 186, 187, 194, 195, 196, 201, 203, 209, 210, 214, 216, 225, 234, 235, 238, 249, 250, 251, 252, 253, 254, 255, 257, 262, 263, 271], "summary": {"covered_lines": 94, "num_statements": 111, "percent_covered": 84.68468468468468, "percent_covered_display": "85", "missing_lines": 17, "excluded_lines": 0, "percent_statements_covered": 84.68468468468468, "percent_statements_covered_display": "85"}, "missing_lines": [46, 134, 137, 149, 150, 151, 164, 169, 175, 184, 188, 189, 202, 217, 239, 243, 256], "excluded_lines": [], "functions": {"_compact_tool_history": {"executed_lines": [45, 47, 48, 49, 50, 51], "summary": {"covered_lines": 6, "num_statements": 7, "percent_covered": 85.71428571428571, "percent_covered_display": "86", "missing_lines": 1, "excluded_lines": 0, "percent_statements_covered": 85.71428571428571, "percent_statements_covered_display": "86"}, "missing_lines": [46], "excluded_lines": [], "start_line": 37}, "run_reconcile_agent": {"executed_lines": [89, 90, 91, 93, 102, 103, 106, 113, 114, 117, 118, 121, 127, 128, 129, 130, 132, 133, 135, 136, 140, 141, 142, 156, 157, 159, 162, 163, 172, 173, 174, 176, 177, 178, 180, 182, 183, 186, 187, 194, 195, 196, 201, 203, 209, 210, 214, 216, 225, 234, 235, 238, 249, 250, 251, 252, 253, 254, 255, 257, 262, 263, 271], "summary": {"covered_lines": 63, "num_statements": 79, "percent_covered": 79.74683544303798, "percent_covered_display": "80", "missing_lines": 16, "excluded_lines": 0, "percent_statements_covered": 79.74683544303798, "percent_statements_covered_display": "80"}, "missing_lines": [134, 137, 149, 150, 151, 164, 169, 175, 184, 188, 189, 202, 217, 239, 243, 256], "excluded_lines": [], "start_line": 64}, "": {"executed_lines": [14, 16, 17, 18, 19, 21, 23, 24, 25, 26, 27, 28, 29, 30, 31, 32, 34, 37, 54, 55, 58, 59, 60, 61, 64], "summary": {"covered_lines": 25, "num_statements": 25, "percent_covered": 100.0, "percent_covered_display": "100", "missing_lines": 0, "excluded_lines": 0, "percent_statements_covered": 100.0, "percent_statements_covered_display": "100"}, "missing_lines": [], "excluded_lines": [], "start_line": 1}}, "classes": {"ReconcileResult": {"executed_lines": [], "summary": {"covered_lines": 0, "num_statements": 0, "percent_covered": 100.0, "percent_covered_display": "100", "missing_lines": 0, "excluded_lines": 0, "percent_statements_covered": 100.0, "percent_statements_covered_display": "100"}, "missing_lines": [], "excluded_lines": [], "start_line": 55}, "": {"executed_lines": [14, 16, 17, 18, 19, 21, 23, 24, 25, 26, 27, 28, 29, 30, 31, 32, 34, 37, 45, 47, 48, 49, 50, 51, 54, 55, 58, 59, 60, 61, 64, 89, 90, 91, 93, 102, 103, 106, 113, 114, 117, 118, 121, 127, 128, 129, 130, 132, 133, 135, 136, 140, 141, 142, 156, 157, 159, 162, 163, 172, 173, 174, 176, 177, 178, 180, 182, 183, 186, 187, 194, 195, 196, 201, 203, 209, 210, 214, 216, 225, 234, 235, 238, 249, 250, 251, 252, 253, 254, 255, 257, 262, 263, 271], "summary": {"covered_lines": 94, "num_statements": 111, "percent_covered": 84.68468468468468, "percent_covered_display": "85", "missing_lines": 17, "excluded_lines": 0, "percent_statements_covered": 84.68468468468468, "percent_statements_covered_display": "85"}, "missing_lines": [46, 134, 137, 149, 150, 151, 164, 169, 175, 184, 188, 189, 202, 217, 239, 243, 256], "excluded_lines": [], "start_line": 1}}}, "backend\\app\\agent\\relation_normalizer.py": {"executed_lines": [2, 4, 5, 6, 7, 9, 10, 12, 13, 14, 15, 18, 19, 20, 21, 22, 23, 26, 27, 30, 31, 32, 35, 37, 47, 48, 55, 56, 57, 60, 61, 62, 63, 64, 65, 66, 67, 68, 69, 70, 71, 77, 78, 79, 82, 83, 84, 85, 91, 92, 100, 101, 102, 103, 104, 109, 110, 111, 112, 113, 114, 115, 116, 117, 121, 122, 123, 124, 125, 128, 137, 138, 139, 140, 141, 143, 144, 145, 146, 149, 150, 151, 152, 153, 154, 155, 156, 157, 158, 159, 160, 161, 165, 167, 168, 169, 170, 172, 173, 180, 181, 182, 187, 188, 189, 190, 191, 192, 193, 200, 224, 225, 226, 227, 228, 229, 230, 231, 233, 234, 241, 242, 243, 244, 245, 246, 255], "summary": {"covered_lines": 127, "num_statements": 162, "percent_covered": 78.39506172839506, "percent_covered_display": "78", "missing_lines": 35, "excluded_lines": 0, "percent_statements_covered": 78.39506172839506, "percent_statements_covered_display": "78"}, "missing_lines": [105, 106, 118, 119, 120, 147, 148, 162, 163, 164, 174, 175, 176, 177, 178, 183, 184, 185, 186, 202, 203, 207, 217, 218, 219, 220, 221, 222, 232, 235, 236, 237, 238, 239, 240], "excluded_lines": [], "functions": {"_cache_key": {"executed_lines": [48], "summary": {"covered_lines": 1, "num_statements": 1, "percent_covered": 100.0, "percent_covered_display": "100", "missing_lines": 0, "excluded_lines": 0, "percent_statements_covered": 100.0, "percent_statements_covered_display": "100"}, "missing_lines": [], "excluded_lines": [], "start_line": 47}, "_emit": {"executed_lines": [56, 57], "summary": {"covered_lines": 2, "num_statements": 2, "percent_covered": 100.0, "percent_covered_display": "100", "missing_lines": 0, "excluded_lines": 0, "percent_statements_covered": 100.0, "percent_statements_covered_display": "100"}, "missing_lines": [], "excluded_lines": [], "start_line": 55}, "_apply_resolution": {"executed_lines": [61, 62, 63, 64, 65, 66, 67, 68, 69, 70, 71, 77, 78, 79, 82, 83, 84, 85, 91, 92], "summary": {"covered_lines": 20, "num_statements": 20, "percent_covered": 100.0, "percent_covered_display": "100", "missing_lines": 0, "excluded_lines": 0, "percent_statements_covered": 100.0, "percent_statements_covered_display": "100"}, "missing_lines": [], "excluded_lines": [], "start_line": 60}, "_apply_cached": {"executed_lines": [101, 102, 103, 104], "summary": {"covered_lines": 4, "num_statements": 6, "percent_covered": 66.66666666666667, "percent_covered_display": "67", "missing_lines": 2, "excluded_lines": 0, "percent_statements_covered": 66.66666666666667, "percent_statements_covered_display": "67"}, "missing_lines": [105, 106], "excluded_lines": [], "start_line": 100}, "_make_batches": {"executed_lines": [110, 111, 112, 113, 114, 115, 116, 117, 121, 122, 123, 124, 125], "summary": {"covered_lines": 13, "num_statements": 16, "percent_covered": 81.25, "percent_covered_display": "81", "missing_lines": 3, "excluded_lines": 0, "percent_statements_covered": 81.25, "percent_statements_covered_display": "81"}, "missing_lines": [118, 119, 120], "excluded_lines": [], "start_line": 109}, "normalize_relations": {"executed_lines": [137, 138, 139, 140, 141, 143, 144, 145, 146, 149, 150, 151, 152, 153, 154, 155, 156, 157, 158, 159, 160, 161, 165, 167, 168, 169, 170, 172, 173, 180, 181, 182, 187, 188, 189, 190, 191, 192, 193, 200, 224, 225, 226, 227, 228, 229, 230, 231, 233, 234, 241, 242, 243, 244, 245, 246, 255], "summary": {"covered_lines": 57, "num_statements": 87, "percent_covered": 65.51724137931035, "percent_covered_display": "66", "missing_lines": 30, "excluded_lines": 0, "percent_statements_covered": 65.51724137931035, "percent_statements_covered_display": "66"}, "missing_lines": [147, 148, 162, 163, 164, 174, 175, 176, 177, 178, 183, 184, 185, 186, 202, 203, 207, 217, 218, 219, 220, 221, 222, 232, 235, 236, 237, 238, 239, 240], "excluded_lines": [], "start_line": 128}, "": {"executed_lines": [2, 4, 5, 6, 7, 9, 10, 12, 13, 14, 15, 18, 19, 20, 21, 22, 23, 26, 27, 30, 31, 32, 35, 37, 47, 55, 60, 100, 109, 128], "summary": {"covered_lines": 30, "num_statements": 30, "percent_covered": 100.0, "percent_covered_display": "100", "missing_lines": 0, "excluded_lines": 0, "percent_statements_covered": 100.0, "percent_statements_covered_display": "100"}, "missing_lines": [], "excluded_lines": [], "start_line": 1}}, "classes": {"Resolution": {"executed_lines": [], "summary": {"covered_lines": 0, "num_statements": 0, "percent_covered": 100.0, "percent_covered_display": "100", "missing_lines": 0, "excluded_lines": 0, "percent_statements_covered": 100.0, "percent_statements_covered_display": "100"}, "missing_lines": [], "excluded_lines": [], "start_line": 18}, "ResolutionItem": {"executed_lines": [], "summary": {"covered_lines": 0, "num_statements": 0, "percent_covered": 100.0, "percent_covered_display": "100", "missing_lines": 0, "excluded_lines": 0, "percent_statements_covered": 100.0, "percent_statements_covered_display": "100"}, "missing_lines": [], "excluded_lines": [], "start_line": 26}, "ResolutionBatch": {"executed_lines": [], "summary": {"covered_lines": 0, "num_statements": 0, "percent_covered": 100.0, "percent_covered_display": "100", "missing_lines": 0, "excluded_lines": 0, "percent_statements_covered": 100.0, "percent_statements_covered_display": "100"}, "missing_lines": [], "excluded_lines": [], "start_line": 30}, "": {"executed_lines": [2, 4, 5, 6, 7, 9, 10, 12, 13, 14, 15, 18, 19, 20, 21, 22, 23, 26, 27, 30, 31, 32, 35, 37, 47, 48, 55, 56, 57, 60, 61, 62, 63, 64, 65, 66, 67, 68, 69, 70, 71, 77, 78, 79, 82, 83, 84, 85, 91, 92, 100, 101, 102, 103, 104, 109, 110, 111, 112, 113, 114, 115, 116, 117, 121, 122, 123, 124, 125, 128, 137, 138, 139, 140, 141, 143, 144, 145, 146, 149, 150, 151, 152, 153, 154, 155, 156, 157, 158, 159, 160, 161, 165, 167, 168, 169, 170, 172, 173, 180, 181, 182, 187, 188, 189, 190, 191, 192, 193, 200, 224, 225, 226, 227, 228, 229, 230, 231, 233, 234, 241, 242, 243, 244, 245, 246, 255], "summary": {"covered_lines": 127, "num_statements": 162, "percent_covered": 78.39506172839506, "percent_covered_display": "78", "missing_lines": 35, "excluded_lines": 0, "percent_statements_covered": 78.39506172839506, "percent_statements_covered_display": "78"}, "missing_lines": [105, 106, 118, 119, 120, 147, 148, 162, 163, 164, 174, 175, 176, 177, 178, 183, 184, 185, 186, 202, 203, 207, 217, 218, 219, 220, 221, 222, 232, 235, 236, 237, 238, 239, 240], "excluded_lines": [], "start_line": 1}}}, "backend\\app\\agent\\relation_pipeline.py": {"executed_lines": [2, 4, 5, 6, 7, 9, 10, 11, 13, 16, 26, 27, 28, 29, 33, 34, 35, 36, 38, 39, 40, 43, 44, 47, 48, 49, 57, 60, 69, 70, 80, 81, 83, 84, 85, 88, 104, 105, 106, 107, 111, 112, 115, 116, 118, 119, 120, 121, 122, 123, 124, 128, 129, 130, 131, 135, 140, 143, 145, 146, 147, 148, 149, 150, 151, 152, 160, 161, 163, 164, 165, 166, 167, 176, 177], "summary": {"covered_lines": 75, "num_statements": 83, "percent_covered": 90.36144578313252, "percent_covered_display": "90", "missing_lines": 8, "excluded_lines": 0, "percent_statements_covered": 90.36144578313252, "percent_statements_covered_display": "90"}, "missing_lines": [82, 117, 136, 137, 157, 158, 159, 162], "excluded_lines": [], "functions": {"enrich_relations": {"executed_lines": [26, 27, 28, 29, 33, 34, 38, 39, 40, 43, 44, 47, 48, 49, 57], "summary": {"covered_lines": 15, "num_statements": 15, "percent_covered": 100.0, "percent_covered_display": "100", "missing_lines": 0, "excluded_lines": 0, "percent_statements_covered": 100.0, "percent_statements_covered_display": "100"}, "missing_lines": [], "excluded_lines": [], "start_line": 16}, "enrich_relations.chapter_progress": {"executed_lines": [35, 36], "summary": {"covered_lines": 2, "num_statements": 2, "percent_covered": 100.0, "percent_covered_display": "100", "missing_lines": 0, "excluded_lines": 0, "percent_statements_covered": 100.0, "percent_statements_covered_display": "100"}, "missing_lines": [], "excluded_lines": [], "start_line": 34}, "enrich_ledger": {"executed_lines": [69, 70, 80, 81, 83, 84, 85], "summary": {"covered_lines": 7, "num_statements": 8, "percent_covered": 87.5, "percent_covered_display": "88", "missing_lines": 1, "excluded_lines": 0, "percent_statements_covered": 87.5, "percent_statements_covered_display": "88"}, "missing_lines": [82], "excluded_lines": [], "start_line": 60}, "enrich_ledgers": {"executed_lines": [104, 105, 106, 107, 111, 112, 115, 116, 118, 119, 120, 121, 122, 123, 124, 128, 131, 135, 140, 143, 145, 176, 177], "summary": {"covered_lines": 23, "num_statements": 26, "percent_covered": 88.46153846153847, "percent_covered_display": "88", "missing_lines": 3, "excluded_lines": 0, "percent_statements_covered": 88.46153846153847, "percent_statements_covered_display": "88"}, "missing_lines": [117, 136, 137], "excluded_lines": [], "start_line": 88}, "enrich_ledgers.normalize_progress": {"executed_lines": [129, 130], "summary": {"covered_lines": 2, "num_statements": 2, "percent_covered": 100.0, "percent_covered_display": "100", "missing_lines": 0, "excluded_lines": 0, "percent_statements_covered": 100.0, "percent_statements_covered_display": "100"}, "missing_lines": [], "excluded_lines": [], "start_line": 128}, "enrich_ledgers.verify_one": {"executed_lines": [146, 147, 150, 151, 152, 160, 161, 163, 164, 165, 166, 167], "summary": {"covered_lines": 12, "num_statements": 16, "percent_covered": 75.0, "percent_covered_display": "75", "missing_lines": 4, "excluded_lines": 0, "percent_statements_covered": 75.0, "percent_statements_covered_display": "75"}, "missing_lines": [157, 158, 159, 162], "excluded_lines": [], "start_line": 145}, "enrich_ledgers.verify_one.verify_progress": {"executed_lines": [148, 149], "summary": {"covered_lines": 2, "num_statements": 2, "percent_covered": 100.0, "percent_covered_display": "100", "missing_lines": 0, "excluded_lines": 0, "percent_statements_covered": 100.0, "percent_statements_covered_display": "100"}, "missing_lines": [], "excluded_lines": [], "start_line": 147}, "": {"executed_lines": [2, 4, 5, 6, 7, 9, 10, 11, 13, 16, 60, 88], "summary": {"covered_lines": 12, "num_statements": 12, "percent_covered": 100.0, "percent_covered_display": "100", "missing_lines": 0, "excluded_lines": 0, "percent_statements_covered": 100.0, "percent_statements_covered_display": "100"}, "missing_lines": [], "excluded_lines": [], "start_line": 1}}, "classes": {"": {"executed_lines": [2, 4, 5, 6, 7, 9, 10, 11, 13, 16, 26, 27, 28, 29, 33, 34, 35, 36, 38, 39, 40, 43, 44, 47, 48, 49, 57, 60, 69, 70, 80, 81, 83, 84, 85, 88, 104, 105, 106, 107, 111, 112, 115, 116, 118, 119, 120, 121, 122, 123, 124, 128, 129, 130, 131, 135, 140, 143, 145, 146, 147, 148, 149, 150, 151, 152, 160, 161, 163, 164, 165, 166, 167, 176, 177], "summary": {"covered_lines": 75, "num_statements": 83, "percent_covered": 90.36144578313252, "percent_covered_display": "90", "missing_lines": 8, "excluded_lines": 0, "percent_statements_covered": 90.36144578313252, "percent_statements_covered_display": "90"}, "missing_lines": [82, 117, 136, 137, 157, 158, 159, 162], "excluded_lines": [], "start_line": 1}}}, "backend\\app\\agent\\relation_verifier.py": {"executed_lines": [2, 4, 5, 6, 7, 9, 10, 12, 13, 14, 15, 16, 19, 20, 21, 22, 23, 26, 27, 30, 33, 43, 44, 45, 46, 47, 48, 49, 50, 52, 62, 63, 64, 65, 66, 67, 69, 71, 74, 75, 76, 77, 86, 87, 88, 95, 96, 97, 98, 99, 100, 101, 102, 103, 105, 106, 108, 109, 110, 111, 119, 120], "summary": {"covered_lines": 62, "num_statements": 65, "percent_covered": 95.38461538461539, "percent_covered_display": "95", "missing_lines": 3, "excluded_lines": 0, "percent_statements_covered": 95.38461538461539, "percent_statements_covered_display": "95"}, "missing_lines": [72, 73, 104], "excluded_lines": [], "functions": {"verify_relations": {"executed_lines": [43, 44, 45, 46, 47, 48, 49, 50, 52, 62, 63, 64, 65, 66, 67, 69, 119, 120], "summary": {"covered_lines": 18, "num_statements": 18, "percent_covered": 100.0, "percent_covered_display": "100", "missing_lines": 0, "excluded_lines": 0, "percent_statements_covered": 100.0, "percent_statements_covered_display": "100"}, "missing_lines": [], "excluded_lines": [], "start_line": 33}, "verify_relations.verify_batch": {"executed_lines": [71, 74, 75, 76, 77, 86, 87, 88, 95, 96, 97, 98, 99, 100, 101, 102, 103, 105, 106, 108, 109, 110, 111], "summary": {"covered_lines": 23, "num_statements": 26, "percent_covered": 88.46153846153847, "percent_covered_display": "88", "missing_lines": 3, "excluded_lines": 0, "percent_statements_covered": 88.46153846153847, "percent_statements_covered_display": "88"}, "missing_lines": [72, 73, 104], "excluded_lines": [], "start_line": 69}, "": {"executed_lines": [2, 4, 5, 6, 7, 9, 10, 12, 13, 14, 15, 16, 19, 20, 21, 22, 23, 26, 27, 30, 33], "summary": {"covered_lines": 21, "num_statements": 21, "percent_covered": 100.0, "percent_covered_display": "100", "missing_lines": 0, "excluded_lines": 0, "percent_statements_covered": 100.0, "percent_statements_covered_display": "100"}, "missing_lines": [], "excluded_lines": [], "start_line": 1}}, "classes": {"Verdict": {"executed_lines": [], "summary": {"covered_lines": 0, "num_statements": 0, "percent_covered": 100.0, "percent_covered_display": "100", "missing_lines": 0, "excluded_lines": 0, "percent_statements_covered": 100.0, "percent_statements_covered_display": "100"}, "missing_lines": [], "excluded_lines": [], "start_line": 19}, "VerdictBatch": {"executed_lines": [], "summary": {"covered_lines": 0, "num_statements": 0, "percent_covered": 100.0, "percent_covered_display": "100", "missing_lines": 0, "excluded_lines": 0, "percent_statements_covered": 100.0, "percent_statements_covered_display": "100"}, "missing_lines": [], "excluded_lines": [], "start_line": 26}, "": {"executed_lines": [2, 4, 5, 6, 7, 9, 10, 12, 13, 14, 15, 16, 19, 20, 21, 22, 23, 26, 27, 30, 33, 43, 44, 45, 46, 47, 48, 49, 50, 52, 62, 63, 64, 65, 66, 67, 69, 71, 74, 75, 76, 77, 86, 87, 88, 95, 96, 97, 98, 99, 100, 101, 102, 103, 105, 106, 108, 109, 110, 111, 119, 120], "summary": {"covered_lines": 62, "num_statements": 65, "percent_covered": 95.38461538461539, "percent_covered_display": "95", "missing_lines": 3, "excluded_lines": 0, "percent_statements_covered": 95.38461538461539, "percent_statements_covered_display": "95"}, "missing_lines": [72, 73, 104], "excluded_lines": [], "start_line": 1}}}, "backend\\app\\agent\\tools.py": {"executed_lines": [13, 15, 16, 17, 18, 20, 22, 23, 24, 25, 26, 27, 34, 41, 48, 49, 51, 57, 58, 65, 66, 67, 68, 69, 70, 71, 72, 73, 74, 76, 77, 78, 79, 80, 81, 82, 84, 86, 87, 89, 91, 92, 93, 95, 97, 98, 99, 100, 102, 104, 106, 108, 109, 110, 111, 113, 118, 126, 132, 139, 140, 144, 145, 205, 206, 239, 240, 277, 278, 304, 305, 306, 307, 308, 309, 310, 312, 321, 322, 331, 332, 333, 341, 345, 346, 355, 361, 367, 373, 377, 378, 401, 402, 404, 405, 406, 408, 409, 422, 432, 433, 434, 445, 446, 456, 457, 463, 478, 479, 493, 495, 501, 503, 513, 522, 523, 526, 527, 528, 529, 530, 531, 532, 534, 536, 538, 546, 553, 554, 558, 559, 571, 572, 599, 600, 653, 654, 677, 678, 685, 686, 687, 696, 700, 704, 705, 725, 726, 727, 728, 729, 731, 732, 734, 737, 739, 740, 741, 742, 743, 745, 746, 747, 749, 750, 751, 755, 758, 759, 760, 761, 762, 766, 767, 770, 771, 779, 780, 781, 782, 784, 786, 787, 788, 789, 796, 797, 798, 809, 810, 811, 812, 813, 820, 822, 824, 826, 829, 830, 831, 834, 835, 836, 837, 838, 839, 846, 853, 860, 862, 871, 873, 882, 883, 886, 887, 888, 889, 890, 891, 893, 896, 905], "summary": {"covered_lines": 223, "num_statements": 429, "percent_covered": 51.981351981351985, "percent_covered_display": "52", "missing_lines": 206, "excluded_lines": 0, "percent_statements_covered": 51.981351981351985, "percent_statements_covered_display": "52"}, "missing_lines": [158, 159, 163, 164, 170, 172, 173, 174, 175, 180, 183, 184, 185, 186, 187, 190, 192, 201, 217, 218, 219, 220, 225, 226, 227, 228, 229, 231, 232, 233, 235, 248, 249, 250, 260, 261, 262, 268, 273, 313, 318, 323, 328, 334, 339, 340, 342, 410, 423, 447, 448, 515, 516, 540, 541, 542, 543, 576, 578, 579, 580, 581, 586, 587, 588, 589, 590, 591, 592, 593, 595, 612, 613, 617, 618, 623, 625, 626, 627, 628, 633, 634, 635, 636, 637, 638, 640, 649, 665, 666, 667, 668, 669, 670, 730, 744, 748, 752, 763, 783, 785, 799, 800, 801, 802, 806, 807, 808, 821, 823, 827, 828, 894, 897, 898, 899, 902, 908, 912, 913, 925, 926, 927, 929, 930, 931, 932, 937, 938, 939, 940, 941, 942, 943, 945, 949, 950, 961, 962, 963, 964, 965, 972, 973, 986, 987, 989, 990, 991, 992, 993, 994, 995, 997, 998, 999, 1001, 1002, 1003, 1005, 1006, 1007, 1008, 1009, 1013, 1014, 1015, 1017, 1018, 1019, 1020, 1025, 1027, 1033, 1034, 1035, 1037, 1038, 1039, 1040, 1041, 1044, 1045, 1046, 1047, 1048, 1051, 1052, 1053, 1056, 1066, 1067, 1068, 1069, 1070, 1072, 1073, 1074, 1075, 1082, 1092, 1093, 1104, 1106, 1111, 1120], "excluded_lines": [], "functions": {"ChapterToolContext.has_read_all": {"executed_lines": [77, 78, 79, 80, 81, 82], "summary": {"covered_lines": 6, "num_statements": 6, "percent_covered": 100.0, "percent_covered_display": "100", "missing_lines": 0, "excluded_lines": 0, "percent_statements_covered": 100.0, "percent_statements_covered_display": "100"}, "missing_lines": [], "excluded_lines": [], "start_line": 76}, "ChapterToolContext.next_temp_id": {"executed_lines": [86, 87], "summary": {"covered_lines": 2, "num_statements": 2, "percent_covered": 100.0, "percent_covered_display": "100", "missing_lines": 0, "excluded_lines": 0, "percent_statements_covered": 100.0, "percent_statements_covered_display": "100"}, "missing_lines": [], "excluded_lines": [], "start_line": 84}, "ChapterToolContext.all_known_person_ids": {"executed_lines": [91, 92, 93], "summary": {"covered_lines": 3, "num_statements": 3, "percent_covered": 100.0, "percent_covered_display": "100", "missing_lines": 0, "excluded_lines": 0, "percent_statements_covered": 100.0, "percent_statements_covered_display": "100"}, "missing_lines": [], "excluded_lines": [], "start_line": 89}, "ChapterToolContext.get_chapter_content": {"executed_lines": [97, 98, 99, 100], "summary": {"covered_lines": 4, "num_statements": 4, "percent_covered": 100.0, "percent_covered_display": "100", "missing_lines": 0, "excluded_lines": 0, "percent_statements_covered": 100.0, "percent_statements_covered_display": "100"}, "missing_lines": [], "excluded_lines": [], "start_line": 95}, "ChapterToolContext.has_accumulated_work": {"executed_lines": [104], "summary": {"covered_lines": 1, "num_statements": 1, "percent_covered": 100.0, "percent_covered_display": "100", "missing_lines": 0, "excluded_lines": 0, "percent_statements_covered": 100.0, "percent_statements_covered_display": "100"}, "missing_lines": [], "excluded_lines": [], "start_line": 102}, "ChapterToolContext.finalize_submit": {"executed_lines": [108, 109, 110, 111, 113, 118, 126], "summary": {"covered_lines": 7, "num_statements": 7, "percent_covered": 100.0, "percent_covered_display": "100", "missing_lines": 0, "excluded_lines": 0, "percent_statements_covered": 100.0, "percent_statements_covered_display": "100"}, "missing_lines": [], "excluded_lines": [], "start_line": 106}, "make_tools": {"executed_lines": [139, 140, 144, 145, 205, 206, 239, 240, 277, 278, 377, 378, 478, 479, 503], "summary": {"covered_lines": 15, "num_statements": 15, "percent_covered": 100.0, "percent_covered_display": "100", "missing_lines": 0, "excluded_lines": 0, "percent_statements_covered": 100.0, "percent_statements_covered_display": "100"}, "missing_lines": [], "excluded_lines": [], "start_line": 132}, "make_tools.read_chapter_window": {"executed_lines": [], "summary": {"covered_lines": 0, "num_statements": 18, "percent_covered": 0.0, "percent_covered_display": "0", "missing_lines": 18, "excluded_lines": 0, "percent_statements_covered": 0.0, "percent_statements_covered_display": "0"}, "missing_lines": [158, 159, 163, 164, 170, 172, 173, 174, 175, 180, 183, 184, 185, 186, 187, 190, 192, 201], "excluded_lines": [], "start_line": 145}, "make_tools.grep_in_chapter": {"executed_lines": [], "summary": {"covered_lines": 0, "num_statements": 13, "percent_covered": 0.0, "percent_covered_display": "0", "missing_lines": 13, "excluded_lines": 0, "percent_statements_covered": 0.0, "percent_statements_covered_display": "0"}, "missing_lines": [217, 218, 219, 220, 225, 226, 227, 228, 229, 231, 232, 233, 235], "excluded_lines": [], "start_line": 206}, "make_tools.query_cast": {"executed_lines": [], "summary": {"covered_lines": 0, "num_statements": 8, "percent_covered": 0.0, "percent_covered_display": "0", "missing_lines": 8, "excluded_lines": 0, "percent_statements_covered": 0.0, "percent_statements_covered_display": "0"}, "missing_lines": [248, 249, 250, 260, 261, 262, 268, 273], "excluded_lines": [], "start_line": 240}, "make_tools.propose_persons": {"executed_lines": [304, 305, 306, 307, 308, 309, 310, 312, 321, 322, 331, 332, 333, 341, 345, 346, 355, 361, 367, 373], "summary": {"covered_lines": 20, "num_statements": 28, "percent_covered": 71.42857142857143, "percent_covered_display": "71", "missing_lines": 8, "excluded_lines": 0, "percent_statements_covered": 71.42857142857143, "percent_statements_covered_display": "71"}, "missing_lines": [313, 318, 323, 328, 334, 339, 340, 342], "excluded_lines": [], "start_line": 278}, "make_tools.submit_relations": {"executed_lines": [401, 402, 404, 405, 406, 408, 409, 422, 432, 433, 434, 445, 446, 456, 457, 463], "summary": {"covered_lines": 16, "num_statements": 20, "percent_covered": 80.0, "percent_covered_display": "80", "missing_lines": 4, "excluded_lines": 0, "percent_statements_covered": 80.0, "percent_statements_covered_display": "80"}, "missing_lines": [410, 423, 447, 448], "excluded_lines": [], "start_line": 378}, "make_tools.submit_result": {"executed_lines": [493, 495, 501], "summary": {"covered_lines": 3, "num_statements": 3, "percent_covered": 100.0, "percent_covered_display": "100", "missing_lines": 0, "excluded_lines": 0, "percent_statements_covered": 100.0, "percent_statements_covered_display": "100"}, "missing_lines": [], "excluded_lines": [], "start_line": 479}, "_get_default_filestore": {"executed_lines": [], "summary": {"covered_lines": 0, "num_statements": 2, "percent_covered": 0.0, "percent_covered_display": "0", "missing_lines": 2, "excluded_lines": 0, "percent_statements_covered": 0.0, "percent_statements_covered_display": "0"}, "missing_lines": [515, 516], "excluded_lines": [], "start_line": 513}, "ReconcileToolContext.all_person_ids": {"executed_lines": [536], "summary": {"covered_lines": 1, "num_statements": 1, "percent_covered": 100.0, "percent_covered_display": "100", "missing_lines": 0, "excluded_lines": 0, "percent_statements_covered": 100.0, "percent_statements_covered_display": "100"}, "missing_lines": [], "excluded_lines": [], "start_line": 534}, "ReconcileToolContext.get_chapter_content": {"executed_lines": [], "summary": {"covered_lines": 0, "num_statements": 4, "percent_covered": 0.0, "percent_covered_display": "0", "missing_lines": 4, "excluded_lines": 0, "percent_statements_covered": 0.0, "percent_statements_covered_display": "0"}, "missing_lines": [540, 541, 542, 543], "excluded_lines": [], "start_line": 538}, "make_reconcile_tools": {"executed_lines": [553, 554, 558, 559, 599, 600, 653, 654, 677, 678, 704, 705, 862], "summary": {"covered_lines": 13, "num_statements": 13, "percent_covered": 100.0, "percent_covered_display": "100", "missing_lines": 0, "excluded_lines": 0, "percent_statements_covered": 100.0, "percent_statements_covered_display": "100"}, "missing_lines": [], "excluded_lines": [], "start_line": 546}, "make_reconcile_tools.search_in_chapter": {"executed_lines": [571, 572], "summary": {"covered_lines": 2, "num_statements": 16, "percent_covered": 12.5, "percent_covered_display": "12", "missing_lines": 14, "excluded_lines": 0, "percent_statements_covered": 12.5, "percent_statements_covered_display": "12"}, "missing_lines": [576, 578, 579, 580, 581, 586, 587, 588, 589, 590, 591, 592, 593, 595], "excluded_lines": [], "start_line": 559}, "make_reconcile_tools.read_chapter_text": {"executed_lines": [], "summary": {"covered_lines": 0, "num_statements": 17, "percent_covered": 0.0, "percent_covered_display": "0", "missing_lines": 17, "excluded_lines": 0, "percent_statements_covered": 0.0, "percent_statements_covered_display": "0"}, "missing_lines": [612, 613, 617, 618, 623, 625, 626, 627, 628, 633, 634, 635, 636, 637, 638, 640, 649], "excluded_lines": [], "start_line": 600}, "make_reconcile_tools.get_chapter_result": {"executed_lines": [], "summary": {"covered_lines": 0, "num_statements": 6, "percent_covered": 0.0, "percent_covered_display": "0", "missing_lines": 6, "excluded_lines": 0, "percent_statements_covered": 0.0, "percent_statements_covered_display": "0"}, "missing_lines": [665, 666, 667, 668, 669, 670], "excluded_lines": [], "start_line": 654}, "make_reconcile_tools.query_cast": {"executed_lines": [685, 686, 687, 696, 700], "summary": {"covered_lines": 5, "num_statements": 5, "percent_covered": 100.0, "percent_covered_display": "100", "missing_lines": 0, "excluded_lines": 0, "percent_statements_covered": 100.0, "percent_statements_covered_display": "100"}, "missing_lines": [], "excluded_lines": [], "start_line": 678}, "make_reconcile_tools.submit_reconciliation": {"executed_lines": [725, 726, 727, 728, 729, 731, 732, 734, 737, 739, 740, 741, 742, 743, 745, 746, 747, 749, 750, 751, 755, 758, 759, 760, 761, 762, 766, 767, 770, 771, 779, 780, 781, 782, 784, 786, 787, 788, 789, 796, 797, 798, 809, 810, 811, 812, 813, 820, 822, 824, 826, 829, 830, 831, 834, 835, 836, 837, 838, 839, 846, 853, 860], "summary": {"covered_lines": 63, "num_statements": 81, "percent_covered": 77.77777777777777, "percent_covered_display": "78", "missing_lines": 18, "excluded_lines": 0, "percent_statements_covered": 77.77777777777777, "percent_statements_covered_display": "78"}, "missing_lines": [730, 744, 748, 752, 763, 783, 785, 799, 800, 801, 802, 806, 807, 808, 821, 823, 827, 828], "excluded_lines": [], "start_line": 705}, "_validation_error": {"executed_lines": [873], "summary": {"covered_lines": 1, "num_statements": 1, "percent_covered": 100.0, "percent_covered_display": "100", "missing_lines": 0, "excluded_lines": 0, "percent_statements_covered": 100.0, "percent_statements_covered_display": "100"}, "missing_lines": [], "excluded_lines": [], "start_line": 871}, "FactionToolContext.all_person_ids": {"executed_lines": [], "summary": {"covered_lines": 0, "num_statements": 1, "percent_covered": 0.0, "percent_covered_display": "0", "missing_lines": 1, "excluded_lines": 0, "percent_statements_covered": 0.0, "percent_statements_covered_display": "0"}, "missing_lines": [894], "excluded_lines": [], "start_line": 893}, "FactionToolContext.get_chapter_content": {"executed_lines": [], "summary": {"covered_lines": 0, "num_statements": 4, "percent_covered": 0.0, "percent_covered_display": "0", "missing_lines": 4, "excluded_lines": 0, "percent_statements_covered": 0.0, "percent_statements_covered_display": "0"}, "missing_lines": [897, 898, 899, 902], "excluded_lines": [], "start_line": 896}, "make_faction_tools": {"executed_lines": [], "summary": {"covered_lines": 0, "num_statements": 8, "percent_covered": 0.0, "percent_covered_display": "0", "missing_lines": 8, "excluded_lines": 0, "percent_statements_covered": 0.0, "percent_statements_covered_display": "0"}, "missing_lines": [908, 912, 913, 949, 950, 972, 973, 1120], "excluded_lines": [], "start_line": 905}, "make_faction_tools.search_in_chapter": {"executed_lines": [], "summary": {"covered_lines": 0, "num_statements": 15, "percent_covered": 0.0, "percent_covered_display": "0", "missing_lines": 15, "excluded_lines": 0, "percent_statements_covered": 0.0, "percent_statements_covered_display": "0"}, "missing_lines": [925, 926, 927, 929, 930, 931, 932, 937, 938, 939, 940, 941, 942, 943, 945], "excluded_lines": [], "start_line": 913}, "make_faction_tools.get_chapter_result": {"executed_lines": [], "summary": {"covered_lines": 0, "num_statements": 5, "percent_covered": 0.0, "percent_covered_display": "0", "missing_lines": 5, "excluded_lines": 0, "percent_statements_covered": 0.0, "percent_statements_covered_display": "0"}, "missing_lines": [961, 962, 963, 964, 965], "excluded_lines": [], "start_line": 950}, "make_faction_tools.submit_factions": {"executed_lines": [], "summary": {"covered_lines": 0, "num_statements": 61, "percent_covered": 0.0, "percent_covered_display": "0", "missing_lines": 61, "excluded_lines": 0, "percent_statements_covered": 0.0, "percent_statements_covered_display": "0"}, "missing_lines": [986, 987, 989, 990, 991, 992, 993, 994, 995, 997, 998, 999, 1001, 1002, 1003, 1005, 1006, 1007, 1008, 1009, 1013, 1014, 1015, 1017, 1018, 1019, 1020, 1025, 1027, 1033, 1034, 1035, 1037, 1038, 1039, 1040, 1041, 1044, 1045, 1046, 1047, 1048, 1051, 1052, 1053, 1056, 1066, 1067, 1068, 1069, 1070, 1072, 1073, 1074, 1075, 1082, 1092, 1093, 1104, 1106, 1111], "excluded_lines": [], "start_line": 973}, "": {"executed_lines": [13, 15, 16, 17, 18, 20, 22, 23, 24, 25, 26, 27, 34, 41, 48, 49, 51, 57, 58, 65, 66, 67, 68, 69, 70, 71, 72, 73, 74, 76, 84, 89, 95, 102, 106, 132, 513, 522, 523, 526, 527, 528, 529, 530, 531, 532, 534, 538, 546, 871, 882, 883, 886, 887, 888, 889, 890, 891, 893, 896, 905], "summary": {"covered_lines": 61, "num_statements": 61, "percent_covered": 100.0, "percent_covered_display": "100", "missing_lines": 0, "excluded_lines": 0, "percent_statements_covered": 100.0, "percent_statements_covered_display": "100"}, "missing_lines": [], "excluded_lines": [], "start_line": 1}}, "classes": {"ChapterToolContext": {"executed_lines": [77, 78, 79, 80, 81, 82, 86, 87, 91, 92, 93, 97, 98, 99, 100, 104, 108, 109, 110, 111, 113, 118, 126], "summary": {"covered_lines": 23, "num_statements": 23, "percent_covered": 100.0, "percent_covered_display": "100", "missing_lines": 0, "excluded_lines": 0, "percent_statements_covered": 100.0, "percent_statements_covered_display": "100"}, "missing_lines": [], "excluded_lines": [], "start_line": 58}, "ReconcileToolContext": {"executed_lines": [536], "summary": {"covered_lines": 1, "num_statements": 5, "percent_covered": 20.0, "percent_covered_display": "20", "missing_lines": 4, "excluded_lines": 0, "percent_statements_covered": 20.0, "percent_statements_covered_display": "20"}, "missing_lines": [540, 541, 542, 543], "excluded_lines": [], "start_line": 523}, "FactionToolContext": {"executed_lines": [], "summary": {"covered_lines": 0, "num_statements": 5, "percent_covered": 0.0, "percent_covered_display": "0", "missing_lines": 5, "excluded_lines": 0, "percent_statements_covered": 0.0, "percent_statements_covered_display": "0"}, "missing_lines": [894, 897, 898, 899, 902], "excluded_lines": [], "start_line": 883}, "": {"executed_lines": [13, 15, 16, 17, 18, 20, 22, 23, 24, 25, 26, 27, 34, 41, 48, 49, 51, 57, 58, 65, 66, 67, 68, 69, 70, 71, 72, 73, 74, 76, 84, 89, 95, 102, 106, 132, 139, 140, 144, 145, 205, 206, 239, 240, 277, 278, 304, 305, 306, 307, 308, 309, 310, 312, 321, 322, 331, 332, 333, 341, 345, 346, 355, 361, 367, 373, 377, 378, 401, 402, 404, 405, 406, 408, 409, 422, 432, 433, 434, 445, 446, 456, 457, 463, 478, 479, 493, 495, 501, 503, 513, 522, 523, 526, 527, 528, 529, 530, 531, 532, 534, 538, 546, 553, 554, 558, 559, 571, 572, 599, 600, 653, 654, 677, 678, 685, 686, 687, 696, 700, 704, 705, 725, 726, 727, 728, 729, 731, 732, 734, 737, 739, 740, 741, 742, 743, 745, 746, 747, 749, 750, 751, 755, 758, 759, 760, 761, 762, 766, 767, 770, 771, 779, 780, 781, 782, 784, 786, 787, 788, 789, 796, 797, 798, 809, 810, 811, 812, 813, 820, 822, 824, 826, 829, 830, 831, 834, 835, 836, 837, 838, 839, 846, 853, 860, 862, 871, 873, 882, 883, 886, 887, 888, 889, 890, 891, 893, 896, 905], "summary": {"covered_lines": 199, "num_statements": 396, "percent_covered": 50.25252525252525, "percent_covered_display": "50", "missing_lines": 197, "excluded_lines": 0, "percent_statements_covered": 50.25252525252525, "percent_statements_covered_display": "50"}, "missing_lines": [158, 159, 163, 164, 170, 172, 173, 174, 175, 180, 183, 184, 185, 186, 187, 190, 192, 201, 217, 218, 219, 220, 225, 226, 227, 228, 229, 231, 232, 233, 235, 248, 249, 250, 260, 261, 262, 268, 273, 313, 318, 323, 328, 334, 339, 340, 342, 410, 423, 447, 448, 515, 516, 576, 578, 579, 580, 581, 586, 587, 588, 589, 590, 591, 592, 593, 595, 612, 613, 617, 618, 623, 625, 626, 627, 628, 633, 634, 635, 636, 637, 638, 640, 649, 665, 666, 667, 668, 669, 670, 730, 744, 748, 752, 763, 783, 785, 799, 800, 801, 802, 806, 807, 808, 821, 823, 827, 828, 908, 912, 913, 925, 926, 927, 929, 930, 931, 932, 937, 938, 939, 940, 941, 942, 943, 945, 949, 950, 961, 962, 963, 964, 965, 972, 973, 986, 987, 989, 990, 991, 992, 993, 994, 995, 997, 998, 999, 1001, 1002, 1003, 1005, 1006, 1007, 1008, 1009, 1013, 1014, 1015, 1017, 1018, 1019, 1020, 1025, 1027, 1033, 1034, 1035, 1037, 1038, 1039, 1040, 1041, 1044, 1045, 1046, 1047, 1048, 1051, 1052, 1053, 1056, 1066, 1067, 1068, 1069, 1070, 1072, 1073, 1074, 1075, 1082, 1092, 1093, 1104, 1106, 1111, 1120], "excluded_lines": [], "start_line": 1}}}, "backend\\app\\api\\__init__.py": {"executed_lines": [], "summary": {"covered_lines": 0, "num_statements": 0, "percent_covered": 100.0, "percent_covered_display": "100", "missing_lines": 0, "excluded_lines": 0, "percent_statements_covered": 100.0, "percent_statements_covered_display": "100"}, "missing_lines": [], "excluded_lines": [], "functions": {"": {"executed_lines": [], "summary": {"covered_lines": 0, "num_statements": 0, "percent_covered": 100.0, "percent_covered_display": "100", "missing_lines": 0, "excluded_lines": 0, "percent_statements_covered": 100.0, "percent_statements_covered_display": "100"}, "missing_lines": [], "excluded_lines": [], "start_line": 1}}, "classes": {"": {"executed_lines": [], "summary": {"covered_lines": 0, "num_statements": 0, "percent_covered": 100.0, "percent_covered_display": "100", "missing_lines": 0, "excluded_lines": 0, "percent_statements_covered": 100.0, "percent_statements_covered_display": "100"}, "missing_lines": [], "excluded_lines": [], "start_line": 1}}}, "backend\\app\\api\\analysis.py": {"executed_lines": [13, 15, 16, 17, 19, 20, 21, 23, 24, 25, 26, 27, 28, 29, 30, 31, 33, 35, 38, 39, 46, 47, 80, 81, 94, 95, 203, 204, 215, 216, 230, 231, 246, 247, 257, 258, 278, 279, 308, 310, 317, 323, 329, 330, 331, 333, 340, 341, 342, 348, 349, 357, 358, 406, 407, 408, 409, 410], "summary": {"covered_lines": 58, "num_statements": 179, "percent_covered": 32.402234636871505, "percent_covered_display": "32", "missing_lines": 121, "excluded_lines": 0, "percent_statements_covered": 32.402234636871505, "percent_statements_covered_display": "32"}, "missing_lines": [58, 61, 64, 65, 71, 72, 74, 83, 84, 85, 86, 87, 88, 102, 103, 104, 105, 106, 108, 109, 110, 112, 114, 117, 118, 119, 120, 121, 122, 123, 124, 125, 126, 127, 128, 129, 130, 131, 132, 133, 139, 140, 141, 142, 151, 152, 154, 155, 156, 157, 158, 159, 160, 161, 162, 164, 165, 166, 167, 168, 169, 171, 172, 173, 174, 175, 176, 177, 178, 179, 180, 181, 182, 183, 184, 185, 187, 189, 205, 206, 207, 212, 217, 218, 219, 224, 233, 235, 236, 238, 239, 240, 249, 250, 251, 260, 261, 263, 265, 271, 272, 311, 318, 324, 351, 352, 353, 354, 367, 368, 369, 371, 372, 378, 379, 384, 385, 386, 390, 391, 397], "excluded_lines": [], "functions": {"start_analysis": {"executed_lines": [], "summary": {"covered_lines": 0, "num_statements": 7, "percent_covered": 0.0, "percent_covered_display": "0", "missing_lines": 7, "excluded_lines": 0, "percent_statements_covered": 0.0, "percent_statements_covered_display": "0"}, "missing_lines": [58, 61, 64, 65, 71, 72, 74], "excluded_lines": [], "start_line": 47}, "get_analysis_task": {"executed_lines": [], "summary": {"covered_lines": 0, "num_statements": 6, "percent_covered": 0.0, "percent_covered_display": "0", "missing_lines": 6, "excluded_lines": 0, "percent_statements_covered": 0.0, "percent_statements_covered_display": "0"}, "missing_lines": [83, 84, 85, 86, 87, 88], "excluded_lines": [], "start_line": 81}, "progress_sse": {"executed_lines": [], "summary": {"covered_lines": 0, "num_statements": 2, "percent_covered": 0.0, "percent_covered_display": "0", "missing_lines": 2, "excluded_lines": 0, "percent_statements_covered": 0.0, "percent_statements_covered_display": "0"}, "missing_lines": [102, 189], "excluded_lines": [], "start_line": 95}, "progress_sse.event_stream": {"executed_lines": [], "summary": {"covered_lines": 0, "num_statements": 61, "percent_covered": 0.0, "percent_covered_display": "0", "missing_lines": 61, "excluded_lines": 0, "percent_statements_covered": 0.0, "percent_statements_covered_display": "0"}, "missing_lines": [103, 104, 105, 106, 108, 112, 114, 117, 118, 119, 120, 121, 122, 123, 124, 125, 126, 127, 128, 129, 130, 131, 132, 133, 139, 140, 141, 142, 151, 152, 154, 155, 156, 157, 158, 159, 160, 161, 162, 164, 165, 166, 167, 168, 169, 171, 172, 173, 174, 175, 176, 177, 178, 179, 180, 181, 182, 183, 184, 185, 187], "excluded_lines": [], "start_line": 102}, "progress_sse.event_stream.encode": {"executed_lines": [], "summary": {"covered_lines": 0, "num_statements": 2, "percent_cove
[...]
, "summary": {"covered_lines": 1, "num_statements": 1, "percent_covered": 100.0, "percent_covered_display": "100", "missing_lines": 0, "excluded_lines": 0, "percent_statements_covered": 100.0, "percent_statements_covered_display": "100"}, "missing_lines": [], "excluded_lines": [], "start_line": 95}, "Filestore.factions_path": {"executed_lines": [99], "summary": {"covered_lines": 1, "num_statements": 1, "percent_covered": 100.0, "percent_covered_display": "100", "missing_lines": 0, "excluded_lines": 0, "percent_statements_covered": 100.0, "percent_statements_covered_display": "100"}, "missing_lines": [], "excluded_lines": [], "start_line": 98}, "Filestore._chapter_filename": {"executed_lines": [103], "summary": {"covered_lines": 1, "num_statements": 1, "percent_covered": 100.0, "percent_covered_display": "100", "missing_lines": 0, "excluded_lines": 0, "percent_statements_covered": 100.0, "percent_statements_covered_display": "100"}, "missing_lines": [], "excluded_lines": [], "start_line": 102}, "Filestore.chapter_path": {"executed_lines": [106], "summary": {"covered_lines": 1, "num_statements": 1, "percent_covered": 100.0, "percent_covered_display": "100", "missing_lines": 0, "excluded_lines": 0, "percent_statements_covered": 100.0, "percent_statements_covered_display": "100"}, "missing_lines": [], "excluded_lines": [], "start_line": 105}, "Filestore.ledger_path": {"executed_lines": [109], "summary": {"covered_lines": 1, "num_statements": 1, "percent_covered": 100.0, "percent_covered_display": "100", "missing_lines": 0, "excluded_lines": 0, "percent_statements_covered": 100.0, "percent_statements_covered_display": "100"}, "missing_lines": [], "excluded_lines": [], "start_line": 108}, "Filestore.extraction_dir": {"executed_lines": [112], "summary": {"covered_lines": 1, "num_statements": 1, "percent_covered": 100.0, "percent_covered_display": "100", "missing_lines": 0, "excluded_lines": 0, "percent_statements_covered": 100.0, "percent_statements_covered_display": "100"}, "missing_lines": [], "excluded_lines": [], "start_line": 111}, "Filestore.extraction_result_path": {"executed_lines": [115], "summary": {"covered_lines": 1, "num_statements": 1, "percent_covered": 100.0, "percent_covered_display": "100", "missing_lines": 0, "excluded_lines": 0, "percent_statements_covered": 100.0, "percent_statements_covered_display": "100"}, "missing_lines": [], "excluded_lines": [], "start_line": 114}, "Filestore.extraction_base_cast_path": {"executed_lines": [118], "summary": {"covered_lines": 1, "num_statements": 1, "percent_covered": 100.0, "percent_covered_display": "100", "missing_lines": 0, "excluded_lines": 0, "percent_statements_covered": 100.0, "percent_statements_covered_display": "100"}, "missing_lines": [], "excluded_lines": [], "start_line": 117}, "Filestore.pre_reconcile_dir": {"executed_lines": [121], "summary": {"covered_lines": 1, "num_statements": 1, "percent_covered": 100.0, "percent_covered_display": "100", "missing_lines": 0, "excluded_lines": 0, "percent_statements_covered": 100.0, "percent_statements_covered_display": "100"}, "missing_lines": [], "excluded_lines": [], "start_line": 120}, "Filestore.reconcile_overrides_path": {"executed_lines": [124], "summary": {"covered_lines": 1, "num_statements": 1, "percent_covered": 100.0, "percent_covered_display": "100", "missing_lines": 0, "excluded_lines": 0, "percent_statements_covered": 100.0, "percent_statements_covered_display": "100"}, "missing_lines": [], "excluded_lines": [], "start_line": 123}, "Filestore.human_edits_path": {"executed_lines": [127], "summary": {"covered_lines": 1, "num_statements": 1, "percent_covered": 100.0, "percent_covered_display": "100", "missing_lines": 0, "excluded_lines": 0, "percent_statements_covered": 100.0, "percent_statements_covered_display": "100"}, "missing_lines": [], "excluded_lines": [], "start_line": 126}, "Filestore.create_book_dir": {"executed_lines": [133, 140], "summary": {"covered_lines": 2, "num_statements": 2, "percent_covered": 100.0, "percent_covered_display": "100", "missing_lines": 0, "excluded_lines": 0, "percent_statements_covered": 100.0, "percent_statements_covered_display": "100"}, "missing_lines": [], "excluded_lines": [], "start_line": 131}, "Filestore.remove_book_dir": {"executed_lines": [], "summary": {"covered_lines": 0, "num_statements": 3, "percent_covered": 0.0, "percent_covered_display": "0", "missing_lines": 3, "excluded_lines": 0, "percent_statements_covered": 0.0, "percent_statements_covered_display": "0"}, "missing_lines": [144, 145, 146], "excluded_lines": [], "start_line": 142}, "Filestore.write_meta": {"executed_lines": [151, 152], "summary": {"covered_lines": 2, "num_statements": 2, "percent_covered": 100.0, "percent_covered_display": "100", "missing_lines": 0, "excluded_lines": 0, "percent_statements_covered": 100.0, "percent_statements_covered_display": "100"}, "missing_lines": [], "excluded_lines": [], "start_line": 150}, "Filestore.read_meta": {"executed_lines": [155, 156, 157, 158], "summary": {"covered_lines": 4, "num_statements": 4, "percent_covered": 100.0, "percent_covered_display": "100", "missing_lines": 0, "excluded_lines": 0, "percent_statements_covered": 100.0, "percent_statements_covered_display": "100"}, "missing_lines": [], "excluded_lines": [], "start_line": 154}, "Filestore.write_chapter": {"executed_lines": [163, 164], "summary": {"covered_lines": 2, "num_statements": 2, "percent_covered": 100.0, "percent_covered_display": "100", "missing_lines": 0, "excluded_lines": 0, "percent_statements_covered": 100.0, "percent_statements_covered_display": "100"}, "missing_lines": [], "excluded_lines": [], "start_line": 162}, "Filestore.read_chapter": {"executed_lines": [167, 168, 170], "summary": {"covered_lines": 3, "num_statements": 4, "percent_covered": 75.0, "percent_covered_display": "75", "missing_lines": 1, "excluded_lines": 0, "percent_statements_covered": 75.0, "percent_statements_covered_display": "75"}, "missing_lines": [169], "excluded_lines": [], "start_line": 166}, "Filestore.read_chapter_content": {"executed_lines": [174], "summary": {"covered_lines": 1, "num_statements": 1, "percent_covered": 100.0, "percent_covered_display": "100", "missing_lines": 0, "excluded_lines": 0, "percent_statements_covered": 100.0, "percent_statements_covered_display": "100"}, "missing_lines": [], "excluded_lines": [], "start_line": 172}, "Filestore.list_chapter_briefs": {"executed_lines": [178, 179, 181, 182, 183, 184, 193, 194], "summary": {"covered_lines": 8, "num_statements": 9, "percent_covered": 88.88888888888889, "percent_covered_display": "89", "missing_lines": 1, "excluded_lines": 0, "percent_statements_covered": 88.88888888888889, "percent_statements_covered_display": "89"}, "missing_lines": [180], "excluded_lines": [], "start_line": 176}, "Filestore.write_extraction_base_cast": {"executed_lines": [199, 200], "summary": {"covered_lines": 2, "num_statements": 2, "percent_covered": 100.0, "percent_covered_display": "100", "missing_lines": 0, "excluded_lines": 0, "percent_statements_covered": 100.0, "percent_statements_covered_display": "100"}, "missing_lines": [], "excluded_lines": [], "start_line": 198}, "Filestore.read_extraction_base_cast": {"executed_lines": [203, 204, 206], "summary": {"covered_lines": 3, "num_statements": 4, "percent_covered": 75.0, "percent_covered_display": "75", "missing_lines": 1, "excluded_lines": 0, "percent_statements_covered": 75.0, "percent_statements_covered_display": "75"}, "missing_lines": [205], "excluded_lines": [], "start_line": 202}, "Filestore.write_extraction_result": {"executed_lines": [211, 212, 213, 220], "summary": {"covered_lines": 4, "num_statements": 4, "percent_covered": 100.0, "percent_covered_display": "100", "missing_lines": 0, "excluded_lines": 0, "percent_statements_covered": 100.0, "percent_statements_covered_display": "100"}, "missing_lines": [], "excluded_lines": [], "start_line": 208}, "Filestore.read_extraction_result": {"executed_lines": [226, 227, 229, 230], "summary": {"covered_lines": 4, "num_statements": 5, "percent_covered": 80.0, "percent_covered_display": "80", "missing_lines": 1, "excluded_lines": 0, "percent_statements_covered": 80.0, "percent_statements_covered_display": "80"}, "missing_lines": [228], "excluded_lines": [], "start_line": 225}, "Filestore.extraction_result_is_current": {"executed_lines": [239, 240, 242, 243, 244], "summary": {"covered_lines": 5, "num_statements": 6, "percent_covered": 83.33333333333333, "percent_covered_display": "83", "missing_lines": 1, "excluded_lines": 0, "percent_statements_covered": 83.33333333333333, "percent_statements_covered_display": "83"}, "missing_lines": [241], "excluded_lines": [], "start_line": 238}, "Filestore.save_pre_reconcile_state": {"executed_lines": [248, 249, 250, 252, 253, 254, 255, 256, 257, 258, 259, 260, 261, 262, 263, 264, 265, 266, 267], "summary": {"covered_lines": 19, "num_statements": 20, "percent_covered": 95.0, "percent_covered_display": "95", "missing_lines": 1, "excluded_lines": 0, "percent_statements_covered": 95.0, "percent_statements_covered_display": "95"}, "missing_lines": [251], "excluded_lines": [], "start_line": 246}, "Filestore.restore_pre_reconcile_state": {"executed_lines": [270, 271, 273, 274, 275, 276, 277, 279, 280, 281, 282, 283, 284, 285, 286, 287, 288, 291], "summary": {"covered_lines": 18, "num_statements": 22, "percent_covered": 81.81818181818181, "percent_covered_display": "82", "missing_lines": 4, "excluded_lines": 0, "percent_statements_covered": 81.81818181818181, "percent_statements_covered_display": "82"}, "missing_lines": [272, 278, 289, 290], "excluded_lines": [], "start_line": 269}, "Filestore.read_human_edits": {"executed_lines": [294, 295, 296, 297], "summary": {"covered_lines": 4, "num_statements": 4, "percent_covered": 100.0, "percent_covered_display": "100", "missing_lines": 0, "excluded_lines": 0, "percent_statements_covered": 100.0, "percent_statements_covered_display": "100"}, "missing_lines": [], "excluded_lines": [], "start_line": 293}, "Filestore.write_human_edits": {"executed_lines": [300, 301], "summary": {"covered_lines": 2, "num_statements": 2, "percent_covered": 100.0, "percent_covered_display": "100", "missing_lines": 0, "excluded_lines": 0, "percent_statements_covered": 100.0, "percent_statements_covered_display": "100"}, "missing_lines": [], "excluded_lines": [], "start_line": 299}, "Filestore.write_cast": {"executed_lines": [306, 307], "summary": {"covered_lines": 2, "num_statements": 2, "percent_covered": 100.0, "percent_covered_display": "100", "missing_lines": 0, "excluded_lines": 0, "percent_statements_covered": 100.0, "percent_statements_covered_display": "100"}, "missing_lines": [], "excluded_lines": [], "start_line": 305}, "Filestore.read_cast": {"executed_lines": [310, 311, 312, 313], "summary": {"covered_lines": 4, "num_statements": 4, "percent_covered": 100.0, "percent_covered_display": "100", "missing_lines": 0, "excluded_lines": 0, "percent_statements_covered": 100.0, "percent_statements_covered_display": "100"}, "missing_lines": [], "excluded_lines": [], "start_line": 309}, "Filestore.write_factions": {"executed_lines": [], "summary": {"covered_lines": 0, "num_statements": 2, "percent_covered": 0.0, "percent_covered_display": "0", "missing_lines": 2, "excluded_lines": 0, "percent_statements_covered": 0.0, "percent_statements_covered_display": "0"}, "missing_lines": [318, 319], "excluded_lines": [], "start_line": 317}, "Filestore.read_factions": {"executed_lines": [323, 324, 325], "summary": {"covered_lines": 3, "num_statements": 7, "percent_covered": 42.857142857142854, "percent_covered_display": "43", "missing_lines": 4, "excluded_lines": 0, "percent_statements_covered": 42.857142857142854, "percent_statements_covered_display": "43"}, "missing_lines": [326, 327, 328, 329], "excluded_lines": [], "start_line": 321}, "Filestore.write_ledger": {"executed_lines": [333, 334], "summary": {"covered_lines": 2, "num_statements": 2, "percent_covered": 100.0, "percent_covered_display": "100", "missing_lines": 0, "excluded_lines": 0, "percent_statements_covered": 100.0, "percent_statements_covered_display": "100"}, "missing_lines": [], "excluded_lines": [], "start_line": 332}, "Filestore.read_ledger": {"executed_lines": [337, 338, 340], "summary": {"covered_lines": 3, "num_statements": 4, "percent_covered": 75.0, "percent_covered_display": "75", "missing_lines": 1, "excluded_lines": 0, "percent_statements_covered": 75.0, "percent_statements_covered_display": "75"}, "missing_lines": [339], "excluded_lines": [], "start_line": 336}, "Filestore.read_ledgers": {"executed_lines": [346, 347, 348, 349, 350, 355], "summary": {"covered_lines": 6, "num_statements": 6, "percent_covered": 100.0, "percent_covered_display": "100", "missing_lines": 0, "excluded_lines": 0, "percent_statements_covered": 100.0, "percent_statements_covered_display": "100"}, "missing_lines": [], "excluded_lines": [], "start_line": 342}, "Filestore.relation_overrides_path": {"executed_lines": [360], "summary": {"covered_lines": 1, "num_statements": 1, "percent_covered": 100.0, "percent_covered_display": "100", "missing_lines": 0, "excluded_lines": 0, "percent_statements_covered": 100.0, "percent_statements_covered_display": "100"}, "missing_lines": [], "excluded_lines": [], "start_line": 359}, "Filestore.read_relation_overrides": {"executed_lines": [364, 365, 366, 367], "summary": {"covered_lines": 4, "num_statements": 4, "percent_covered": 100.0, "percent_covered_display": "100", "missing_lines": 0, "excluded_lines": 0, "percent_statements_covered": 100.0, "percent_statements_covered_display": "100"}, "missing_lines": [], "excluded_lines": [], "start_line": 362}, "Filestore.write_relation_overrides": {"executed_lines": [371, 372], "summary": {"covered_lines": 2, "num_statements": 2, "percent_covered": 100.0, "percent_covered_display": "100", "missing_lines": 0, "excluded_lines": 0, "percent_statements_covered": 100.0, "percent_statements_covered_display": "100"}, "missing_lines": [], "excluded_lines": [], "start_line": 369}, "Filestore.read_reconcile_overrides": {"executed_lines": [378, 379, 380, 381], "summary": {"covered_lines": 4, "num_statements": 4, "percent_covered": 100.0, "percent_covered_display": "100", "missing_lines": 0, "excluded_lines": 0, "percent_statements_covered": 100.0, "percent_statements_covered_display": "100"}, "missing_lines": [], "excluded_lines": [], "start_line": 377}, "Filestore.write_reconcile_overrides": {"executed_lines": [384, 385], "summary": {"covered_lines": 2, "num_statements": 2, "percent_covered": 100.0, "percent_covered_display": "100", "missing_lines": 0, "excluded_lines": 0, "percent_statements_covered": 100.0, "percent_statements_covered_display": "100"}, "missing_lines": [], "excluded_lines": [], "start_line": 383}, "Filestore.todo_list_path": {"executed_lines": [390], "summary": {"covered_lines": 1, "num_statements": 1, "percent_covered": 100.0, "percent_covered_display": "100", "missing_lines": 0, "excluded_lines": 0, "percent_statements_covered": 100.0, "percent_statements_covered_display": "100"}, "missing_lines": [], "excluded_lines": [], "start_line": 389}, "Filestore.write_todo_list": {"executed_lines": [394], "summary": {"covered_lines": 1, "num_statements": 1, "percent_covered": 100.0, "percent_covered_display": "100", "missing_lines": 0, "excluded_lines": 0, "percent_statements_covered": 100.0, "percent_statements_covered_display": "100"}, "missing_lines": [], "excluded_lines": [], "start_line": 392}, "Filestore.reconcile_report_path": {"executed_lines": [402], "summary": {"covered_lines": 1, "num_statements": 1, "percent_covered": 100.0, "percent_covered_display": "100", "missing_lines": 0, "excluded_lines": 0, "percent_statements_covered": 100.0, "percent_statements_covered_display": "100"}, "missing_lines": [], "excluded_lines": [], "start_line": 401}, "Filestore.write_reconcile_report": {"executed_lines": [406], "summary": {"covered_lines": 1, "num_statements": 1, "percent_covered": 100.0, "percent_covered_display": "100", "missing_lines": 0, "excluded_lines": 0, "percent_statements_covered": 100.0, "percent_statements_covered_display": "100"}, "missing_lines": [], "excluded_lines": [], "start_line": 404}, "Filestore.list_books": {"executed_lines": [415, 417, 418, 419, 420, 421, 422, 424, 425, 433], "summary": {"covered_lines": 10, "num_statements": 14, "percent_covered": 71.42857142857143, "percent_covered_display": "71", "missing_lines": 4, "excluded_lines": 0, "percent_statements_covered": 71.42857142857143, "percent_statements_covered_display": "71"}, "missing_lines": [416, 423, 430, 432], "excluded_lines": [], "start_line": 413}, "get_filestore": {"executed_lines": [448, 449, 450], "summary": {"covered_lines": 3, "num_statements": 3, "percent_covered": 100.0, "percent_covered_display": "100", "missing_lines": 0, "excluded_lines": 0, "percent_statements_covered": 100.0, "percent_statements_covered_display": "100"}, "missing_lines": [], "excluded_lines": [], "start_line": 441}, "": {"executed_lines": [16, 18, 19, 20, 21, 22, 23, 25, 26, 27, 28, 29, 30, 33, 48, 51, 57, 60, 63, 66, 69, 72, 74, 77, 86, 90, 95, 98, 101, 102, 105, 108, 111, 114, 117, 120, 123, 126, 131, 142, 150, 154, 162, 166, 172, 176, 198, 202, 208, 225, 238, 246, 269, 293, 299, 305, 309, 317, 321, 332, 336, 342, 359, 362, 369, 377, 383, 389, 392, 401, 404, 413, 438, 441], "summary": {"covered_lines": 74, "num_statements": 74, "percent_covered": 100.0, "percent_covered_display": "100", "missing_lines": 0, "excluded_lines": 0, "percent_statements_covered": 100.0, "percent_statements_covered_display": "100"}, "missing_lines": [], "excluded_lines": [], "start_line": 1}}, "classes": {"Filestore": {"executed_lines": [52, 53, 58, 61, 64, 67, 70, 73, 75, 78, 79, 80, 81, 82, 87, 91, 92, 93, 96, 99, 103, 106, 109, 112, 115, 118, 121, 124, 127, 133, 140, 151, 152, 155, 156, 157, 158, 163, 164, 167, 168, 170, 174, 178, 179, 181, 182, 183, 184, 193, 194, 199, 200, 203, 204, 206, 211, 212, 213, 220, 226, 227, 229, 230, 239, 240, 242, 243, 244, 248, 249, 250, 252, 253, 254, 255, 256, 257, 258, 259, 260, 261, 262, 263, 264, 265, 266, 267, 270, 271, 273, 274, 275, 276, 277, 279, 280, 281, 282, 283, 284, 285, 286, 287, 288, 291, 294, 295, 296, 297, 300, 301, 306, 307, 310, 311, 312, 313, 323, 324, 325, 333, 334, 337, 338, 340, 346, 347, 348, 349, 350, 355, 360, 364, 365, 366, 367, 371, 372, 378, 379, 380, 381, 384, 385, 390, 394, 402, 406, 415, 417, 418, 419, 420, 421, 422, 424, 425, 433], "summary": {"covered_lines": 159, "num_statements": 185, "percent_covered": 85.94594594594595, "percent_covered_display": "86", "missing_lines": 26, "excluded_lines": 0, "percent_statements_covered": 85.94594594594595, "percent_statements_covered_display": "86"}, "missing_lines": [83, 84, 144, 145, 146, 169, 180, 205, 228, 241, 251, 272, 278, 289, 290, 318, 319, 326, 327, 328, 329, 339, 416, 423, 430, 432], "excluded_lines": [], "start_line": 48}, "": {"executed_lines": [16, 18, 19, 20, 21, 22, 23, 25, 26, 27, 28, 29, 30, 33, 35, 36, 37, 38, 39, 41, 48, 51, 57, 60, 63, 66, 69, 72, 74, 77, 86, 90, 95, 98, 101, 102, 105, 108, 111, 114, 117, 120, 123, 126, 131, 142, 150, 154, 162, 166, 172, 176, 198, 202, 208, 225, 238, 246, 269, 293, 299, 305, 309, 317, 321, 332, 336, 342, 359, 362, 369, 377, 383, 389, 392, 401, 404, 413, 438, 441, 448, 449, 450], "summary": {"covered_lines": 83, "num_statements": 87, "percent_covered": 95.40229885057471, "percent_covered_display": "95", "missing_lines": 4, "excluded_lines": 0, "percent_statements_covered": 95.40229885057471, "percent_statements_covered_display": "95"}, "missing_lines": [42, 43, 44, 45], "excluded_lines": [], "start_line": 1}}}}, "totals": {"covered_lines": 3330, "num_statements": 4475, "percent_covered": 74.41340782122904, "percent_covered_display": "74", "missing_lines": 1145, "excluded_lines": 0, "percent_statements_covered": 74.41340782122904, "percent_statements_covered_display": "74"}}