{"meta": {"format": 3, "version": "7.16.0", "timestamp": "2026-09-13T23:04:24.848821", "branch_coverage": false, "show_contexts": false}, "files": {"app\\__init__.py": {"executed_lines": [], "summary": {"covered_lines": 0, "num_statements": 0, "percent_covered": 100.0, "percent_covered_display": "100", "missing_lines": 0, "excluded_lines": 0, "percent_statements_covered": 100.0, "percent_statements_covered_display": "100"}, "missing_lines": [], "excluded_lines": [], "functions": {"": {"executed_lines": [], "summary": {"covered_lines": 0, "num_statements": 0, "percent_covered": 100.0, "percent_covered_display": "100", "missing_lines": 0, "excluded_lines": 0, "percent_statements_covered": 100.0, "percent_statements_covered_display": "100"}, "missing_lines": [], "excluded_lines": [], "start_line": 1}}, "classes": {"": {"executed_lines": [], "summary": {"covered_lines": 0, "num_statements": 0, "percent_covered": 100.0, "percent_covered_display": "100", "missing_lines": 0, "excluded_lines": 0, "percent_statements_covered": 100.0, "percent_statements_covered_display": "100"}, "missing_lines": [], "excluded_lines": [], "start_line": 1}}}, "app\\agent\\__init__.py": {"executed_lines": [], "summary": {"covered_lines": 0, "num_statements": 0, "percent_covered": 100.0, "percent_covered_display": "100", "missing_lines": 0, "excluded_lines": 0, "percent_statements_covered": 100.0, "percent_statements_covered_display": "100"}, "missing_lines": [], "excluded_lines": [], "functions": {"": {"executed_lines": [], "summary": {"covered_lines": 0, "num_statements": 0, "percent_covered": 100.0, "percent_covered_display": "100", "missing_lines": 0, "excluded_lines": 0, "percent_statements_covered": 100.0, "percent_statements_covered_display": "100"}, "missing_lines": [], "excluded_lines": [], "start_line": 1}}, "classes": {"": {"executed_lines": [], "summary": {"covered_lines": 0, "num_statements": 0, "percent_covered": 100.0, "percent_covered_display": "100", "missing_lines": 0, "excluded_lines": 0, "percent_statements_covered": 100.0, "percent_statements_covered_display": "100"}, "missing_lines": [], "excluded_lines": [], "start_line": 1}}}, "app\\agent\\cast_writer.py": {"executed_lines": [11, 13, 14, 15, 17, 18, 19, 27, 28, 30, 33, 44, 56, 57, 60, 63, 64, 65, 68, 69, 70, 71, 72, 73, 76, 79, 81, 86, 93, 94, 101, 102, 109, 120, 121, 125, 186, 195, 196, 197, 204, 207, 208, 212, 214, 215, 218, 219, 220, 222, 225, 226, 231, 232, 235, 240, 248, 252, 259, 260, 262], "summary": {"covered_lines": 61, "num_statements": 122, "percent_covered": 50.0, "percent_covered_display": "50", "missing_lines": 61, "excluded_lines": 0, "percent_statements_covered": 50.0, "percent_statements_covered_display": "50"}, "missing_lines": [74, 75, 83, 84, 88, 89, 90, 91, 96, 97, 98, 99, 104, 105, 106, 107, 126, 128, 130, 131, 132, 133, 136, 139, 140, 143, 148, 149, 152, 154, 155, 161, 162, 163, 165, 166, 167, 168, 169, 180, 181, 182, 209, 210, 216, 227, 228, 233, 234, 236, 237, 241, 242, 243, 244, 245, 246, 249, 250, 264, 265], "excluded_lines": [], "functions": {"CastWriter.__init__": {"executed_lines": [56, 57, 60, 63, 64, 65, 68, 69, 70, 71, 72, 73, 76, 79], "summary": {"covered_lines": 14, "num_statements": 16, "percent_covered": 87.5, "percent_covered_display": "88", "missing_lines": 2, "excluded_lines": 0, "percent_statements_covered": 87.5, "percent_statements_covered_display": "88"}, "missing_lines": [74, 75], "excluded_lines": [], "start_line": 44}, "CastWriter._next_formal_id": {"executed_lines": [], "summary": {"covered_lines": 0, "num_statements": 2, "percent_covered": 0.0, "percent_covered_display": "0", "missing_lines": 2, "excluded_lines": 0, "percent_statements_covered": 0.0, "percent_statements_covered_display": "0"}, "missing_lines": [83, 84], "excluded_lines": [], "start_line": 81}, "CastWriter._find_by_canonical_name": {"executed_lines": [], "summary": {"covered_lines": 0, "num_statements": 4, "percent_covered": 0.0, "percent_covered_display": "0", "missing_lines": 4, "excluded_lines": 0, "percent_statements_covered": 0.0, "percent_statements_covered_display": "0"}, "missing_lines": [88, 89, 90, 91], "excluded_lines": [], "start_line": 86}, "CastWriter._parse_gender": {"executed_lines": [], "summary": {"covered_lines": 0, "num_statements": 4, "percent_covered": 0.0, "percent_covered_display": "0", "missing_lines": 4, "excluded_lines": 0, "percent_statements_covered": 0.0, "percent_statements_covered_display": "0"}, "missing_lines": [96, 97, 98, 99], "excluded_lines": [], "start_line": 94}, "CastWriter._parse_importance": {"executed_lines": [], "summary": {"covered_lines": 0, "num_statements": 4, "percent_covered": 0.0, "percent_covered_display": "0", "missing_lines": 4, "excluded_lines": 0, "percent_statements_covered": 0.0, "percent_statements_covered_display": "0"}, "missing_lines": [104, 105, 106, 107], "excluded_lines": [], "start_line": 102}, "CastWriter.apply": {"executed_lines": [120, 121, 125], "summary": {"covered_lines": 3, "num_statements": 29, "percent_covered": 10.344827586206897, "percent_covered_display": "10", "missing_lines": 26, "excluded_lines": 0, "percent_statements_covered": 10.344827586206897, "percent_statements_covered_display": "10"}, "missing_lines": [126, 128, 130, 131, 132, 133, 136, 139, 140, 143, 148, 149, 152, 154, 155, 161, 162, 163, 165, 166, 167, 168, 169, 180, 181, 182], "excluded_lines": [], "start_line": 109}, "CastWriter.finalize": {"executed_lines": [195, 196, 197, 204, 207, 208], "summary": {"covered_lines": 6, "num_statements": 8, "percent_covered": 75.0, "percent_covered_display": "75", "missing_lines": 2, "excluded_lines": 0, "percent_statements_covered": 75.0, "percent_statements_covered_display": "75"}, "missing_lines": [209, 210], "excluded_lines": [], "start_line": 186}, "CastWriter._rewrite_ledgers": {"executed_lines": [214, 215, 218, 219, 220, 222, 225, 226, 231, 232, 235, 240, 248], "summary": {"covered_lines": 13, "num_statements": 28, "percent_covered": 46.42857142857143, "percent_covered_display": "46", "missing_lines": 15, "excluded_lines": 0, "percent_statements_covered": 46.42857142857143, "percent_statements_covered_display": "46"}, "missing_lines": [216, 227, 228, 233, 234, 236, 237, 241, 242, 243, 244, 245, 246, 249, 250], "excluded_lines": [], "start_line": 212}, "CastWriter._detect_conflicts": {"executed_lines": [259, 260], "summary": {"covered_lines": 2, "num_statements": 2, "percent_covered": 100.0, "percent_covered_display": "100", "missing_lines": 0, "excluded_lines": 0, "percent_statements_covered": 100.0, "percent_statements_covered_display": "100"}, "missing_lines": [], "excluded_lines": [], "start_line": 252}, "CastWriter._write_merge_queue": {"executed_lines": [], "summary": {"covered_lines": 0, "num_statements": 2, "percent_covered": 0.0, "percent_covered_display": "0", "missing_lines": 2, "excluded_lines": 0, "percent_statements_covered": 0.0, "percent_statements_covered_display": "0"}, "missing_lines": [264, 265], "excluded_lines": [], "start_line": 262}, "": {"executed_lines": [11, 13, 14, 15, 17, 18, 19, 27, 28, 30, 33, 44, 81, 86, 93, 94, 101, 102, 109, 186, 212, 252, 262], "summary": {"covered_lines": 23, "num_statements": 23, "percent_covered": 100.0, "percent_covered_display": "100", "missing_lines": 0, "excluded_lines": 0, "percent_statements_covered": 100.0, "percent_statements_covered_display": "100"}, "missing_lines": [], "excluded_lines": [], "start_line": 1}}, "classes": {"CastWriter": {"executed_lines": [56, 57, 60, 63, 64, 65, 68, 69, 70, 71, 72, 73, 76, 79, 120, 121, 125, 195, 196, 197, 204, 207, 208, 214, 215, 218, 219, 220, 222, 225, 226, 231, 232, 235, 240, 248, 259, 260], "summary": {"covered_lines": 38, "num_statements": 99, "percent_covered": 38.38383838383838, "percent_covered_display": "38", "missing_lines": 61, "excluded_lines": 0, "percent_statements_covered": 38.38383838383838, "percent_statements_covered_display": "38"}, "missing_lines": [74, 75, 83, 84, 88, 89, 90, 91, 96, 97, 98, 99, 104, 105, 106, 107, 126, 128, 130, 131, 132, 133, 136, 139, 140, 143, 148, 149, 152, 154, 155, 161, 162, 163, 165, 166, 167, 168, 169, 180, 181, 182, 209, 210, 216, 227, 228, 233, 234, 236, 237, 241, 242, 243, 244, 245, 246, 249, 250, 264, 265], "excluded_lines": [], "start_line": 33}, "": {"executed_lines": [11, 13, 14, 15, 17, 18, 19, 27, 28, 30, 33, 44, 81, 86, 93, 94, 101, 102, 109, 186, 212, 252, 262], "summary": {"covered_lines": 23, "num_statements": 23, "percent_covered": 100.0, "percent_covered_display": "100", "missing_lines": 0, "excluded_lines": 0, "percent_statements_covered": 100.0, "percent_statements_covered_display": "100"}, "missing_lines": [], "excluded_lines": [], "start_line": 1}}}, "app\\agent\\chapter_agent.py": {"executed_lines": [14, 16, 17, 18, 19, 20, 21, 23, 25, 26, 31, 32, 33, 34, 35, 36, 38, 40, 48, 49, 52, 53, 54, 55, 56, 57, 58, 59, 62, 77, 78, 80, 81, 84, 106, 107, 110, 111, 112, 121, 124, 127, 130, 133, 139, 140, 141, 142, 145, 146, 149, 155, 156, 157, 158, 159, 160, 162, 163, 172, 175, 176, 177, 193, 194, 196, 199, 200, 201, 208, 209, 210, 211, 212, 213, 214, 221, 223, 224, 225, 226, 227, 229, 230, 231, 232, 233, 236, 237, 238, 247, 248, 249, 251, 255, 256, 261, 262, 269, 270, 271, 272, 273, 279, 285, 286, 288, 298, 299, 302, 316, 323, 324, 326, 327, 329, 330, 331, 332, 333, 334, 335, 337, 349, 350, 352, 353, 364, 367, 369, 370, 378, 379, 381], "summary": {"covered_lines": 134, "num_statements": 159, "percent_covered": 84.27672955974843, "percent_covered_display": "84", "missing_lines": 25, "excluded_lines": 0, "percent_statements_covered": 84.27672955974843, "percent_statements_covered_display": "84"}, "missing_lines": [164, 165, 184, 185, 186, 239, 240, 257, 263, 264, 303, 304, 305, 306, 307, 317, 325, 371, 372, 373, 374, 375, 376, 377, 380], "excluded_lines": [], "functions": {"_calc_max_steps": {"executed_lines": [77, 78, 80, 81], "summary": {"covered_lines": 4, "num_statements": 4, "percent_covered": 100.0, "percent_covered_display": "100", "missing_lines": 0, "excluded_lines": 0, "percent_statements_covered": 100.0, "percent_statements_covered_display": "100"}, "missing_lines": [], "excluded_lines": [], "start_line": 62}, "run_chapter_agent": {"executed_lines": [106, 107, 110, 111, 112, 121, 124, 127, 130, 133, 139, 140, 141, 142, 145, 146, 149, 155, 156, 157, 158, 159, 160, 162, 163, 172, 175, 176, 177, 193, 194, 196, 199, 200, 201, 208, 209, 210, 211, 212, 213, 214, 221, 223, 224, 225, 226, 227, 229, 230, 231, 232, 233, 236, 237, 238, 247, 248, 249, 251, 255, 256, 261, 262, 269, 270, 271, 272, 273, 279, 285, 286, 288, 298, 299, 302, 316, 323, 324, 326, 327, 329, 330, 331, 332, 333, 334, 335, 337, 349, 350, 352, 353, 364], "summary": {"covered_lines": 94, "num_statements": 111, "percent_covered": 84.68468468468468, "percent_covered_display": "85", "missing_lines": 17, "excluded_lines": 0, "percent_statements_covered": 84.68468468468468, "percent_statements_covered_display": "85"}, "missing_lines": [164, 165, 184, 185, 186, 239, 240, 257, 263, 264, 303, 304, 305, 306, 307, 317, 325], "excluded_lines": [], "start_line": 84}, "_summary_from_ai": {"executed_lines": [369, 370, 378, 379, 381], "summary": {"covered_lines": 5, "num_statements": 13, "percent_covered": 38.46153846153846, "percent_covered_display": "38", "missing_lines": 8, "excluded_lines": 0, "percent_statements_covered": 38.46153846153846, "percent_statements_covered_display": "38"}, "missing_lines": [371, 372, 373, 374, 375, 376, 377, 380], "excluded_lines": [], "start_line": 367}, "": {"executed_lines": [14, 16, 17, 18, 19, 20, 21, 23, 25, 26, 31, 32, 33, 34, 35, 36, 38, 40, 48, 49, 52, 53, 54, 55, 56, 57, 58, 59, 62, 84, 367], "summary": {"covered_lines": 31, "num_statements": 31, "percent_covered": 100.0, "percent_covered_display": "100", "missing_lines": 0, "excluded_lines": 0, "percent_statements_covered": 100.0, "percent_statements_covered_display": "100"}, "missing_lines": [], "excluded_lines": [], "start_line": 1}}, "classes": {"AgentResult": {"executed_lines": [], "summary": {"covered_lines": 0, "num_statements": 0, "percent_covered": 100.0, "percent_covered_display": "100", "missing_lines": 0, "excluded_lines": 0, "percent_statements_covered": 100.0, "percent_statements_covered_display": "100"}, "missing_lines": [], "excluded_lines": [], "start_line": 49}, "": {"executed_lines": [14, 16, 17, 18, 19, 20, 21, 23, 25, 26, 31, 32, 33, 34, 35, 36, 38, 40, 48, 49, 52, 53, 54, 55, 56, 57, 58, 59, 62, 77, 78, 80, 81, 84, 106, 107, 110, 111, 112, 121, 124, 127, 130, 133, 139, 140, 141, 142, 145, 146, 149, 155, 156, 157, 158, 159, 160, 162, 163, 172, 175, 176, 177, 193, 194, 196, 199, 200, 201, 208, 209, 210, 211, 212, 213, 214, 221, 223, 224, 225, 226, 227, 229, 230, 231, 232, 233, 236, 237, 238, 247, 248, 249, 251, 255, 256, 261, 262, 269, 270, 271, 272, 273, 279, 285, 286, 288, 298, 299, 302, 316, 323, 324, 326, 327, 329, 330, 331, 332, 333, 334, 335, 337, 349, 350, 352, 353, 364, 367, 369, 370, 378, 379, 381], "summary": {"covered_lines": 134, "num_statements": 159, "percent_covered": 84.27672955974843, "percent_covered_display": "84", "missing_lines": 25, "excluded_lines": 0, "percent_statements_covered": 84.27672955974843, "percent_statements_covered_display": "84"}, "missing_lines": [164, 165, 184, 185, 186, 239, 240, 257, 263, 264, 303, 304, 305, 306, 307, 317, 325, 371, 372, 373, 374, 375, 376, 377, 380], "excluded_lines": [], "start_line": 1}}}, "app\\agent\\faction_writer.py": {"executed_lines": [14, 16, 17, 18, 19, 21, 23, 24, 25, 26, 27, 28, 29, 30, 31, 32, 33, 35, 37, 40, 41, 44, 45, 46, 47, 50, 205], "summary": {"covered_lines": 27, "num_statements": 103, "percent_covered": 26.21359223300971, "percent_covered_display": "26", "missing_lines": 76, "excluded_lines": 0, "percent_statements_covered": 26.21359223300971, "percent_statements_covered_display": "26"}, "missing_lines": [72, 73, 74, 76, 77, 79, 88, 94, 95, 97, 98, 100, 116, 117, 118, 119, 121, 122, 123, 124, 125, 126, 128, 129, 130, 134, 135, 136, 141, 142, 143, 145, 146, 147, 152, 154, 155, 156, 157, 158, 159, 160, 161, 163, 164, 165, 166, 168, 169, 171, 172, 174, 182, 183, 185, 186, 187, 193, 202, 219, 221, 222, 224, 225, 226, 229, 233, 238, 239, 240, 241, 242, 243, 244, 245, 252], "excluded_lines": [], "functions": {"run_faction_agent": {"executed_lines": [], "summary": {"covered_lines": 0, "num_statements": 59, "percent_covered": 0.0, "percent_covered_display": "0", "missing_lines": 59, "excluded_lines": 0, "percent_statements_covered": 0.0, "percent_statements_covered_display": "0"}, "missing_lines": [72, 73, 74, 76, 77, 79, 88, 94, 95, 97, 98, 100, 116, 117, 118, 119, 121, 122, 123, 124, 125, 126, 128, 129, 130, 134, 135, 136, 141, 142, 143, 145, 146, 147, 152, 154, 155, 156, 157, 158, 159, 160, 161, 163, 164, 165, 166, 168, 169, 171, 172, 174, 182, 183, 185, 186, 187, 193, 202], "excluded_lines": [], "start_line": 50}, "extract_factions": {"executed_lines": [], "summary": {"covered_lines": 0, "num_statements": 17, "percent_covered": 0.0, "percent_covered_display": "0", "missing_lines": 17, "excluded_lines": 0, "percent_statements_covered": 0.0, "percent_statements_covered_display": "0"}, "missing_lines": [219, 221, 222, 224, 225, 226, 229, 233, 238, 239, 240, 241, 242, 243, 244, 245, 252], "excluded_lines": [], "start_line": 205}, "": {"executed_lines": [14, 16, 17, 18, 19, 21, 23, 24, 25, 26, 27, 28, 29, 30, 31, 32, 33, 35, 37, 40, 41, 44, 45, 46, 47, 50, 205], "summary": {"covered_lines": 27, "num_statements": 27, "percent_covered": 100.0, "percent_covered_display": "100", "missing_lines": 0, "excluded_lines": 0, "percent_statements_covered": 100.0, "percent_statements_covered_display": "100"}, "missing_lines": [], "excluded_lines": [], "start_line": 1}}, "classes": {"FactionResult": {"executed_lines": [], "summary": {"covered_lines": 0, "num_statements": 0, "percent_covered": 100.0, "percent_covered_display": "100", "missing_lines": 0, "excluded_lines": 0, "percent_statements_covered": 100.0, "percent_statements_covered_display": "100"}, "missing_lines": [], "excluded_lines": [], "start_line": 41}, "": {"executed_lines": [14, 16, 17, 18, 19, 21, 23, 24, 25, 26, 27, 28, 29, 30, 31, 32, 33, 35, 37, 40, 41, 44, 45, 46, 47, 50, 205], "summary": {"covered_lines": 27, "num_statements": 103, "percent_covered": 26.21359223300971, "percent_covered_display": "26", "missing_lines": 76, "excluded_lines": 0, "percent_statements_covered": 26.21359223300971, "percent_statements_covered_display": "26"}, "missing_lines": [72, 73, 74, 76, 77, 79, 88, 94, 95, 97, 98, 100, 116, 117, 118, 119, 121, 122, 123, 124, 125, 126, 128, 129, 130, 134, 135, 136, 141, 142, 143, 145, 146, 147, 152, 154, 155, 156, 157, 158, 159, 160, 161, 163, 164, 165, 166, 168, 169, 171, 172, 174, 182, 183, 185, 186, 187, 193, 202, 219, 221, 222, 224, 225, 226, 229, 233, 238, 239, 240, 241, 242, 243, 244, 245, 252], "excluded_lines": [], "start_line": 1}}}, "app\\agent\\llm.py": {"executed_lines": [2, 4, 5, 6, 7, 8, 10, 12, 13, 14, 16, 19, 23, 27, 29, 31, 32, 33, 34, 35, 36, 37, 38, 41, 43, 44, 45, 48, 49, 52, 54, 55, 56, 57, 58, 59, 60, 65, 68, 70, 71, 75, 78, 80, 82, 83, 88, 91, 94, 95, 98, 99, 100, 101, 102, 103, 104, 105, 106, 107, 108, 109, 110, 111, 112, 113, 114, 115, 116, 118, 119, 127, 144, 146, 147, 149, 151, 152, 153, 154, 155, 157, 159, 168, 174, 176, 179, 180, 185, 190, 191, 192, 197, 198, 199, 200, 201, 202, 204, 209, 211, 213, 214, 215, 216, 217, 218, 219, 220, 221, 222, 223, 229, 230, 233, 243, 244, 245, 246, 247, 248, 249, 250, 251, 252, 253, 255, 256, 257, 260, 261, 262, 270, 271, 272, 276, 277, 282, 283, 284, 285, 287, 289, 290, 291, 292, 296, 297, 298, 299, 305, 306, 307, 308, 310, 313, 323, 324, 326, 327, 328, 332, 333, 334, 335, 346, 348, 349, 352, 354, 359, 362], "summary": {"covered_lines": 172, "num_statements": 209, "percent_covered": 82.29665071770334, "percent_covered_display": "82", "missing_lines": 37, "excluded_lines": 0, "percent_statements_covered": 82.29665071770334, "percent_statements_covered_display": "82"}, "missing_lines": [30, 46, 47, 61, 62, 63, 64, 81, 177, 181, 182, 183, 186, 187, 188, 193, 194, 195, 286, 288, 300, 302, 303, 309, 325, 367, 368, 369, 370, 371, 372, 373, 374, 375, 376, 377, 378], "excluded_lines": [], "functions": {"_usage_from_response": {"executed_lines": [29, 31, 32, 33, 34, 35, 36, 37, 38], "summary": {"covered_lines": 9, "num_statements": 10, "percent_covered": 90.0, "percent_covered_display": "90", "missing_lines": 1, "excluded_lines": 0, "percent_statements_covered": 90.0, "percent_statements_covered_display": "90"}, "missing_lines": [30], "excluded_lines": [], "start_line": 27}, "structured_parsed": {"executed_lines": [43, 44, 45, 48, 49], "summary": {"covered_lines": 5, "num_statements": 7, "percent_covered": 71.42857142857143, "percent_covered_display": "71", "missing_lines": 2, "excluded_lines": 0, "percent_statements_covered": 71.42857142857143, "percent_statements_covered_display": "71"}, "missing_lines": [46, 47], "excluded_lines": [], "start_line": 41}, "_message_chars": {"executed_lines": [54, 55, 56, 57, 58, 59, 60, 65], "summary": {"covered_lines": 8, "num_statements": 12, "percent_covered": 66.66666666666667, "percent_covered_display": "67", "missing_lines": 4, "excluded_lines": 0, "percent_statements_covered": 66.66666666666667, "percent_statements_covered_display": "67"}, "missing_lines": [61, 62, 63, 64], "excluded_lines": [], "start_line": 52}, "is_quota_or_budget_error": {"executed_lines": [70, 71, 75], "summary": {"covered_lines": 3, "num_statements": 3, "percent_covered": 100.0, "percent_covered_display": "100", "missing_lines": 0, "excluded_lines": 0, "percent_statements_covered": 100.0, "percent_statements_covered_display": "100"}, "missing_lines": [], "excluded_lines": [], "start_line": 68}, "is_retryable_llm_error": {"executed_lines": [80, 82, 83, 88], "summary": {"covered_lines": 4, "num_statements": 5, "percent_covered": 80.0, "percent_covered_display": "80", "missing_lines": 1, "excluded_lines": 0, "percent_statements_covered": 80.0, "percent_statements_covered_display": "80"}, "missing_lines": [81], "excluded_lines": [], "start_line": 78}, "LLMControl.from_settings": {"executed_lines": [127], "summary": {"covered_lines": 1, "num_statements": 1, "percent_covered": 100.0, "percent_covered_display": "100", "missing_lines": 0, "excluded_lines": 0, "percent_statements_covered": 100.0, "percent_statements_covered_display": "100"}, "missing_lines": [], "excluded_lines": [], "start_line": 119}, "LLMControl.emit": {"executed_lines": [146, 147], "summary": {"covered_lines": 2, "num_statements": 2, "percent_covered": 100.0, "percent_covered_display": "100", "missing_lines": 0, "excluded_lines": 0, "percent_statements_covered": 100.0, "percent_statements_covered_display": "100"}, "missing_lines": [], "excluded_lines": [], "start_line": 144}, "LLMControl.stop": {"executed_lines": [151, 152, 153, 154, 155], "summary": {"covered_lines": 5, "num_statements": 5, "percent_covered": 100.0, "percent_covered_display": "100", "missing_lines": 0, "excluded_lines": 0, "percent_statements_covered": 100.0, "percent_statements_covered_display": "100"}, "missing_lines": [], "excluded_lines": [], "start_line": 149}, "LLMControl.snapshot": {"executed_lines": [159], "summary": {"covered_lines": 1, "num_statements": 1, "percent_covered": 100.0, "percent_covered_display": "100", "missing_lines": 0, "excluded_lines": 0, "percent_statements_covered": 100.0, "percent_statements_covered_display": "100"}, "missing_lines": [], "excluded_lines": [], "start_line": 157}, "LLMControl.reserve": {"executed_lines": [174, 176, 179, 180, 185, 190, 191, 192, 197, 198, 199, 200, 201, 202, 204, 209], "summary": {"covered_lines": 16, "num_statements": 26, "percent_covered": 61.53846153846154, "percent_covered_display": "62", "missing_lines": 10, "excluded_lines": 0, "percent_statements_covered": 61.53846153846154, "percent_statements_covered_display": "62"}, "missing_lines": [177, 181, 182, 183, 186, 187, 188, 193, 194, 195], "excluded_lines": [], "start_line": 168}, "LLMControl.record_response": {"executed_lines": [213, 214, 215, 216, 217, 218, 219, 220, 221, 222, 223, 229, 230], "summary": {"covered_lines": 13, "num_statements": 13, "percent_covered": 100.0, "percent_covered_display": "100", "missing_lines": 0, "excluded_lines": 0, "percent_statements_covered": 100.0, "percent_statements_covered_display": "100"}, "missing_lines": [], "excluded_lines": [], "start_line": 211}, "invoke_controlled": {"executed_lines": [243, 244, 245, 246, 247, 248, 249, 250, 251, 252, 253, 255, 256, 257, 260, 261, 262, 270, 271, 272, 276, 277, 282, 283, 284, 285, 287, 289, 290, 291, 292, 296, 297, 298, 299, 305, 306, 307, 308, 310], "summary": {"covered_lines": 40, "num_statements": 46, "percent_covered": 86.95652173913044, "percent_covered_display": "87", "missing_lines": 6, "excluded_lines": 0, "percent_statements_covered": 86.95652173913044, "percent_statements_covered_display": "87"}, "missing_lines": [286, 288, 300, 302, 303, 309], "excluded_lines": [], "start_line": 233}, "create_chat_model": {"executed_lines": [323, 324, 326, 327, 328, 332, 333, 334, 335], "summary": {"covered_lines": 9, "num_statements": 10, "percent_covered": 90.0, "percent_covered_display": "90", "missing_lines": 1, "excluded_lines": 0, "percent_statements_covered": 90.0, "percent_statements_covered_display": "90"}, "missing_lines": [325], "excluded_lines": [], "start_line": 313}, "get_chapter_llm": {"executed_lines": [348, 349], "summary": {"covered_lines": 2, "num_statements": 2, "percent_covered": 100.0, "percent_covered_display": "100", "missing_lines": 0, "excluded_lines": 0, "percent_statements_covered": 100.0, "percent_statements_covered_display": "100"}, "missing_lines": [], "excluded_lines": [], "start_line": 346}, "get_reconcile_llm": {"executed_lines": [354, 359], "summary": {"covered_lines": 2, "num_statements": 2, "percent_covered": 100.0, "percent_covered_display": "100", "missing_lines": 0, "excluded_lines": 0, "percent_statements_covered": 100.0, "percent_statements_covered_display": "100"}, "missing_lines": [], "excluded_lines": [], "start_line": 352}, "check_connectivity": {"executed_lines": [], "summary": {"covered_lines": 0, "num_statements": 12, "percent_covered": 0.0, "percent_covered_display": "0", "missing_lines": 12, "excluded_lines": 0, "percent_statements_covered": 0.0, "percent_statements_covered_display": "0"}, "missing_lines": [367, 368, 369, 370, 371, 372, 373, 374, 375, 376, 377, 378], "excluded_lines": [], "start_line": 362}, "": {"executed_lines": [2, 4, 5, 6, 7, 8, 10, 12, 13, 14, 16, 19, 23, 27, 41, 52, 68, 78, 91, 94, 95, 98, 99, 100, 101, 102, 103, 104, 105, 106, 107, 108, 109, 110, 111, 112, 113, 114, 115, 116, 118, 119, 144, 149, 157, 168, 211, 233, 313, 346, 352, 362], "summary": {"covered_lines": 52, "num_statements": 52, "percent_covered": 100.0, "percent_covered_display": "100", "missing_lines": 0, "excluded_lines": 0, "percent_statements_covered": 100.0, "percent_statements_covered_display": "100"}, "missing_lines": [], "excluded_lines": [], "start_line": 1}}, "classes": {"LLMStopped": {"executed_lines": [], "summary": {"covered_lines": 0, "num_statements": 0, "percent_covered": 100.0, "percent_covered_display": "100", "missing_lines": 0, "excluded_lines": 0, "percent_statements_covered": 100.0, "percent_statements_covered_display": "100"}, "missing_lines": [], "excluded_lines": [], "start_line": 19}, "LLMBudgetExceeded": {"executed_lines": [], "summary": {"covered_lines": 0, "num_statements": 0, "percent_covered": 100.0, "percent_covered_display": "100", "missing_lines": 0, "excluded_lines": 0, "percent_statements_covered": 100.0, "percent_statements_covered_display": "100"}, "missing_lines": [], "excluded_lines": [], "start_line": 23}, "LLMControl": {"executed_lines": [127, 146, 147, 151, 152, 153, 154, 155, 159, 174, 176, 179, 180, 185, 190, 191, 192, 197, 198, 199, 200, 201, 202, 204, 209, 213, 214, 215, 216, 217, 218, 219, 220, 221, 222, 223, 229, 230], "summary": {"covered_lines": 38, "num_statements": 48, "percent_covered": 79.16666666666667, "percent_covered_display": "79", "missing_lines": 10, "excluded_lines": 0, "percent_statements_covered": 79.16666666666667, "percent_statements_covered_display": "79"}, "missing_lines": [177, 181, 182, 183, 186, 187, 188, 193, 194, 195], "excluded_lines": [], "start_line": 95}, "": {"executed_lines": [2, 4, 5, 6, 7, 8, 10, 12, 13, 14, 16, 19, 23, 27, 29, 31, 32, 33, 34, 35, 36, 37, 38, 41, 43, 44, 45, 48, 49, 52, 54, 55, 56, 57, 58, 59, 60, 65, 68, 70, 71, 75, 78, 80, 82, 83, 88, 91, 94, 95, 98, 99, 100, 101, 102, 103, 104, 105, 106, 107, 108, 109, 110, 111, 112, 113, 114, 115, 116, 118, 119, 144, 149, 157, 168, 211, 233, 243, 244, 245, 246, 247, 248, 249, 250, 251, 252, 253, 255, 256, 257, 260, 261, 262, 270, 271, 272, 276, 277, 282, 283, 284, 285, 287, 289, 290, 291, 292, 296, 297, 298, 299, 305, 306, 307, 308, 310, 313, 323, 324, 326, 327, 328, 332, 333, 334, 335, 346, 348, 349, 352, 354, 359, 362], "summary": {"covered_lines": 134, "num_statements": 161, "percent_covered": 83.22981366459628, "percent_covered_display": "83", "missing_lines": 27, "excluded_lines": 0, "percent_statements_covered": 83.22981366459628, "percent_statements_covered_display": "83"}, "missing_lines": [30, 46, 47, 61, 62, 63, 64, 81, 286, 288, 300, 302, 303, 309, 325, 367, 368, 369, 370, 371, 372, 373, 374, 375, 376, 377, 378], "excluded_lines": [], "start_line": 1}}}, "app\\agent\\prompts\\__init__.py": {"executed_lines": [], "summary": {"covered_lines": 0, "num_statements": 0, "percent_covered": 100.0, "percent_covered_display": "100", "missing_lines": 0, "excluded_lines": 0, "percent_statements_covered": 100.0, "percent_statements_covered_display": "100"}, "missing_lines": [], "excluded_lines": [], "functions": {"": {"executed_lines": [], "summary": {"covered_lines": 0, "num_statements": 0, "percent_covered": 100.0, "percent_covered_display": "100", "missing_lines": 0, "excluded_lines": 0, "percent_statements_covered": 100.0, "percent_statements_covered_display": "100"}, "missing_lines": [], "excluded_lines": [], "start_line": 1}}, "classes": {"": {"executed_lines": [], "summary": {"covered_lines": 0, "num_statements": 0, "percent_covered": 100.0, "percent_covered_display": "100", "missing_lines": 0, "excluded_lines": 0, "percent_statements_covered": 100.0, "percent_statements_covered_display": "100"}, "missing_lines": [], "excluded_lines": [], "start_line": 1}}}, "app\\agent\\prompts\\chapter.py": {"executed_lines": [7, 9, 11, 12, 13, 15, 19, 51, 53, 54, 56, 57, 58, 59, 61, 64, 66, 83, 90, 109, 123, 124, 126, 127, 129, 130, 136, 138, 143], "summary": {"covered_lines": 29, "num_statements": 30, "percent_covered": 96.66666666666667, "percent_covered_display": "97", "missing_lines": 1, "excluded_lines": 0, "percent_statements_covered": 96.66666666666667, "percent_statements_covered_display": "97"}, "missing_lines": [151], "excluded_lines": [], "functions": {"_build_cast_summary": {"executed_lines": [53, 54, 56, 57, 58, 59, 61], "summary": {"covered_lines": 7, "num_statements": 7, "percent_covered": 100.0, "percent_covered_display": "100", "missing_lines": 0, "excluded_lines": 0, "percent_statements_covered": 100.0, "percent_statements_covered_display": "100"}, "missing_lines": [], "excluded_lines": [], "start_line": 51}, "_build_short_chapter_prompt": {"executed_lines": [66], "summary": {"covered_lines": 1, "num_statements": 1, "percent_covered": 100.0, "percent_covered_display": "100", "missing_lines": 0, "excluded_lines": 0, "percent_statements_covered": 100.0, "percent_statements_covered_display": "100"}, "missing_lines": [], "excluded_lines": [], "start_line": 64}, "_build_long_chapter_prompt": {"executed_lines": [90], "summary": {"covered_lines": 1, "num_statements": 1, "percent_covered": 100.0, "percent_covered_display": "100", "missing_lines": 0, "excluded_lines": 0, "percent_statements_covered": 100.0, "percent_statements_covered_display": "100"}, "missing_lines": [], "excluded_lines": [], "start_line": 83}, "build_user_prompt": {"executed_lines": [123, 124, 126, 127, 129, 130], "summary": {"covered_lines": 6, "num_statements": 6, "percent_covered": 100.0, "percent_covered_display": "100", "missing_lines": 0, "excluded_lines": 0, "percent_statements_covered": 100.0, "percent_statements_covered_display": "100"}, "missing_lines": [], "excluded_lines": [], "start_line": 109}, "build_system_prompt": {"executed_lines": [138], "summary": {"covered_lines": 1, "num_statements": 1, "percent_covered": 100.0, "percent_covered_display": "100", "missing_lines": 0, "excluded_lines": 0, "percent_statements_covered": 100.0, "percent_statements_covered_display": "100"}, "missing_lines": [], "excluded_lines": [], "start_line": 136}, "get_chapter_prompt_template": {"executed_lines": [], "summary": {"covered_lines": 0, "num_statements": 1, "percent_covered": 0.0, "percent_covered_display": "0", "missing_lines": 1, "excluded_lines": 0, "percent_statements_covered": 0.0, "percent_statements_covered_display": "0"}, "missing_lines": [151], "excluded_lines": [], "start_line": 143}, "": {"executed_lines": [7, 9, 11, 12, 13, 15, 19, 51, 64, 83, 109, 136, 143], "summary": {"covered_lines": 13, "num_statements": 13, "percent_covered": 100.0, "percent_covered_display": "100", "missing_lines": 0, "excluded_lines": 0, "percent_statements_covered": 100.0, "percent_statements_covered_display": "100"}, "missing_lines": [], "excluded_lines": [], "start_line": 1}}, "classes": {"": {"executed_lines": [7, 9, 11, 12, 13, 15, 19, 51, 53, 54, 56, 57, 58, 59, 61, 64, 66, 83, 90, 109, 123, 124, 126, 127, 129, 130, 136, 138, 143], "summary": {"covered_lines": 29, "num_statements": 30, "percent_covered": 96.66666666666667, "percent_covered_display": "97", "missing_lines": 1, "excluded_lines": 0, "percent_statements_covered": 96.66666666666667, "percent_statements_covered_display": "97"}, "missing_lines": [151], "excluded_lines": [], "start_line": 1}}}, "app\\agent\\prompts\\faction.py": {"executed_lines": [10, 12, 13, 14, 15, 17, 20, 22, 24, 94, 99, 121, 148, 158], "summary": {"covered_lines": 14, "num_statements": 51, "percent_covered": 27.45098039215686, "percent_covered_display": "27", "missing_lines": 37, "excluded_lines": 0, "percent_statements_covered": 27.45098039215686, "percent_statements_covered_display": "27"}, "missing_lines": [96, 101, 102, 104, 105, 106, 107, 108, 109, 110, 111, 112, 115, 118, 127, 128, 129, 130, 131, 132, 133, 134, 135, 136, 138, 139, 141, 142, 143, 144, 145, 150, 151, 152, 167, 168, 172], "excluded_lines": [], "functions": {"build_system_prompt": {"executed_lines": [], "summary": {"covered_lines": 0, "num_statements": 1, "percent_covered": 0.0, "percent_covered_display": "0", "missing_lines": 1, "excluded_lines": 0, "percent_statements_covered": 0.0, "percent_statements_covered_display": "0"}, "missing_lines": [96], "excluded_lines": [], "start_line": 94}, "_build_cast_roster": {"executed_lines": [], "summary": {"covered_lines": 0, "num_statements": 13, "percent_covered": 0.0, "percent_covered_display": "0", "missing_lines": 13, "excluded_lines": 0, "percent_statements_covered": 0.0, "percent_statements_covered_display": "0"}, "missing_lines": [101, 102, 104, 105, 106, 107, 108, 109, 110, 111, 112, 115, 118], "excluded_lines": [], "start_line": 99}, "_build_edge_skeleton": {"executed_lines": [], "summary": {"covered_lines": 0, "num_statements": 17, "percent_covered": 0.0, "percent_covered_display": "0", "missing_lines": 17, "excluded_lines": 0, "percent_statements_covered": 0.0, "percent_statements_covered_display": "0"}, "missing_lines": [127, 128, 129, 130, 131, 132, 133, 134, 135, 136, 138, 139, 141, 142, 143, 144, 145], "excluded_lines": [], "start_line": 121}, "_build_chapter_summaries": {"executed_lines": [], "summary": {"covered_lines": 0, "num_statements": 3, "percent_covered": 0.0, "percent_covered_display": "0", "missing_lines": 3, "excluded_lines": 0, "percent_statements_covered": 0.0, "percent_statements_covered_display": "0"}, "missing_lines": [150, 151, 152], "excluded_lines": [], "start_line": 148}, "build_user_prompt": {"executed_lines": [], "summary": {"covered_lines": 0, "num_statements": 3, "percent_covered": 0.0, "percent_covered_display": "0", "missing_lines": 3, "excluded_lines": 0, "percent_statements_covered": 0.0, "percent_statements_covered_display": "0"}, "missing_lines": [167, 168, 172], "excluded_lines": [], "start_line": 158}, "": {"executed_lines": [10, 12, 13, 14, 15, 17, 20, 22, 24, 94, 99, 121, 148, 158], "summary": {"covered_lines": 14, "num_statements": 14, "percent_covered": 100.0, "percent_covered_display": "100", "missing_lines": 0, "excluded_lines": 0, "percent_statements_covered": 100.0, "percent_statements_covered_display": "100"}, "missing_lines": [], "excluded_lines": [], "start_line": 1}}, "classes": {"": {"executed_lines": [10, 12, 13, 14, 15, 17, 20, 22, 24, 94, 99, 121, 148, 158], "summary": {"covered_lines": 14, "num_statements": 51, "percent_covered": 27.45098039215686, "percent_covered_display": "27", "missing_lines": 37, "excluded_lines": 0, "percent_statements_covered": 27.45098039215686, "percent_statements_covered_display": "27"}, "missing_lines": [96, 101, 102, 104, 105, 106, 107, 108, 109, 110, 111, 112, 115, 118, 127, 128, 129, 130, 131, 132, 133, 134, 135, 136, 138, 139, 141, 142, 143, 144, 145, 150, 151, 152, 167, 168, 172], "excluded_lines": [], "start_line": 1}}}, "app\\agent\\prompts\\reconcile.py": {"executed_lines": [9, 11, 12, 13, 14, 16, 20, 43, 45, 53, 55, 56, 58, 59, 60, 61, 63, 66, 68, 71, 79, 82, 91, 94, 101, 103, 106, 108, 111, 112, 113, 115, 118, 133, 134, 137, 139, 140, 141, 143], "summary": {"covered_lines": 40, "num_statements": 52, "percent_covered": 76.92307692307692, "percent_covered_display": "77", "missing_lines": 12, "excluded_lines": 0, "percent_statements_covered": 76.92307692307692, "percent_statements_covered_display": "77"}, "missing_lines": [72, 73, 74, 83, 84, 85, 86, 95, 96, 97, 109, 135], "excluded_lines": [], "functions": {"build_system_prompt": {"executed_lines": [45], "summary": {"covered_lines": 1, "num_statements": 1, "percent_covered": 100.0, "percent_covered_display": "100", "missing_lines": 0, "excluded_lines": 0, "percent_statements_covered": 100.0, "percent_statements_covered_display": "100"}, "missing_lines": [], "excluded_lines": [], "start_line": 43}, "_build_cast_summary": {"executed_lines": [55, 56, 58, 59, 60, 61, 63], "summary": {"covered_lines": 7, "num_statements": 7, "percent_covered": 100.0, "percent_covered_display": "100", "missing_lines": 0, "excluded_lines": 0, "percent_statements_covered": 100.0, "percent_statements_covered_display": "100"}, "missing_lines": [], "excluded_lines": [], "start_line": 53}, "_build_suspects_text": {"executed_lines": [68, 71, 79, 82, 91, 94, 101, 103], "summary": {"covered_lines": 8, "num_statements": 18, "percent_covered": 44.44444444444444, "percent_covered_display": "44", "missing_lines": 10, "excluded_lines": 0, "percent_statements_covered": 44.44444444444444, "percent_statements_covered_display": "44"}, "missing_lines": [72, 73, 74, 83, 84, 85, 86, 95, 96, 97], "excluded_lines": [], "start_line": 66}, "_build_chapter_summaries": {"executed_lines": [108, 111, 112, 113, 115], "summary": {"covered_lines": 5, "num_statements": 6, "percent_covered": 83.33333333333333, "percent_covered_display": "83", "missing_lines": 1, "excluded_lines": 0, "percent_statements_covered": 83.33333333333333, "percent_statements_covered_display": "83"}, "missing_lines": [109], "excluded_lines": [], "start_line": 106}, "build_user_prompt": {"executed_lines": [133, 134, 137, 139, 140, 141, 143], "summary": {"covered_lines": 7, "num_statements": 8, "percent_covered": 87.5, "percent_covered_display": "88", "missing_lines": 1, "excluded_lines": 0, "percent_statements_covered": 87.5, "percent_statements_covered_display": "88"}, "missing_lines": [135], "excluded_lines": [], "start_line": 118}, "": {"executed_lines": [9, 11, 12, 13, 14, 16, 20, 43, 53, 66, 106, 118], "summary": {"covered_lines": 12, "num_statements": 12, "percent_covered": 100.0, "percent_covered_display": "100", "missing_lines": 0, "excluded_lines": 0, "percent_statements_covered": 100.0, "percent_statements_covered_display": "100"}, "missing_lines": [], "excluded_lines": [], "start_line": 1}}, "classes": {"": {"executed_lines": [9, 11, 12, 13, 14, 16, 20, 43, 45, 53, 55, 56, 58, 59, 60, 61, 63, 66, 68, 71, 79, 82, 91, 94, 101, 103, 106, 108, 111, 112, 113, 115, 118, 133, 134, 137, 139, 140, 141, 143], "summary": {"covered_lines": 40, "num_statements": 52, "percent_covered": 76.92307692307692, "percent_covered_display": "77", "missing_lines": 12, "excluded_lines": 0, "percent_statements_covered": 76.92307692307692, "percent_statements_covered_display": "77"}, "missing_lines": [72, 73, 74, 83, 84, 85, 86, 95, 96, 97, 109, 135], "excluded_lines": [], "start_line": 1}}}, "app\\agent\\reconcile_agent.py": {"executed_lines": [14, 16, 17, 18, 19, 21, 23, 24, 25, 26, 27, 28, 29, 30, 31, 32, 34, 37, 45, 47, 48, 49, 50, 51, 54, 55, 58, 59, 60, 61, 64, 89, 90, 91, 93, 102, 103, 106, 113, 114, 117, 118, 121, 127, 128, 129, 130, 132, 133, 135, 136, 140, 141, 142, 156, 157, 159, 162, 163, 172, 173, 174, 176, 177, 178, 180, 182, 183, 186, 187, 194, 195, 196, 201, 203, 209, 210, 214, 216, 225, 234, 235, 238, 249, 250, 251, 252, 253, 254, 255, 257, 262, 263, 271], "summary": {"covered_lines": 94, "num_statements": 111, "percent_covered": 84.68468468468468, "percent_covered_display": "85", "missing_lines": 17, "excluded_lines": 0, "percent_statements_covered": 84.68468468468468, "percent_statements_covered_display": "85"}, "missing_lines": [46, 134, 137, 149, 150, 151, 164, 169, 175, 184, 188, 189, 202, 217, 239, 243, 256], "excluded_lines": [], "functions": {"_compact_tool_history": {"executed_lines": [45, 47, 48, 49, 50, 51], "summary": {"covered_lines": 6, "num_statements": 7, "percent_covered": 85.71428571428571, "percent_covered_display": "86", "missing_lines": 1, "excluded_lines": 0, "percent_statements_covered": 85.71428571428571, "percent_statements_covered_display": "86"}, "missing_lines": [46], "excluded_lines": [], "start_line": 37}, "run_reconcile_agent": {"executed_lines": [89, 90, 91, 93, 102, 103, 106, 113, 114, 117, 118, 121, 127, 128, 129, 130, 132, 133, 135, 136, 140, 141, 142, 156, 157, 159, 162, 163, 172, 173, 174, 176, 177, 178, 180, 182, 183, 186, 187, 194, 195, 196, 201, 203, 209, 210, 214, 216, 225, 234, 235, 238, 249, 250, 251, 252, 253, 254, 255, 257, 262, 263, 271], "summary": {"covered_lines": 63, "num_statements": 79, "percent_covered": 79.74683544303798, "percent_covered_display": "80", "missing_lines": 16, "excluded_lines": 0, "percent_statements_covered": 79.74683544303798, "percent_statements_covered_display": "80"}, "missing_lines": [134, 137, 149, 150, 151, 164, 169, 175, 184, 188, 189, 202, 217, 239, 243, 256], "excluded_lines": [], "start_line": 64}, "": {"executed_lines": [14, 16, 17, 18, 19, 21, 23, 24, 25, 26, 27, 28, 29, 30, 31, 32, 34, 37, 54, 55, 58, 59, 60, 61, 64], "summary": {"covered_lines": 25, "num_statements": 25, "percent_covered": 100.0, "percent_covered_display": "100", "missing_lines": 0, "excluded_lines": 0, "percent_statements_covered": 100.0, "percent_statements_covered_display": "100"}, "missing_lines": [], "excluded_lines": [], "start_line": 1}}, "classes": {"ReconcileResult": {"executed_lines": [], "summary": {"covered_lines": 0, "num_statements": 0, "percent_covered": 100.0, "percent_covered_display": "100", "missing_lines": 0, "excluded_lines": 0, "percent_statements_covered": 100.0, "percent_statements_covered_display": "100"}, "missing_lines": [], "excluded_lines": [], "start_line": 55}, "": {"executed_lines": [14, 16, 17, 18, 19, 21, 23, 24, 25, 26, 27, 28, 29, 30, 31, 32, 34, 37, 45, 47, 48, 49, 50, 51, 54, 55, 58, 59, 60, 61, 64, 89, 90, 91, 93, 102, 103, 106, 113, 114, 117, 118, 121, 127, 128, 129, 130, 132, 133, 135, 136, 140, 141, 142, 156, 157, 159, 162, 163, 172, 173, 174, 176, 177, 178, 180, 182, 183, 186, 187, 194, 195, 196, 201, 203, 209, 210, 214, 216, 225, 234, 235, 238, 249, 250, 251, 252, 253, 254, 255, 257, 262, 263, 271], "summary": {"covered_lines": 94, "num_statements": 111, "percent_covered": 84.68468468468468, "percent_covered_display": "85", "missing_lines": 17, "excluded_lines": 0, "percent_statements_covered": 84.68468468468468, "percent_statements_covered_display": "85"}, "missing_lines": [46, 134, 137, 149, 150, 151, 164, 169, 175, 184, 188, 189, 202, 217, 239, 243, 256], "excluded_lines": [], "start_line": 1}}}, "app\\agent\\relation_normalizer.py": {"executed_lines": [2, 4, 5, 6, 7, 9, 10, 12, 13, 14, 15, 18, 19, 20, 21, 22, 23, 26, 27, 30, 31, 32, 35, 37, 47, 49, 56, 58, 59, 62, 74, 75, 76, 77, 78, 79, 80, 81, 82, 83, 84, 91, 92, 93, 96, 97, 98, 99, 106, 107, 115, 117, 118, 119, 120, 125, 127, 128, 129, 130, 131, 132, 133, 134, 138, 139, 140, 141, 142, 145, 166, 167, 168, 169, 170, 173, 174, 175, 176, 179, 180, 181, 182, 183, 184, 185, 186, 187, 188, 189, 190, 191, 195, 198, 199, 200, 201, 204, 205, 213, 214, 216, 221, 222, 224, 225, 226, 227, 228, 235, 260, 261, 262, 263, 264, 265, 266, 267, 269, 271, 279, 280, 281, 282, 283, 284, 293], "summary": {"covered_lines": 127, "num_statements": 162, "percent_covered": 78.39506172839506, "percent_covered_display": "78", "missing_lines": 35, "excluded_lines": 0, "percent_statements_covered": 78.39506172839506, "percent_statements_covered_display": "78"}, "missing_lines": [121, 122, 135, 136, 137, 177, 178, 192, 193, 194, 206, 207, 208, 209, 210, 217, 218, 219, 220, 237, 238, 242, 252, 253, 254, 255, 256, 257, 268, 272, 273, 274, 275, 276, 277], "excluded_lines": [], "functions": {"_cache_key": {"executed_lines": [49], "summary": {"covered_lines": 1, "num_statements": 1, "percent_covered": 100.0, "percent_covered_display": "100", "missing_lines": 0, "excluded_lines": 0, "percent_statements_covered": 100.0, "percent_statements_covered_display": "100"}, "missing_lines": [], "excluded_lines": [], "start_line": 47}, "_emit": {"executed_lines": [58, 59], "summary": {"covered_lines": 2, "num_statements": 2, "percent_covered": 100.0, "percent_covered_display": "100", "missing_lines": 0, "excluded_lines": 0, "percent_statements_covered": 100.0, "percent_statements_covered_display": "100"}, "missing_lines": [], "excluded_lines": [], "start_line": 56}, "_apply_resolution": {"executed_lines": [74, 75, 76, 77, 78, 79, 80, 81, 82, 83, 84, 91, 92, 93, 96, 97, 98, 99, 106, 107], "summary": {"covered_lines": 20, "num_statements": 20, "percent_covered": 100.0, "percent_covered_display": "100", "missing_lines": 0, "excluded_lines": 0, "percent_statements_covered": 100.0, "percent_statements_covered_display": "100"}, "missing_lines": [], "excluded_lines": [], "start_line": 62}, "_apply_cached": {"executed_lines": [117, 118, 119, 120], "summary": {"covered_lines": 4, "num_statements": 6, "percent_covered": 66.66666666666667, "percent_covered_display": "67", "missing_lines": 2, "excluded_lines": 0, "percent_statements_covered": 66.66666666666667, "percent_statements_covered_display": "67"}, "missing_lines": [121, 122], "excluded_lines": [], "start_line": 115}, "_make_batches": {"executed_lines": [127, 128, 129, 130, 131, 132, 133, 134, 138, 139, 140, 141, 142], "summary": {"covered_lines": 13, "num_statements": 16, "percent_covered": 81.25, "percent_covered_display": "81", "missing_lines": 3, "excluded_lines": 0, "percent_statements_covered": 81.25, "percent_statements_covered_display": "81"}, "missing_lines": [135, 136, 137], "excluded_lines": [], "start_line": 125}, "normalize_relations": {"executed_lines": [166, 167, 168, 169, 170, 173, 174, 175, 176, 179, 180, 181, 182, 183, 184, 185, 186, 187, 188, 189, 190, 191, 195, 198, 199, 200, 201, 204, 205, 213, 214, 216, 221, 222, 224, 225, 226, 227, 228, 235, 260, 261, 262, 263, 264, 265, 266, 267, 269, 271, 279, 280, 281, 282, 283, 284, 293], "summary": {"covered_lines": 57, "num_statements": 87, "percent_covered": 65.51724137931035, "percent_covered_display": "66", "missing_lines": 30, "excluded_lines": 0, "percent_statements_covered": 65.51724137931035, "percent_statements_covered_display": "66"}, "missing_lines": [177, 178, 192, 193, 194, 206, 207, 208, 209, 210, 217, 218, 219, 220, 237, 238, 242, 252, 253, 254, 255, 256, 257, 268, 272, 273, 274, 275, 276, 277], "excluded_lines": [], "start_line": 145}, "": {"executed_lines": [2, 4, 5, 6, 7, 9, 10, 12, 13, 14, 15, 18, 19, 20, 21, 22, 23, 26, 27, 30, 31, 32, 35, 37, 47, 56, 62, 115, 125, 145], "summary": {"covered_lines": 30, "num_statements": 30, "percent_covered": 100.0, "percent_covered_display": "100", "missing_lines": 0, "excluded_lines": 0, "percent_statements_covered": 100.0, "percent_statements_covered_display": "100"}, "missing_lines": [], "excluded_lines": [], "start_line": 1}}, "classes": {"Resolution": {"executed_lines": [], "summary": {"covered_lines": 0, "num_statements": 0, "percent_covered": 100.0, "percent_covered_display": "100", "missing_lines": 0, "excluded_lines": 0, "percent_statements_covered": 100.0, "percent_statements_covered_display": "100"}, "missing_lines": [], "excluded_lines": [], "start_line": 18}, "ResolutionItem": {"executed_lines": [], "summary": {"covered_lines": 0, "num_statements": 0, "percent_covered": 100.0, "percent_covered_display": "100", "missing_lines": 0, "excluded_lines": 0, "percent_statements_covered": 100.0, "percent_statements_covered_display": "100"}, "missing_lines": [], "excluded_lines": [], "start_line": 26}, "ResolutionBatch": {"executed_lines": [], "summary": {"covered_lines": 0, "num_statements": 0, "percent_covered": 100.0, "percent_covered_display": "100", "missing_lines": 0, "excluded_lines": 0, "percent_statements_covered": 100.0, "percent_statements_covered_display": "100"}, "missing_lines": [], "excluded_lines": [], "start_line": 30}, "": {"executed_lines": [2, 4, 5, 6, 7, 9, 10, 12, 13, 14, 15, 18, 19, 20, 21, 22, 23, 26, 27, 30, 31, 32, 35, 37, 47, 49, 56, 58, 59, 62, 74, 75, 76, 77, 78, 79, 80, 81, 82, 83, 84, 91, 92, 93, 96, 97, 98, 99, 106, 107, 115, 117, 118, 119, 120, 125, 127, 128, 129, 130, 131, 132, 133, 134, 138, 139, 140, 141, 142, 145, 166, 167, 168, 169, 170, 173, 174, 175, 176, 179, 180, 181, 182, 183, 184, 185, 186, 187, 188, 189, 190, 191, 195, 198, 199, 200, 201, 204, 205, 213, 214, 216, 221, 222, 224, 225, 226, 227, 228, 235, 260, 261, 262, 263, 264, 265, 266, 267, 269, 271, 279, 280, 281, 282, 283, 284, 293], "summary": {"covered_lines": 127, "num_statements": 162, "percent_covered": 78.39506172839506, "percent_covered_display": "78", "missing_lines": 35, "excluded_lines": 0, "percent_statements_covered": 78.39506172839506, "percent_statements_covered_display": "78"}, "missing_lines": [121, 122, 135, 136, 137, 177, 178, 192, 193, 194, 206, 207, 208, 209, 210, 217, 218, 219, 220, 237, 238, 242, 252, 253, 254, 255, 256, 257, 268, 272, 273, 274, 275, 276, 277], "excluded_lines": [], "start_line": 1}}}, "app\\agent\\relation_pipeline.py": {"executed_lines": [2, 4, 5, 6, 7, 9, 10, 11, 13, 16, 33, 34, 35, 36, 40, 41, 43, 44, 46, 47, 49, 53, 54, 58, 59, 61, 69, 72, 87, 88, 98, 99, 101, 102, 103, 106, 122, 123, 124, 125, 129, 130, 133, 134, 136, 137, 138, 139, 140, 141, 142, 146, 148, 149, 150, 154, 159, 162, 164, 166, 167, 169, 170, 172, 173, 174, 183, 184, 186, 187, 188, 189, 191, 200, 201], "summary": {"covered_lines": 75, "num_statements": 83, "percent_covered": 90.36144578313252, "percent_covered_display": "90", "missing_lines": 8, "excluded_lines": 0, "percent_statements_covered": 90.36144578313252, "percent_statements_covered_display": "90"}, "missing_lines": [100, 135, 155, 156, 179, 180, 181, 185], "excluded_lines": [], "functions": {"enrich_relations": {"executed_lines": [33, 34, 35, 36, 40, 41, 46, 47, 49, 53, 54, 58, 59, 61, 69], "summary": {"covered_lines": 15, "num_statements": 15, "percent_covered": 100.0, "percent_covered_display": "100", "missing_lines": 0, "excluded_lines": 0, "percent_statements_covered": 100.0, "percent_statements_covered_display": "100"}, "missing_lines": [], "excluded_lines": [], "start_line": 16}, "enrich_relations.chapter_progress": {"executed_lines": [43, 44], "summary": {"covered_lines": 2, "num_statements": 2, "percent_covered": 100.0, "percent_covered_display": "100", "missing_lines": 0, "excluded_lines": 0, "percent_statements_covered": 100.0, "percent_statements_covered_display": "100"}, "missing_lines": [], "excluded_lines": [], "start_line": 41}, "enrich_ledger": {"executed_lines": [87, 88, 98, 99, 101, 102, 103], "summary": {"covered_lines": 7, "num_statements": 8, "percent_covered": 87.5, "percent_covered_display": "88", "missing_lines": 1, "excluded_lines": 0, "percent_statements_covered": 87.5, "percent_statements_covered_display": "88"}, "missing_lines": [100], "excluded_lines": [], "start_line": 72}, "enrich_ledgers": {"executed_lines": [122, 123, 124, 125, 129, 130, 133, 134, 136, 137, 138, 139, 140, 141, 142, 146, 150, 154, 159, 162, 164, 200, 201], "summary": {"covered_lines": 23, "num_statements": 26, "percent_covered": 88.46153846153847, "percent_covered_display": "88", "missing_lines": 3, "excluded_lines": 0, "percent_statements_covered": 88.46153846153847, "percent_statements_covered_display": "88"}, "missing_lines": [135, 155, 156], "excluded_lines": [], "start_line": 106}, "enrich_ledgers.normalize_progress": {"executed_lines": [148, 149], "summary": {"covered_lines": 2, "num_statements": 2, "percent_covered": 100.0, "percent_covered_display": "100", "missing_lines": 0, "excluded_lines": 0, "percent_statements_covered": 100.0, "percent_statements_covered_display": "100"}, "missing_lines": [], "excluded_lines": [], "start_line": 146}, "enrich_ledgers.verify_one": {"executed_lines": [166, 167, 172, 173, 174, 183, 184, 186, 187, 188, 189, 191], "summary": {"covered_lines": 12, "num_statements": 16, "percent_covered": 75.0, "percent_covered_display": "75", "missing_lines": 4, "excluded_lines": 0, "percent_statements_covered": 75.0, "percent_statements_covered_display": "75"}, "missing_lines": [179, 180, 181, 185], "excluded_lines": [], "start_line": 164}, "enrich_ledgers.verify_one.verify_progress": {"executed_lines": [169, 170], "summary": {"covered_lines": 2, "num_statements": 2, "percent_covered": 100.0, "percent_covered_display": "100", "missing_lines": 0, "excluded_lines": 0, "percent_statements_covered": 100.0, "percent_statements_covered_display": "100"}, "missing_lines": [], "excluded_lines": [], "start_line": 167}, "": {"executed_lines": [2, 4, 5, 6, 7, 9, 10, 11, 13, 16, 72, 106], "summary": {"covered_lines": 12, "num_statements": 12, "percent_covered": 100.0, "percent_covered_display": "100", "missing_lines": 0, "excluded_lines": 0, "percent_statements_covered": 100.0, "percent_statements_covered_display": "100"}, "missing_lines": [], "excluded_lines": [], "start_line": 1}}, "classes": {"": {"executed_lines": [2, 4, 5, 6, 7, 9, 10, 11, 13, 16, 33, 34, 35, 36, 40, 41, 43, 44, 46, 47, 49, 53, 54, 58, 59, 61, 69, 72, 87, 88, 98, 99, 101, 102, 103, 106, 122, 123, 124, 125, 129, 130, 133, 134, 136, 137, 138, 139, 140, 141, 142, 146, 148, 149, 150, 154, 159, 162, 164, 166, 167, 169, 170, 172, 173, 174, 183, 184, 186, 187, 188, 189, 191, 200, 201], "summary": {"covered_lines": 75, "num_statements": 83, "percent_covered": 90.36144578313252, "percent_covered_display": "90", "missing_lines": 8, "excluded_lines": 0, "percent_statements_covered": 90.36144578313252, "percent_statements_covered_display": "90"}, "missing_lines": [100, 135, 155, 156, 179, 180, 181, 185], "excluded_lines": [], "start_line": 1}}}, "app\\agent\\relation_verifier.py": {"executed_lines": [2, 4, 5, 6, 7, 9, 10, 12, 13, 14, 15, 16, 19, 20, 21, 22, 23, 26, 27, 30, 33, 53, 55, 56, 57, 59, 60, 61, 62, 64, 75, 76, 77, 78, 79, 80, 82, 86, 90, 91, 92, 93, 102, 104, 105, 112, 113, 114, 115, 116, 118, 119, 120, 122, 124, 125, 128, 129, 130, 131, 139, 140], "summary": {"covered_lines": 62, "num_statements": 65, "percent_covered": 95.38461538461539, "percent_covered_display": "95", "missing_lines": 3, "excluded_lines": 0, "percent_statements_covered": 95.38461538461539, "percent_statements_covered_display": "95"}, "missing_lines": [87, 88, 123], "excluded_lines": [], "functions": {"verify_relations": {"executed_lines": [53, 55, 56, 57, 59, 60, 61, 62, 64, 75, 76, 77, 78, 79, 80, 82, 139, 140], "summary": {"covered_lines": 18, "num_statements": 18, "percent_covered": 100.0, "percent_covered_display": "100", "missing_lines": 0, "excluded_lines": 0, "percent_statements_covered": 100.0, "percent_statements_covered_display": "100"}, "missing_lines": [], "excluded_lines": [], "start_line": 33}, "verify_relations.verify_batch": {"executed_lines": [86, 90, 91, 92, 93, 102, 104, 105, 112, 113, 114, 115, 116, 118, 119, 120, 122, 124, 125, 128, 129, 130, 131], "summary": {"covered_lines": 23, "num_statements": 26, "percent_covered": 88.46153846153847, "percent_covered_display": "88", "missing_lines": 3, "excluded_lines": 0, "percent_statements_covered": 88.46153846153847, "percent_statements_covered_display": "88"}, "missing_lines": [87, 88, 123], "excluded_lines": [], "start_line": 82}, "": {"executed_lines": [2, 4, 5, 6, 7, 9, 10, 12, 13, 14, 15, 16, 19, 20, 21, 22, 23, 26, 27, 30, 33], "summary": {"covered_lines": 21, "num_statements": 21, "percent_covered": 100.0, "percent_covered_display": "100", "missing_lines": 0, "excluded_lines": 0, "percent_statements_covered": 100.0, "percent_statements_covered_display": "100"}, "missing_lines": [], "excluded_lines": [], "start_line": 1}}, "classes": {"Verdict": {"executed_lines": [], "summary": {"covered_lines": 0, "num_statements": 0, "percent_covered": 100.0, "percent_covered_display": "100", "missing_lines": 0, "excluded_lines": 0, "percent_statements_covered": 100.0, "percent_statements_covered_display": "100"}, "missing_lines": [], "excluded_lines": [], "start_line": 19}, "VerdictBatch": {"executed_lines": [], "summary": {"covered_lines": 0, "num_statements": 0, "percent_covered": 100.0, "percent_covered_display": "100", "missing_lines": 0, "excluded_lines": 0, "percent_statements_covered": 100.0, "percent_statements_covered_display": "100"}, "missing_lines": [], "excluded_lines": [], "start_line": 26}, "": {"executed_lines": [2, 4, 5, 6, 7, 9, 10, 12, 13, 14, 15, 16, 19, 20, 21, 22, 23, 26, 27, 30, 33, 53, 55, 56, 57, 59, 60, 61, 62, 64, 75, 76, 77, 78, 79, 80, 82, 86, 90, 91, 92, 93, 102, 104, 105, 112, 113, 114, 115, 116, 118, 119, 120, 122, 124, 125, 128, 129, 130, 131, 139, 140], "summary": {"covered_lines": 62, "num_statements": 65, "percent_covered": 95.38461538461539, "percent_covered_display": "95", "missing_lines": 3, "excluded_lines": 0, "percent_statements_covered": 95.38461538461539, "percent_statements_covered_display": "95"}, "missing_lines": [87, 88, 123], "excluded_lines": [], "start_line": 1}}}, "app\\agent\\tools.py": {"executed_lines": [13, 15, 16, 17, 18, 20, 22, 23, 24, 25, 26, 27, 34, 41, 48, 49, 51, 57, 58, 65, 66, 67, 68, 69, 70, 71, 72, 73, 74, 76, 78, 79, 80, 81, 82, 83, 85, 87, 88, 90, 92, 93, 94, 96, 98, 99, 100, 101, 103, 105, 107, 109, 110, 111, 112, 114, 119, 127, 133, 140, 141, 145, 146, 206, 207, 240, 241, 278, 279, 305, 306, 307, 308, 309, 310, 311, 313, 322, 323, 332, 333, 334, 342, 346, 347, 356, 362, 368, 374, 378, 379, 402, 403, 405, 406, 407, 409, 410, 423, 433, 434, 435, 446, 447, 457, 458, 464, 479, 480, 494, 496, 502, 504, 514, 523, 524, 527, 528, 529, 530, 531, 532, 533, 535, 537, 539, 547, 554, 555, 559, 560, 572, 573, 600, 601, 654, 655, 678, 679, 686, 687, 688, 697, 701, 705, 706, 726, 727, 728, 729, 730, 732, 733, 735, 738, 740, 741, 742, 743, 744, 746, 747, 748, 750, 751, 752, 756, 759, 760, 761, 762, 763, 767, 768, 771, 772, 780, 781, 782, 783, 785, 787, 788, 789, 790, 797, 798, 799, 810, 811, 812, 813, 814, 821, 823, 825, 827, 830, 831, 832, 835, 836, 837, 838, 839, 840, 847, 854, 861, 863, 872, 874, 883, 884, 887, 888, 889, 890, 891, 892, 894, 898, 908], "summary": {"covered_lines": 223, "num_statements": 429, "percent_covered": 51.981351981351985, "percent_covered_display": "52", "missing_lines": 206, "excluded_lines": 0, "percent_statements_covered": 51.981351981351985, "percent_statements_covered_display": "52"}, "missing_lines": [159, 160, 164, 165, 171, 173, 174, 175, 176, 181, 184, 185, 186, 187, 188, 191, 193, 202, 218, 219, 220, 221, 226, 227, 228, 229, 230, 232, 233, 234, 236, 249, 250, 251, 261, 262, 263, 269, 274, 314, 319, 324, 329, 335, 340, 341, 343, 411, 424, 448, 449, 516, 517, 541, 542, 543, 544, 577, 579, 580, 581, 582, 587, 588, 589, 590, 591, 592, 593, 594, 596, 613, 614, 618, 619, 624, 626, 627, 628, 629, 634, 635, 636, 637, 638, 639, 641, 650, 666, 667, 668, 669, 670, 671, 731, 745, 749, 753, 764, 784, 786, 800, 801, 802, 803, 807, 808, 809, 822, 824, 828, 829, 896, 900, 901, 902, 905, 911, 915, 916, 928, 929, 930, 932, 933, 934, 935, 940, 941, 942, 943, 944, 945, 946, 948, 952, 953, 964, 965, 966, 967, 968, 975, 976, 989, 990, 992, 993, 994, 995, 996, 997, 998, 1000, 1001, 1002, 1004, 1005, 1006, 1008, 1009, 1010, 1011, 1012, 1016, 1017, 1018, 1020, 1021, 1022, 1023, 1028, 1030, 1036, 1037, 1038, 1040, 1041, 1042, 1043, 1044, 1047, 1048, 1049, 1050, 1051, 1054, 1055, 1056, 1059, 1069, 1070, 1071, 1072, 1073, 1075, 1076, 1077, 1078, 1085, 1095, 1096, 1107, 1109, 1114, 1123], "excluded_lines": [], "functions": {"ChapterToolContext.has_read_all": {"executed_lines": [78, 79, 80, 81, 82, 83], "summary": {"covered_lines": 6, "num_statements": 6, "percent_covered": 100.0, "percent_covered_display": "100", "missing_lines": 0, "excluded_lines": 0, "percent_statements_covered": 100.0, "percent_statements_covered_display": "100"}, "missing_lines": [], "excluded_lines": [], "start_line": 76}, "ChapterToolContext.next_temp_id": {"executed_lines": [87, 88], "summary": {"covered_lines": 2, "num_statements": 2, "percent_covered": 100.0, "percent_covered_display": "100", "missing_lines": 0, "excluded_lines": 0, "percent_statements_covered": 100.0, "percent_statements_covered_display": "100"}, "missing_lines": [], "excluded_lines": [], "start_line": 85}, "ChapterToolContext.all_known_person_ids": {"executed_lines": [92, 93, 94], "summary": {"covered_lines": 3, "num_statements": 3, "percent_covered": 100.0, "percent_covered_display": "100", "missing_lines": 0, "excluded_lines": 0, "percent_statements_covered": 100.0, "percent_statements_covered_display": "100"}, "missing_lines": [], "excluded_lines": [], "start_line": 90}, "ChapterToolContext.get_chapter_content": {"executed_lines": [98, 99, 100, 101], "summary": {"covered_lines": 4, "num_statements": 4, "percent_covered": 100.0, "percent_covered_display": "100", "missing_lines": 0, "excluded_lines": 0, "percent_statements_covered": 100.0, "percent_statements_covered_display": "100"}, "missing_lines": [], "excluded_lines": [], "start_line": 96}, "ChapterToolContext.has_accumulated_work": {"executed_lines": [105], "summary": {"covered_lines": 1, "num_statements": 1, "percent_covered": 100.0, "percent_covered_display": "100", "missing_lines": 0, "excluded_lines": 0, "percent_statements_covered": 100.0, "percent_statements_covered_display": "100"}, "missing_lines": [], "excluded_lines": [], "start_line": 103}, "ChapterToolContext.finalize_submit": {"executed_lines": [109, 110, 111, 112, 114, 119, 127], "summary": {"covered_lines": 7, "num_statements": 7, "percent_covered": 100.0, "percent_covered_display": "100", "missing_lines": 0, "excluded_lines": 0, "percent_statements_covered": 100.0, "percent_statements_covered_display": "100"}, "missing_lines": [], "excluded_lines": [], "start_line": 107}, "make_tools": {"executed_lines": [140, 141, 145, 146, 206, 207, 240, 241, 278, 279, 378, 379, 479, 480, 504], "summary": {"covered_lines": 15, "num_statements": 15, "percent_covered": 100.0, "percent_covered_display": "100", "missing_lines": 0, "excluded_lines": 0, "percent_statements_covered": 100.0, "percent_statements_covered_display": "100"}, "missing_lines": [], "excluded_lines": [], "start_line": 133}, "make_tools.read_chapter_window": {"executed_lines": [], "summary": {"covered_lines": 0, "num_statements": 18, "percent_covered": 0.0, "percent_covered_display": "0", "missing_lines": 18, "excluded_lines": 0, "percent_statements_covered": 0.0, "percent_statements_covered_display": "0"}, "missing_lines": [159, 160, 164, 165, 171, 173, 174, 175, 176, 181, 184, 185, 186, 187, 188, 191, 193, 202], "excluded_lines": [], "start_line": 146}, "make_tools.grep_in_chapter": {"executed_lines": [], "summary": {"covered_lines": 0, "num_statements": 13, "percent_covered": 0.0, "percent_covered_display": "0", "missing_lines": 13, "excluded_lines": 0, "percent_statements_covered": 0.0, "percent_statements_covered_display": "0"}, "missing_lines": [218, 219, 220, 221, 226, 227, 228, 229, 230, 232, 233, 234, 236], "excluded_lines": [], "start_line": 207}, "make_tools.query_cast": {"executed_lines": [], "summary": {"covered_lines": 0, "num_statements": 8, "percent_covered": 0.0, "percent_covered_display": "0", "missing_lines": 8, "excluded_lines": 0, "percent_statements_covered": 0.0, "percent_statements_covered_display": "0"}, "missing_lines": [249, 250, 251, 261, 262, 263, 269, 274], "excluded_lines": [], "start_line": 241}, "make_tools.propose_persons": {"executed_lines": [305, 306, 307, 308, 309, 310, 311, 313, 322, 323, 332, 333, 334, 342, 346, 347, 356, 362, 368, 374], "summary": {"covered_lines": 20, "num_statements": 28, "percent_covered": 71.42857142857143, "percent_covered_display": "71", "missing_lines": 8, "excluded_lines": 0, "percent_statements_covered": 71.42857142857143, "percent_statements_covered_display": "71"}, "missing_lines": [314, 319, 324, 329, 335, 340, 341, 343], "excluded_lines": [], "start_line": 279}, "make_tools.submit_relations": {"executed_lines": [402, 403, 405, 406, 407, 409, 410, 423, 433, 434, 435, 446, 447, 457, 458, 464], "summary": {"covered_lines": 16, "num_statements": 20, "percent_covered": 80.0, "percent_covered_display": "80", "missing_lines": 4, "excluded_lines": 0, "percent_statements_covered": 80.0, "percent_statements_covered_display": "80"}, "missing_lines": [411, 424, 448, 449], "excluded_lines": [], "start_line": 379}, "make_tools.submit_result": {"executed_lines": [494, 496, 502], "summary": {"covered_lines": 3, "num_statements": 3, "percent_covered": 100.0, "percent_covered_display": "100", "missing_lines": 0, "excluded_lines": 0, "percent_statements_covered": 100.0, "percent_statements_covered_display": "100"}, "missing_lines": [], "excluded_lines": [], "start_line": 480}, "_get_default_filestore": {"executed_lines": [], "summary": {"covered_lines": 0, "num_statements": 2, "percent_covered": 0.0, "percent_covered_display": "0", "missing_lines": 2, "excluded_lines": 0, "percent_statements_covered": 0.0, "percent_statements_covered_display": "0"}, "missing_lines": [516, 517], "excluded_lines": [], "start_line": 514}, "ReconcileToolContext.all_person_ids": {"executed_lines": [537], "summary": {"covered_lines": 1, "num_statements": 1, "percent_covered": 100.0, "percent_covered_display": "100", "missing_lines": 0, "excluded_lines": 0, "percent_statements_covered": 100.0, "percent_statements_covered_display": "100"}, "missing_lines": [], "excluded_lines": [], "start_line": 535}, "ReconcileToolContext.get_chapter_content": {"executed_lines": [], "summary": {"covered_lines": 0, "num_statements": 4, "percent_covered": 0.0, "percent_covered_display": "0", "missing_lines": 4, "excluded_lines": 0, "percent_statements_covered": 0.0, "percent_statements_covered_display": "0"}, "missing_lines": [541, 542, 543, 544], "excluded_lines": [], "start_line": 539}, "make_reconcile_tools": {"executed_lines": [554, 555, 559, 560, 600, 601, 654, 655, 678, 679, 705, 706, 863], "summary": {"covered_lines": 13, "num_statements": 13, "percent_covered": 100.0, "percent_covered_display": "100", "missing_lines": 0, "excluded_lines": 0, "percent_statements_covered": 100.0, "percent_statements_covered_display": "100"}, "missing_lines": [], "excluded_lines": [], "start_line": 547}, "make_reconcile_tools.search_in_chapter": {"executed_lines": [572, 573], "summary": {"covered_lines": 2, "num_statements": 16, "percent_covered": 12.5, "percent_covered_display": "12", "missing_lines": 14, "excluded_lines": 0, "percent_statements_covered": 12.5, "percent_statements_covered_display": "12"}, "missing_lines": [577, 579, 580, 581, 582, 587, 588, 589, 590, 591, 592, 593, 594, 596], "excluded_lines": [], "start_line": 560}, "make_reconcile_tools.read_chapter_text": {"executed_lines": [], "summary": {"covered_lines": 0, "num_statements": 17, "percent_covered": 0.0, "percent_covered_display": "0", "missing_lines": 17, "excluded_lines": 0, "percent_statements_covered": 0.0, "percent_statements_covered_display": "0"}, "missing_lines": [613, 614, 618, 619, 624, 626, 627, 628, 629, 634, 635, 636, 637, 638, 639, 641, 650], "excluded_lines": [], "start_line": 601}, "make_reconcile_tools.get_chapter_result": {"executed_lines": [], "summary": {"covered_lines": 0, "num_statements": 6, "percent_covered": 0.0, "percent_covered_display": "0", "missing_lines": 6, "excluded_lines": 0, "percent_statements_covered": 0.0, "percent_statements_covered_display": "0"}, "missing_lines": [666, 667, 668, 669, 670, 671], "excluded_lines": [], "start_line": 655}, "make_reconcile_tools.query_cast": {"executed_lines": [686, 687, 688, 697, 701], "summary": {"covered_lines": 5, "num_statements": 5, "percent_covered": 100.0, "percent_covered_display": "100", "missing_lines": 0, "excluded_lines": 0, "percent_statements_covered": 100.0, "percent_statements_covered_display": "100"}, "missing_lines": [], "excluded_lines": [], "start_line": 679}, "make_reconcile_tools.submit_reconciliation": {"executed_lines": [726, 727, 728, 729, 730, 732, 733, 735, 738, 740, 741, 742, 743, 744, 746, 747, 748, 750, 751, 752, 756, 759, 760, 761, 762, 763, 767, 768, 771, 772, 780, 781, 782, 783, 785, 787, 788, 789, 790, 797, 798, 799, 810, 811, 812, 813, 814, 821, 823, 825, 827, 830, 831, 832, 835, 836, 837, 838, 839, 840, 847, 854, 861], "summary": {"covered_lines": 63, "num_statements": 81, "percent_covered": 77.77777777777777, "percent_covered_display": "78", "missing_lines": 18, "excluded_lines": 0, "percent_statements_covered": 77.77777777777777, "percent_statements_covered_display": "78"}, "missing_lines": [731, 745, 749, 753, 764, 784, 786, 800, 801, 802, 803, 807, 808, 809, 822, 824, 828, 829], "excluded_lines": [], "start_line": 706}, "_validation_error": {"executed_lines": [874], "summary": {"covered_lines": 1, "num_statements": 1, "percent_covered": 100.0, "percent_covered_display": "100", "missing_lines": 0, "excluded_lines": 0, "percent_statements_covered": 100.0, "percent_statements_covered_display": "100"}, "missing_lines": [], "excluded_lines": [], "start_line": 872}, "FactionToolContext.all_person_ids": {"executed_lines": [], "summary": {"covered_lines": 0, "num_statements": 1, "percent_covered": 0.0, "percent_covered_display": "0", "missing_lines": 1, "excluded_lines": 0, "percent_statements_covered": 0.0, "percent_statements_covered_display": "0"}, "missing_lines": [896], "excluded_lines": [], "start_line": 894}, "FactionToolContext.get_chapter_content": {"executed_lines": [], "summary": {"covered_lines": 0, "num_statements": 4, "percent_covered": 0.0, "percent_covered_display": "0", "missing_lines": 4, "excluded_lines": 0, "percent_statements_covered": 0.0, "percent_statements_covered_display": "0"}, "missing_lines": [900, 901, 902, 905], "excluded_lines": [], "start_line": 898}, "make_faction_tools": {"executed_lines": [], "summary": {"covered_lines": 0, "num_statements": 8, "percent_covered": 0.0, "percent_covered_display": "0", "missing_lines": 8, "excluded_lines": 0, "percent_statements_covered": 0.0, "percent_statements_covered_display": "0"}, "missing_lines": [911, 915, 916, 952, 953, 975, 976, 1123], "excluded_lines": [], "start_line": 908}, "make_faction_tools.search_in_chapter": {"executed_lines": [], "summary": {"covered_lines": 0, "num_statements": 15, "percent_covered": 0.0, "percent_covered_display": "0", "missing_lines": 15, "excluded_lines": 0, "percent_statements_covered": 0.0, "percent_statements_covered_display": "0"}, "missing_lines": [928, 929, 930, 932, 933, 934, 935, 940, 941, 942, 943, 944, 945, 946, 948], "excluded_lines": [], "start_line": 916}, "make_faction_tools.get_chapter_result": {"executed_lines": [], "summary": {"covered_lines": 0, "num_statements": 5, "percent_covered": 0.0, "percent_covered_display": "0", "missing_lines": 5, "excluded_lines": 0, "percent_statements_covered": 0.0, "percent_statements_covered_display": "0"}, "missing_lines": [964, 965, 966, 967, 968], "excluded_lines": [], "start_line": 953}, "make_faction_tools.submit_factions": {"executed_lines": [], "summary": {"covered_lines": 0, "num_statements": 61, "percent_covered": 0.0, "percent_covered_display": "0", "missing_lines": 61, "excluded_lines": 0, "percent_statements_covered": 0.0, "percent_statements_covered_display": "0"}, "missing_lines": [989, 990, 992, 993, 994, 995, 996, 997, 998, 1000, 1001, 1002, 1004, 1005, 1006, 1008, 1009, 1010, 1011, 1012, 1016, 1017, 1018, 1020, 1021, 1022, 1023, 1028, 1030, 1036, 1037, 1038, 1040, 1041, 1042, 1043, 1044, 1047, 1048, 1049, 1050, 1051, 1054, 1055, 1056, 1059, 1069, 1070, 1071, 1072, 1073, 1075, 1076, 1077, 1078, 1085, 1095, 1096, 1107, 1109, 1114], "excluded_lines": [], "start_line": 976}, "": {"executed_lines": [13, 15, 16, 17, 18, 20, 22, 23, 24, 25, 26, 27, 34, 41, 48, 49, 51, 57, 58, 65, 66, 67, 68, 69, 70, 71, 72, 73, 74, 76, 85, 90, 96, 103, 107, 133, 514, 523, 524, 527, 528, 529, 530, 531, 532, 533, 535, 539, 547, 872, 883, 884, 887, 888, 889, 890, 891, 892, 894, 898, 908], "summary": {"covered_lines": 61, "num_statements": 61, "percent_covered": 100.0, "percent_covered_display": "100", "missing_lines": 0, "excluded_lines": 0, "percent_statements_covered": 100.0, "percent_statements_covered_display": "100"}, "missing_lines": [], "excluded_lines": [], "start_line": 1}}, "classes": {"ChapterToolContext": {"executed_lines": [78, 79, 80, 81, 82, 83, 87, 88, 92, 93, 94, 98, 99, 100, 101, 105, 109, 110, 111, 112, 114, 119, 127], "summary": {"covered_lines": 23, "num_statements": 23, "percent_covered": 100.0, "percent_covered_display": "100", "missing_lines": 0, "excluded_lines": 0, "percent_statements_covered": 100.0, "percent_statements_covered_display": "100"}, "missing_lines": [], "excluded_lines": [], "start_line": 58}, "ReconcileToolContext": {"executed_lines": [537], "summary": {"covered_lines": 1, "num_statements": 5, "percent_covered": 20.0, "percent_covered_display": "20", "missing_lines": 4, "excluded_lines": 0, "percent_statements_covered": 20.0, "percent_statements_covered_display": "20"}, "missing_lines": [541, 542, 543, 544], "excluded_lines": [], "start_line": 524}, "FactionToolContext": {"executed_lines": [], "summary": {"covered_lines": 0, "num_statements": 5, "percent_covered": 0.0, "percent_covered_display": "0", "missing_lines": 5, "excluded_lines": 0, "percent_statements_covered": 0.0, "percent_statements_covered_display": "0"}, "missing_lines": [896, 900, 901, 902, 905], "excluded_lines": [], "start_line": 884}, "": {"executed_lines": [13, 15, 16, 17, 18, 20, 22, 23, 24, 25, 26, 27, 34, 41, 48, 49, 51, 57, 58, 65, 66, 67, 68, 69, 70, 71, 72, 73, 74, 76, 85, 90, 96, 103, 107, 133, 140, 141, 145, 146, 206, 207, 240, 241, 278, 279, 305, 306, 307, 308, 309, 310, 311, 313, 322, 323, 332, 333, 334, 342, 346, 347, 356, 362, 368, 374, 378, 379, 402, 403, 405, 406, 407, 409, 410, 423, 433, 434, 435, 446, 447, 457, 458, 464, 479, 480, 494, 496, 502, 504, 514, 523, 524, 527, 528, 529, 530, 531, 532, 533, 535, 539, 547, 554, 555, 559, 560, 572, 573, 600, 601, 654, 655, 678, 679, 686, 687, 688, 697, 701, 705, 706, 726, 727, 728, 729, 730, 732, 733, 735, 738, 740, 741, 742, 743, 744, 746, 747, 748, 750, 751, 752, 756, 759, 760, 761, 762, 763, 767, 768, 771, 772, 780, 781, 782, 783, 785, 787, 788, 789, 790, 797, 798, 799, 810, 811, 812, 813, 814, 821, 823, 825, 827, 830, 831, 832, 835, 836, 837, 838, 839, 840, 847, 854, 861, 863, 872, 874, 883, 884, 887, 888, 889, 890, 891, 892, 894, 898, 908], "summary": {"covered_lines": 199, "num_statements": 396, "percent_covered": 50.25252525252525, "percent_covered_display": "50", "missing_lines": 197, "excluded_lines": 0, "percent_statements_covered": 50.25252525252525, "percent_statements_covered_display": "50"}, "missing_lines": [159, 160, 164, 165, 171, 173, 174, 175, 176, 181, 184, 185, 186, 187, 188, 191, 193, 202, 218, 219, 220, 221, 226, 227, 228, 229, 230, 232, 233, 234, 236, 249, 250, 251, 261, 262, 263, 269, 274, 314, 319, 324, 329, 335, 340, 341, 343, 411, 424, 448, 449, 516, 517, 577, 579, 580, 581, 582, 587, 588, 589, 590, 591, 592, 593, 594, 596, 613, 614, 618, 619, 624, 626, 627, 628, 629, 634, 635, 636, 637, 638, 639, 641, 650, 666, 667, 668, 669, 670, 671, 731, 745, 749, 753, 764, 784, 786, 800, 801, 802, 803, 807, 808, 809, 822, 824, 828, 829, 911, 915, 916, 928, 929, 930, 932, 933, 934, 935, 940, 941, 942, 943, 944, 945, 946, 948, 952, 953, 964, 965, 966, 967, 968, 975, 976, 989, 990, 992, 993, 994, 995, 996, 997, 998, 1000, 1001, 1002, 1004, 1005, 1006, 1008, 1009, 1010, 1011, 1012, 1016, 1017, 1018, 1020, 1021, 1022, 1023, 1028, 1030, 1036, 1037, 1038, 1040, 1041, 1042, 1043, 1044, 1047, 1048, 1049, 1050, 1051, 1054, 1055, 1056, 1059, 1069, 1070, 1071, 1072, 1073, 1075, 1076, 1077, 1078, 1085, 1095, 1096, 1107, 1109, 1114, 1123], "excluded_lines": [], "start_line": 1}}}, "app\\api\\__init__.py": {"executed_lines": [], "summary": {"covered_lines": 0, "num_statements": 0, "percent_covered": 100.0, "percent_covered_display": "100", "missing_lines": 0, "excluded_lines": 0, "percent_statements_covered": 100.0, "percent_statements_covered_display": "100"}, "missing_lines": [], "excluded_lines": [], "functions": {"": {"executed_lines": [], "summary": {"covered_lines": 0, "num_statements": 0, "percent_covered": 100.0, "percent_covered_display": "100", "missing_lines": 0, "excluded_lines": 0, "percent_statements_covered": 100.0, "percent_statements_covered_display": "100"}, "missing_lines": [], "excluded_lines": [], "start_line": 1}}, "classes": {"": {"executed_lines": [], "summary": {"covered_lines": 0, "num_statements": 0, "percent_covered": 100.0, "percent_covered_display": "100", "missing_lines": 0, "excluded_lines": 0, "percent_statements_covered": 100.0, "percent_statements_covered_display": "100"}, "missing_lines": [], "excluded_lines": [], "start_line": 1}}}, "app\\api\\analysis.py": {"executed_lines": [13, 15, 16, 17, 19, 20, 21, 23, 24, 25, 26, 27, 28, 29, 30, 31, 33, 35, 38, 39, 46, 47, 80, 81, 94, 95, 219, 220, 232, 233, 248, 249, 264, 265, 275, 276, 296, 297, 326, 328, 335, 341, 347, 348, 349, 351, 358, 359, 360, 366, 367, 375, 376, 424, 425, 427, 428, 429], "summary": {"covered_lines": 58, "num_statements": 179, "percent_covered": 32.402234636871505, "percent_covered_display": "32", "missing_lines": 121, "excluded_lines": 0, "percent_statements_covered": 32.402234636871505, "percent_statements_covered_display": "32"}, "missing_lines": [58, 61, 64, 65, 71, 72, 74, 83, 84, 85, 86, 87, 88, 102, 111, 112, 113, 114, 116, 118, 119, 121, 123, 126, 127, 128, 129, 131, 132, 133, 134, 135, 136, 137, 139, 140, 141, 142, 144, 145, 151, 152, 154, 155, 164, 165, 168, 169, 170, 171, 172, 173, 174, 175, 176, 179, 180, 181, 182, 183, 184, 187, 188, 189, 190, 191, 192, 193, 194, 195, 196, 197, 198, 199, 200, 201, 203, 205, 222, 223, 224, 229, 235, 236, 237, 242, 251, 253, 254, 256, 257, 258, 267, 268, 269, 278, 279, 281, 283, 289, 290, 329, 336, 342, 369, 370, 371, 372, 385, 386, 387, 389, 390, 396, 397, 402, 403, 404, 408, 409, 415], "excluded_lines": [], "functions": {"start_analysis": {"executed_lines": [], "summary": {"covered_lines": 0, "num_statements": 7, "percent_covered": 0.0, "percent_covered_display": "0", "missing_lines": 7, "excluded_lines": 0, "percent_statements_covered": 0.0, "percent_statements_covered_display": "0"}, "missing_lines": [58, 61, 64, 65, 71, 72, 74], "excluded_lines": [], "start_line": 47}, "get_analysis_task": {"executed_lines": [], "summary": {"covered_lines": 0, "num_statements": 6, "percent_covered": 0.0, "percent_covered_display": "0", "missing_lines": 6, "excluded_lines": 0, "percent_statements_covered": 0.0, "percent_statements_covered_display": "0"}, "missing_lines": [83, 84, 85, 86, 87, 88], "excluded_lines": [], "start_line": 81}, "progress_sse": {"executed_lines": [], "summary": {"covered_lines": 0, "num_statements": 2, "percent_covered": 0.0, "percent_covered_display": "0", "missing_lines": 2, "excluded_lines": 0, "percent_statements_covered": 0.0, "percent_statements_covered_display": "0"}, "missing_lines": [102, 205], "excluded_lines": [], "start_line": 95}, "progress_sse.event_stream": {"executed_lines": [], "summary": {"covered_lines": 0, "num_statements": 61, "percent_covered": 0.0, "percent_covered_display": "0", "missing_lines": 61, "excluded_lines": 0, "percent_statements_covered": 0.0, "percent_statements_covered_display": "0"}, "missing_lines": [111, 112, 113, 114, 116, 121, 123, 126, 127, 128, 129, 131, 132, 133, 134, 135, 136, 137, 139, 140, 141, 142, 144, 145, 151, 152, 154, 155, 164, 165, 168, 169, 170, 171, 172, 173, 174, 175, 176, 179, 180, 181, 182, 183, 184, 187, 188, 189, 190, 191, 192, 193, 194, 195, 196, 197, 198, 199, 200, 201, 203], "excluded_lines": [], "start_line": 102}, "progress_sse.event_stream.encode": {"executed_lines": [], "summary": {"covered_lines": 0, "num_statements": 2, "percent_covered": 0.0, "percent_covered_display": "0", "missing_lines": 2, "exclud
[...]
quest.run": {"executed_lines": [58, 59, 60, 61, 64, 65, 66, 67, 68], "summary": {"covered_lines": 9, "num_statements": 9, "percent_covered": 100.0, "percent_covered_display": "100", "missing_lines": 0, "excluded_lines": 0, "percent_statements_covered": 100.0, "percent_statements_covered_display": "100"}, "missing_lines": [], "excluded_lines": [], "start_line": 57}, "test_token_budget_stops_after_accounted_response": {"executed_lines": [73, 82], "summary": {"covered_lines": 2, "num_statements": 2, "percent_covered": 100.0, "percent_covered_display": "100", "missing_lines": 0, "excluded_lines": 0, "percent_statements_covered": 100.0, "percent_statements_covered_display": "100"}, "missing_lines": [], "excluded_lines": [], "start_line": 72}, "test_token_budget_stops_after_accounted_response.run": {"executed_lines": [74, 75, 76, 77, 78, 79, 80, 81], "summary": {"covered_lines": 8, "num_statements": 8, "percent_covered": 100.0, "percent_covered_display": "100", "missing_lines": 0, "excluded_lines": 0, "percent_statements_covered": 100.0, "percent_statements_covered_display": "100"}, "missing_lines": [], "excluded_lines": [], "start_line": 73}, "test_long_request_emits_heartbeat": {"executed_lines": [86, 98], "summary": {"covered_lines": 2, "num_statements": 2, "percent_covered": 100.0, "percent_covered_display": "100", "missing_lines": 0, "excluded_lines": 0, "percent_statements_covered": 100.0, "percent_statements_covered_display": "100"}, "missing_lines": [], "excluded_lines": [], "start_line": 85}, "test_long_request_emits_heartbeat.run": {"executed_lines": [87, 88, 90, 93, 94, 95, 96, 97], "summary": {"covered_lines": 8, "num_statements": 8, "percent_covered": 100.0, "percent_covered_display": "100", "missing_lines": 0, "excluded_lines": 0, "percent_statements_covered": 100.0, "percent_statements_covered_display": "100"}, "missing_lines": [], "excluded_lines": [], "start_line": 86}, "test_long_request_emits_heartbeat.run.sink": {"executed_lines": [89], "summary": {"covered_lines": 1, "num_statements": 1, "percent_covered": 100.0, "percent_covered_display": "100", "missing_lines": 0, "excluded_lines": 0, "percent_statements_covered": 100.0, "percent_statements_covered_display": "100"}, "missing_lines": [], "excluded_lines": [], "start_line": 88}, "test_llm_control_counts_message_characters_per_request": {"executed_lines": [102, 120], "summary": {"covered_lines": 2, "num_statements": 2, "percent_covered": 100.0, "percent_covered_display": "100", "missing_lines": 0, "excluded_lines": 0, "percent_statements_covered": 100.0, "percent_statements_covered_display": "100"}, "missing_lines": [], "excluded_lines": [], "start_line": 101}, "test_llm_control_counts_message_characters_per_request.run": {"executed_lines": [103, 105, 108, 111, 112, 114, 115, 116, 117, 118], "summary": {"covered_lines": 10, "num_statements": 10, "percent_covered": 100.0, "percent_covered_display": "100", "missing_lines": 0, "excluded_lines": 0, "percent_statements_covered": 100.0, "percent_statements_covered_display": "100"}, "missing_lines": [], "excluded_lines": [], "start_line": 102}, "test_llm_control_counts_message_characters_per_request.run.sink": {"executed_lines": [106], "summary": {"covered_lines": 1, "num_statements": 1, "percent_covered": 100.0, "percent_covered_display": "100", "missing_lines": 0, "excluded_lines": 0, "percent_statements_covered": 100.0, "percent_statements_covered_display": "100"}, "missing_lines": [], "excluded_lines": [], "start_line": 105}, "_make_book": {"executed_lines": [124, 125, 126, 127, 128, 129], "summary": {"covered_lines": 6, "num_statements": 6, "percent_covered": 100.0, "percent_covered_display": "100", "missing_lines": 0, "excluded_lines": 0, "percent_statements_covered": 100.0, "percent_statements_covered_display": "100"}, "missing_lines": [], "excluded_lines": [], "start_line": 123}, "test_multiple_subscribers_receive_same_event": {"executed_lines": [133, 144], "summary": {"covered_lines": 2, "num_statements": 2, "percent_covered": 100.0, "percent_covered_display": "100", "missing_lines": 0, "excluded_lines": 0, "percent_statements_covered": 100.0, "percent_statements_covered_display": "100"}, "missing_lines": [], "excluded_lines": [], "start_line": 132}, "test_multiple_subscribers_receive_same_event.run": {"executed_lines": [134, 135, 136, 137, 138, 139, 140, 141, 142, 143], "summary": {"covered_lines": 10, "num_statements": 10, "percent_covered": 100.0, "percent_covered_display": "100", "missing_lines": 0, "excluded_lines": 0, "percent_statements_covered": 100.0, "percent_statements_covered_display": "100"}, "missing_lines": [], "excluded_lines": [], "start_line": 133}, "test_failed_chapter_retry_is_deduplicated_and_finishes": {"executed_lines": [148, 187], "summary": {"covered_lines": 2, "num_statements": 2, "percent_covered": 100.0, "percent_covered_display": "100", "missing_lines": 0, "excluded_lines": 0, "percent_statements_covered": 100.0, "percent_statements_covered_display": "100"}, "missing_lines": [], "excluded_lines": [], "start_line": 147}, "test_failed_chapter_retry_is_deduplicated_and_finishes.run": {"executed_lines": [149, 150, 152, 161, 162, 163, 164, 165, 166, 167, 168, 169, 170, 171, 172, 173, 174, 175, 176, 177, 178, 179, 180, 181, 182, 183, 184, 185, 186], "summary": {"covered_lines": 29, "num_statements": 29, "percent_covered": 100.0, "percent_covered_display": "100", "missing_lines": 0, "excluded_lines": 0, "percent_statements_covered": 100.0, "percent_statements_covered_display": "100"}, "missing_lines": [], "excluded_lines": [], "start_line": 148}, "test_failed_chapter_retry_is_deduplicated_and_finishes.run.fake_agent": {"executed_lines": [154, 155, 156, 157, 158, 159], "summary": {"covered_lines": 6, "num_statements": 6, "percent_covered": 100.0, "percent_covered_display": "100", "missing_lines": 0, "excluded_lines": 0, "percent_statements_covered": 100.0, "percent_statements_covered_display": "100"}, "missing_lines": [], "excluded_lines": [], "start_line": 152}, "test_skip_failed_produces_partial_result": {"executed_lines": [191, 216], "summary": {"covered_lines": 2, "num_statements": 2, "percent_covered": 100.0, "percent_covered_display": "100", "missing_lines": 0, "excluded_lines": 0, "percent_statements_covered": 100.0, "percent_statements_covered_display": "100"}, "missing_lines": [], "excluded_lines": [], "start_line": 190}, "test_skip_failed_produces_partial_result.run": {"executed_lines": [192, 194, 201, 202, 203, 204, 205, 206, 207, 208, 209, 210, 211, 212, 213, 214, 215], "summary": {"covered_lines": 17, "num_statements": 17, "percent_covered": 100.0, "percent_covered_display": "100", "missing_lines": 0, "excluded_lines": 0, "percent_statements_covered": 100.0, "percent_statements_covered_display": "100"}, "missing_lines": [], "excluded_lines": [], "start_line": 191}, "test_skip_failed_produces_partial_result.run.fake_agent": {"executed_lines": [195, 196, 197, 198, 199], "summary": {"covered_lines": 5, "num_statements": 5, "percent_covered": 100.0, "percent_covered_display": "100", "missing_lines": 0, "excluded_lines": 0, "percent_statements_covered": 100.0, "percent_statements_covered_display": "100"}, "missing_lines": [], "excluded_lines": [], "start_line": 194}, "test_backend_restart_marks_stale_task_interrupted": {"executed_lines": [220, 240], "summary": {"covered_lines": 2, "num_statements": 2, "percent_covered": 100.0, "percent_covered_display": "100", "missing_lines": 0, "excluded_lines": 0, "percent_statements_covered": 100.0, "percent_statements_covered_display": "100"}, "missing_lines": [], "excluded_lines": [], "start_line": 219}, "test_backend_restart_marks_stale_task_interrupted.run": {"executed_lines": [221, 222, 223, 224, 225, 232, 233, 234, 235, 236, 237, 238, 239], "summary": {"covered_lines": 13, "num_statements": 13, "percent_covered": 100.0, "percent_covered_display": "100", "missing_lines": 0, "excluded_lines": 0, "percent_statements_covered": 100.0, "percent_statements_covered_display": "100"}, "missing_lines": [], "excluded_lines": [], "start_line": 220}, "_novel_relation": {"executed_lines": [244], "summary": {"covered_lines": 1, "num_statements": 1, "percent_covered": 100.0, "percent_covered_display": "100", "missing_lines": 0, "excluded_lines": 0, "percent_statements_covered": 100.0, "percent_statements_covered_display": "100"}, "missing_lines": [], "excluded_lines": [], "start_line": 243}, "test_identical_relation_descriptions_use_one_normalization_candidate": {"executed_lines": [253, 254, 256, 259, 263, 264, 265, 266, 269, 270, 271], "summary": {"covered_lines": 11, "num_statements": 11, "percent_covered": 100.0, "percent_covered_display": "100", "missing_lines": 0, "excluded_lines": 0, "percent_statements_covered": 100.0, "percent_statements_covered_display": "100"}, "missing_lines": [], "excluded_lines": [], "start_line": 252}, "test_identical_relation_descriptions_use_one_normalization_candidate.Structured.__init__": {"executed_lines": [255], "summary": {"covered_lines": 1, "num_statements": 1, "percent_covered": 100.0, "percent_covered_display": "100", "missing_lines": 0, "excluded_lines": 0, "percent_statements_covered": 100.0, "percent_statements_covered_display": "100"}, "missing_lines": [], "excluded_lines": [], "start_line": 254}, "test_identical_relation_descriptions_use_one_normalization_candidate.Structured.invoke": {"executed_lines": [257, 258], "summary": {"covered_lines": 2, "num_statements": 2, "percent_covered": 100.0, "percent_covered_display": "100", "missing_lines": 0, "excluded_lines": 0, "percent_statements_covered": 100.0, "percent_statements_covered_display": "100"}, "missing_lines": [], "excluded_lines": [], "start_line": 256}, "test_identical_relation_descriptions_use_one_normalization_candidate.Base.__init__": {"executed_lines": [260], "summary": {"covered_lines": 1, "num_statements": 1, "percent_covered": 100.0, "percent_covered_display": "100", "missing_lines": 0, "excluded_lines": 0, "percent_statements_covered": 100.0, "percent_statements_covered_display": "100"}, "missing_lines": [], "excluded_lines": [], "start_line": 260}, "test_identical_relation_descriptions_use_one_normalization_candidate.Base.with_structured_output": {"executed_lines": [261], "summary": {"covered_lines": 1, "num_statements": 1, "percent_covered": 100.0, "percent_covered_display": "100", "missing_lines": 0, "excluded_lines": 0, "percent_statements_covered": 100.0, "percent_statements_covered_display": "100"}, "missing_lines": [], "excluded_lines": [], "start_line": 261}, "test_verification_batches_have_global_concurrency_limit": {"executed_lines": [275, 276, 277, 278, 280, 281, 297, 301, 302, 303, 304, 305, 306, 307, 308, 309, 310, 311, 312, 313, 314, 315], "summary": {"covered_lines": 22, "num_statements": 22, "percent_covered": 100.0, "percent_covered_display": "100", "missing_lines": 0, "excluded_lines": 0, "percent_statements_covered": 100.0, "percent_statements_covered_display": "100"}, "missing_lines": [], "excluded_lines": [], "start_line": 274}, "test_verification_batches_have_global_concurrency_limit.Structured.invoke": {"executed_lines": [283, 284, 285, 286, 287, 288, 289, 290, 291], "summary": {"covered_lines": 9, "num_statements": 9, "percent_covered": 100.0, "percent_covered_display": "100", "missing_lines": 0, "excluded_lines": 0, "percent_statements_covered": 100.0, "percent_statements_covered_display": "100"}, "missing_lines": [], "excluded_lines": [], "start_line": 281}, "test_verification_batches_have_global_concurrency_limit.Base.__init__": {"executed_lines": [298], "summary": {"covered_lines": 1, "num_statements": 1, "percent_covered": 100.0, "percent_covered_display": "100", "missing_lines": 0, "excluded_lines": 0, "percent_statements_covered": 100.0, "percent_statements_covered_display": "100"}, "missing_lines": [], "excluded_lines": [], "start_line": 298}, "test_verification_batches_have_global_concurrency_limit.Base.with_structured_output": {"executed_lines": [299], "summary": {"covered_lines": 1, "num_statements": 1, "percent_covered": 100.0, "percent_covered_display": "100", "missing_lines": 0, "excluded_lines": 0, "percent_statements_covered": 100.0, "percent_statements_covered_display": "100"}, "missing_lines": [], "excluded_lines": [], "start_line": 299}, "_write_interrupted_resume_fixture": {"executed_lines": [319, 320, 321, 322, 323, 324, 325, 326, 327, 328, 329], "summary": {"covered_lines": 11, "num_statements": 11, "percent_covered": 100.0, "percent_covered_display": "100", "missing_lines": 0, "excluded_lines": 0, "percent_statements_covered": 100.0, "percent_statements_covered_display": "100"}, "missing_lines": [], "excluded_lines": [], "start_line": 318}, "test_restart_resume_reuses_unchanged_finished_extraction": {"executed_lines": [343, 366], "summary": {"covered_lines": 2, "num_statements": 2, "percent_covered": 100.0, "percent_covered_display": "100", "missing_lines": 0, "excluded_lines": 0, "percent_statements_covered": 100.0, "percent_statements_covered_display": "100"}, "missing_lines": [], "excluded_lines": [], "start_line": 342}, "test_restart_resume_reuses_unchanged_finished_extraction.run": {"executed_lines": [344, 345, 346, 348, 354, 355, 356, 357, 358, 359, 360, 361, 362, 363, 364, 365], "summary": {"covered_lines": 16, "num_statements": 16, "percent_covered": 100.0, "percent_covered_display": "100", "missing_lines": 0, "excluded_lines": 0, "percent_statements_covered": 100.0, "percent_statements_covered_display": "100"}, "missing_lines": [], "excluded_lines": [], "start_line": 343}, "test_restart_resume_reuses_unchanged_finished_extraction.run.fake_agent": {"executed_lines": [349, 350, 351, 352], "summary": {"covered_lines": 4, "num_statements": 4, "percent_covered": 100.0, "percent_covered_display": "100", "missing_lines": 0, "excluded_lines": 0, "percent_statements_covered": 100.0, "percent_statements_covered_display": "100"}, "missing_lines": [], "excluded_lines": [], "start_line": 348}, "test_restart_resume_invalidates_changed_chapter_input": {"executed_lines": [370, 394], "summary": {"covered_lines": 2, "num_statements": 2, "percent_covered": 100.0, "percent_covered_display": "100", "missing_lines": 0, "excluded_lines": 0, "percent_statements_covered": 100.0, "percent_statements_covered_display": "100"}, "missing_lines": [], "excluded_lines": [], "start_line": 369}, "test_restart_resume_invalidates_changed_chapter_input.run": {"executed_lines": [371, 372, 373, 374, 375, 376, 378, 384, 385, 386, 387, 388, 389, 390, 391, 392, 393], "summary": {"covered_lines": 17, "num_statements": 17, "percent_covered": 100.0, "percent_covered_display": "100", "missing_lines": 0, "excluded_lines": 0, "percent_statements_covered": 100.0, "percent_statements_covered_display": "100"}, "missing_lines": [], "excluded_lines": [], "start_line": 370}, "test_restart_resume_invalidates_changed_chapter_input.run.fake_agent": {"executed_lines": [379, 380, 381, 382], "summary": {"covered_lines": 4, "num_statements": 4, "percent_covered": 100.0, "percent_covered_display": "100", "missing_lines": 0, "excluded_lines": 0, "percent_statements_covered": 100.0, "percent_statements_covered_display": "100"}, "missing_lines": [], "excluded_lines": [], "start_line": 378}, "": {"executed_lines": [2, 4, 5, 6, 7, 8, 10, 12, 13, 14, 15, 16, 17, 18, 19, 20, 21, 24, 25, 33, 34, 38, 43, 56, 72, 85, 101, 123, 132, 147, 190, 219, 243, 252, 274, 318, 342, 369], "summary": {"covered_lines": 38, "num_statements": 38, "percent_covered": 100.0, "percent_covered_display": "100", "missing_lines": 0, "excluded_lines": 0, "percent_statements_covered": 100.0, "percent_statements_covered_display": "100"}, "missing_lines": [], "excluded_lines": [], "start_line": 1}}, "classes": {"_Response": {"executed_lines": [26], "summary": {"covered_lines": 1, "num_statements": 1, "percent_covered": 100.0, "percent_covered_display": "100", "missing_lines": 0, "excluded_lines": 0, "percent_statements_covered": 100.0, "percent_statements_covered_display": "100"}, "missing_lines": [], "excluded_lines": [], "start_line": 24}, "_Model": {"executed_lines": [35, 36, 39, 40], "summary": {"covered_lines": 4, "num_statements": 4, "percent_covered": 100.0, "percent_covered_display": "100", "missing_lines": 0, "excluded_lines": 0, "percent_statements_covered": 100.0, "percent_statements_covered_display": "100"}, "missing_lines": [], "excluded_lines": [], "start_line": 33}, "test_identical_relation_descriptions_use_one_normalization_candidate.Structured": {"executed_lines": [255, 257, 258], "summary": {"covered_lines": 3, "num_statements": 3, "percent_covered": 100.0, "percent_covered_display": "100", "missing_lines": 0, "excluded_lines": 0, "percent_statements_covered": 100.0, "percent_statements_covered_display": "100"}, "missing_lines": [], "excluded_lines": [], "start_line": 253}, "test_identical_relation_descriptions_use_one_normalization_candidate.Base": {"executed_lines": [260, 261], "summary": {"covered_lines": 2, "num_statements": 2, "percent_covered": 100.0, "percent_covered_display": "100", "missing_lines": 0, "excluded_lines": 0, "percent_statements_covered": 100.0, "percent_statements_covered_display": "100"}, "missing_lines": [], "excluded_lines": [], "start_line": 259}, "test_verification_batches_have_global_concurrency_limit.Structured": {"executed_lines": [283, 284, 285, 286, 287, 288, 289, 290, 291], "summary": {"covered_lines": 9, "num_statements": 9, "percent_covered": 100.0, "percent_covered_display": "100", "missing_lines": 0, "excluded_lines": 0, "percent_statements_covered": 100.0, "percent_statements_covered_display": "100"}, "missing_lines": [], "excluded_lines": [], "start_line": 280}, "test_verification_batches_have_global_concurrency_limit.Base": {"executed_lines": [298, 299], "summary": {"covered_lines": 2, "num_statements": 2, "percent_covered": 100.0, "percent_covered_display": "100", "missing_lines": 0, "excluded_lines": 0, "percent_statements_covered": 100.0, "percent_statements_covered_display": "100"}, "missing_lines": [], "excluded_lines": [], "start_line": 297}, "": {"executed_lines": [2, 4, 5, 6, 7, 8, 10, 12, 13, 14, 15, 16, 17, 18, 19, 20, 21, 24, 25, 33, 34, 38, 43, 44, 45, 46, 47, 48, 49, 50, 51, 52, 53, 56, 57, 58, 59, 60, 61, 64, 65, 66, 67, 68, 69, 72, 73, 74, 75, 76, 77, 78, 79, 80, 81, 82, 85, 86, 87, 88, 89, 90, 93, 94, 95, 96, 97, 98, 101, 102, 103, 105, 106, 108, 111, 112, 114, 115, 116, 117, 118, 120, 123, 124, 125, 126, 127, 128, 129, 132, 133, 134, 135, 136, 137, 138, 139, 140, 141, 142, 143, 144, 147, 148, 149, 150, 152, 154, 155, 156, 157, 158, 159, 161, 162, 163, 164, 165, 166, 167, 168, 169, 170, 171, 172, 173, 174, 175, 176, 177, 178, 179, 180, 181, 182, 183, 184, 185, 186, 187, 190, 191, 192, 194, 195, 196, 197, 198, 199, 201, 202, 203, 204, 205, 206, 207, 208, 209, 210, 211, 212, 213, 214, 215, 216, 219, 220, 221, 222, 223, 224, 225, 232, 233, 234, 235, 236, 237, 238, 239, 240, 243, 244, 252, 253, 254, 256, 259, 263, 264, 265, 266, 269, 270, 271, 274, 275, 276, 277, 278, 280, 281, 297, 301, 302, 303, 304, 305, 306, 307, 308, 309, 310, 311, 312, 313, 314, 315, 318, 319, 320, 321, 322, 323, 324, 325, 326, 327, 328, 329, 342, 343, 344, 345, 346, 348, 349, 350, 351, 352, 354, 355, 356, 357, 358, 359, 360, 361, 362, 363, 364, 365, 366, 369, 370, 371, 372, 373, 374, 375, 376, 378, 379, 380, 381, 382, 384, 385, 386, 387, 388, 389, 390, 391, 392, 393, 394], "summary": {"covered_lines": 277, "num_statements": 277, "percent_covered": 100.0, "percent_covered_display": "100", "missing_lines": 0, "excluded_lines": 0, "percent_statements_covered": 100.0, "percent_statements_covered_display": "100"}, "missing_lines": [], "excluded_lines": [], "start_line": 1}}}}, "totals": {"covered_lines": 5082, "num_statements": 6084, "percent_covered": 83.53057199211045, "percent_covered_display": "84", "missing_lines": 1002, "excluded_lines": 0, "percent_statements_covered": 83.53057199211045, "percent_statements_covered_display": "84"}}